<?xml version="1.0" encoding="UTF-8" ?>
<testsuite errors="0" failures="0" hostname="Herzog-Surface" name="at.fhooe.swe4.lab3.test.hamming.HammingTest" skipped="0" tests="3" time="0.964" timestamp="2015-04-16T06:23:58">
  <properties>
    <property name="java.vendor" value="Oracle Corporation" />
    <property name="sun.java.launcher" value="SUN_STANDARD" />
    <property name="sun.management.compiler" value="HotSpot 64-Bit Tiered Compilers" />
    <property name="output-test-jar" value="Herzog_Thomas_Test.jar" />
    <property name="lib" value="lib" />
    <property name="os.name" value="Windows 8.1" />
    <property name="sun.boot.class.path" value="C:\Program Files\Java\jdk1.8.0_40\jre\lib\resources.jar;C:\Program Files\Java\jdk1.8.0_40\jre\lib\rt.jar;C:\Program Files\Java\jdk1.8.0_40\jre\lib\sunrsasign.jar;C:\Program Files\Java\jdk1.8.0_40\jre\lib\jsse.jar;C:\Program Files\Java\jdk1.8.0_40\jre\lib\jce.jar;C:\Program Files\Java\jdk1.8.0_40\jre\lib\charsets.jar;C:\Program Files\Java\jdk1.8.0_40\jre\lib\jfr.jar;C:\Program Files\Java\jdk1.8.0_40\jre\classes" />
    <property name="ant.file.type.HammingAndSorters" value="file" />
    <property name="ant.file.HammingAndSorters" value="C:\Users\Thomas\Git Repositories\Github\FH-Hagenberg\Java\Semester 4\20150425_hands_on_3\eclipse\HammingList\build.xml" />
    <property name="sun.desktop" value="windows" />
    <property name="junit-report" value="doc/junit-report" />
    <property name="java.vm.specification.vendor" value="Oracle Corporation" />
    <property name="ant.home" value="C:\Users\Thomas\Applications\eclipse-luna\plugins\org.apache.ant_1.9.2.v201404171502" />
    <property name="java.runtime.version" value="1.8.0_40-b26" />
    <property name="user.name" value="Thomas" />
    <property name="user.language" value="en" />
    <property name="sun.boot.library.path" value="C:\Program Files\Java\jdk1.8.0_40\jre\bin" />
    <property name="ant.project.default-target" value="compile" />
    <property name="ant.project.name" value="HammingAndSorters" />
    <property name="java.version" value="1.8.0_40" />
    <property name="user.timezone" value="GMT+02:00" />
    <property name="sun.arch.data.model" value="64" />
    <property name="java.endorsed.dirs" value="C:\Program Files\Java\jdk1.8.0_40\jre\lib\endorsed" />
    <property name="sun.cpu.isalist" value="amd64" />
    <property name="sun.jnu.encoding" value="Cp1252" />
    <property name="file.encoding.pkg" value="sun.io" />
    <property name="file.separator" value="\" />
    <property name="java.specification.name" value="Java Platform API Specification" />
    <property name="java.class.version" value="52.0" />
    <property name="src" value="src/main/java" />
    <property name="user.country" value="US" />
    <property name="java.home" value="C:\Program Files\Java\jdk1.8.0_40\jre" />
    <property name="java.vm.info" value="mixed mode" />
    <property name="ant.file" value="C:\Users\Thomas\Git Repositories\Github\FH-Hagenberg\Java\Semester 4\20150425_hands_on_3\eclipse\HammingList\build.xml" />
    <property name="os.version" value="6.3" />
    <property name="path.separator" value=";" />
    <property name="java.vm.version" value="25.40-b25" />
    <property name="user.variant" value="" />
    <property name="ant.library.dir" value="C:\Users\Thomas\Applications\eclipse-luna\plugins\org.apache.ant_1.9.2.v201404171502\lib" />
    <property name="java.awt.printerjob" value="sun.awt.windows.WPrinterJob" />
    <property name="sun.io.unicode.encoding" value="UnicodeLittle" />
    <property name="awt.toolkit" value="sun.awt.windows.WToolkit" />
    <property name="user.script" value="" />
    <property name="main.class" value="HelloWorld" />
    <property name="user.home" value="C:\Users\Thomas" />
    <property name="output-jar" value="Herzog_Thomas.jar" />
    <property name="target" value="target/classes" />
    <property name="java.specification.vendor" value="Oracle Corporation" />
    <property name="java.library.path" value="C:\Program Files\Java\jdk1.8.0_40\jre\bin;C:\windows\Sun\Java\bin;C:\windows\system32;C:\windows;C:/Program Files/Java/jre1.8.0_40/bin/server;C:/Program Files/Java/jre1.8.0_40/bin;C:/Program Files/Java/jre1.8.0_40/lib/amd64;C:\ProgramData\Oracle\Java\javapath;C:\windows\system32;C:\windows;C:\windows\System32\Wbem;C:\windows\System32\WindowsPowerShell\v1.0\;C:\Program Files\TortoiseGit\bin;C:\Program Files\Java\jdk1.8.0_40\bin;C:\windows\SysWOW64\;C:\Program Files (x86)\MiKTeX 2.9\miktex\bin\;C:\Users\Thomas\Applications\eclipse-luna;;." />
    <property name="java.vendor.url" value="http://java.oracle.com/" />
    <property name="java.vm.vendor" value="Oracle Corporation" />
    <property name="java.runtime.name" value="Java(TM) SE Runtime Environment" />
    <property name="sun.java.command" value="org.apache.tools.ant.taskdefs.optional.junit.JUnitTestRunner at.fhooe.swe4.lab3.test.hamming.HammingTest filtertrace=true haltOnError=true haltOnFailure=true formatter=org.apache.tools.ant.taskdefs.optional.junit.SummaryJUnitResultFormatter showoutput=false outputtoformatters=true logfailedtests=true logtestlistenerevents=false formatter=org.apache.tools.ant.taskdefs.optional.junit.XMLJUnitResultFormatter,C:\Users\Thomas\Git Repositories\Github\FH-Hagenberg\Java\Semester 4\20150425_hands_on_3\eclipse\HammingList\doc\junit-report\TEST-at.fhooe.swe4.lab3.test.hamming.HammingTest.xml crashfile=C:\Users\Thomas\Git Repositories\Github\FH-Hagenberg\Java\Semester 4\20150425_hands_on_3\eclipse\HammingList\junitvmwatcher7620467682489653839.properties propsfile=C:\Users\Thomas\Git Repositories\Github\FH-Hagenberg\Java\Semester 4\20150425_hands_on_3\eclipse\HammingList\junit5310623124594886519.properties" />
    <property name="java.class.path" value="C:\Users\Thomas\Git Repositories\Github\FH-Hagenberg\Java\Semester 4\20150425_hands_on_3\eclipse\HammingList\lib\Herzog_Thomas.jar;C:\Users\Thomas\Git Repositories\Github\FH-Hagenberg\Java\Semester 4\20150425_hands_on_3\eclipse\HammingList\lib\ant-junit-1.9.4.jar;C:\Users\Thomas\Git Repositories\Github\FH-Hagenberg\Java\Semester 4\20150425_hands_on_3\eclipse\HammingList\lib\commons-collections4-4.0-sources.jar;C:\Users\Thomas\Git Repositories\Github\FH-Hagenberg\Java\Semester 4\20150425_hands_on_3\eclipse\HammingList\lib\commons-collections4-4.0.jar;C:\Users\Thomas\Git Repositories\Github\FH-Hagenberg\Java\Semester 4\20150425_hands_on_3\eclipse\HammingList\lib\commons-lang3-3.3.2.jar;C:\Users\Thomas\Git Repositories\Github\FH-Hagenberg\Java\Semester 4\20150425_hands_on_3\eclipse\HammingList\lib\hamcrest-core-1.3-sources.jar;C:\Users\Thomas\Git Repositories\Github\FH-Hagenberg\Java\Semester 4\20150425_hands_on_3\eclipse\HammingList\lib\hamcrest-core-1.3.jar;C:\Users\Thomas\Git Repositories\Github\FH-Hagenberg\Java\Semester 4\20150425_hands_on_3\eclipse\HammingList\lib\junit-4.12-sources.jar;C:\Users\Thomas\Git Repositories\Github\FH-Hagenberg\Java\Semester 4\20150425_hands_on_3\eclipse\HammingList\lib\junit.jar;C:\Users\Thomas\Git Repositories\Github\FH-Hagenberg\Java\Semester 4\20150425_hands_on_3\eclipse\HammingList\target\test-classes\Herzog_Thomas_Test.jar;C:\Users\Thomas\Applications\eclipse-luna\plugins\org.apache.ant_1.9.2.v201404171502\lib\ant-launcher.jar;C:\Users\Thomas\Applications\eclipse-luna\plugins\org.apache.ant_1.9.2.v201404171502\lib\ant.jar;C:\Users\Thomas\Applications\eclipse-luna\plugins\org.apache.ant_1.9.2.v201404171502\lib\ant-junit.jar;C:\Users\Thomas\Applications\eclipse-luna\plugins\org.apache.ant_1.9.2.v201404171502\lib\ant-junit4.jar" />
    <property name="ant.version" value="Apache Ant(TM) version 1.9.2 compiled on July 8 2013" />
    <property name="java.vm.specification.name" value="Java Virtual Machine Specification" />
    <property name="java.vm.specification.version" value="1.8" />
    <property name="target-test" value="target/test-classes" />
    <property name="sun.cpu.endian" value="little" />
    <property name="sun.os.patch.level" value="" />
    <property name="java.io.tmpdir" value="C:\Users\Thomas\AppData\Local\Temp\" />
    <property name="java.vendor.url.bug" value="http://bugreport.sun.com/bugreport/" />
    <property name="os.arch" value="amd64" />
    <property name="java.awt.graphicsenv" value="sun.awt.Win32GraphicsEnvironment" />
    <property name="java.ext.dirs" value="C:\Program Files\Java\jdk1.8.0_40\jre\lib\ext;C:\windows\Sun\Java\lib\ext" />
    <property name="user.dir" value="C:\Users\Thomas\Git Repositories\Github\FH-Hagenberg\Java\Semester 4\20150425_hands_on_3\eclipse\HammingList" />
    <property name="line.separator" value="&#xd;&#xa;" />
    <property name="java.vm.name" value="Java HotSpot(TM) 64-Bit Server VM" />
    <property name="basedir" value="C:\Users\Thomas\Git Repositories\Github\FH-Hagenberg\Java\Semester 4\20150425_hands_on_3\eclipse\HammingList" />
    <property name="ant.java.version" value="1.8" />
    <property name="ant.core.lib" value="C:\Users\Thomas\Applications\eclipse-luna\plugins\org.apache.ant_1.9.2.v201404171502\lib\ant.jar" />
    <property name="file.encoding" value="Cp1252" />
    <property name="src-test" value="src/test/java" />
    <property name="java.specification.version" value="1.8" />
    <property name="ant.project.invoked-targets" value="junit" />
  </properties>
  <testcase classname="at.fhooe.swe4.lab3.test.hamming.HammingTest" name="test_invalid_count_negativ" time="0.0" />
  <testcase classname="at.fhooe.swe4.lab3.test.hamming.HammingTest" name="test_invalid_count_zeor" time="0.0" />
  <testcase classname="at.fhooe.swe4.lab3.test.hamming.HammingTest" name="test_caluclation" time="0.904" />
  <system-out><![CDATA[----------------------------------------------------------------
Spend time in millis: '0' for '10' hamming numbers (including sorting)
----------------------------------------------------------------
1: 1
2: 2
3: 3
4: 4
5: 5
6: 6
7: 8
8: 9
9: 10
10: 12
----------------------------------------------------------------
----------------------------------------------------------------
Spend time in millis: '0' for '100' hamming numbers (including sorting)
----------------------------------------------------------------
1: 1
2: 2
3: 3
4: 4
5: 5
6: 6
7: 8
8: 9
9: 10
10: 12
11: 15
12: 16
13: 18
14: 20
15: 24
16: 25
17: 27
18: 30
19: 32
20: 36
21: 40
22: 45
23: 48
24: 50
25: 54
26: 60
27: 64
28: 72
29: 75
30: 80
31: 81
32: 90
33: 96
34: 100
35: 108
36: 120
37: 125
38: 128
39: 135
40: 144
41: 150
42: 160
43: 162
44: 180
45: 192
46: 200
47: 216
48: 225
49: 240
50: 243
51: 250
52: 270
53: 288
54: 300
55: 320
56: 324
57: 360
58: 375
59: 400
60: 405
61: 432
62: 450
63: 480
64: 486
65: 500
66: 540
67: 600
68: 625
69: 648
70: 675
71: 720
72: 729
73: 750
74: 800
75: 810
76: 900
77: 972
78: 1000
79: 1080
80: 1125
81: 1200
82: 1215
83: 1250
84: 1350
85: 1500
86: 1620
87: 1800
88: 1875
89: 2000
90: 2025
91: 2250
92: 2500
93: 2700
94: 3000
95: 3125
96: 3375
97: 3750
98: 4500
99: 5000
100: 5625
...
100: 5625
----------------------------------------------------------------
----------------------------------------------------------------
Spend time in millis: '20' for '1000' hamming numbers (including sorting)
----------------------------------------------------------------
1: 1
2: 2
3: 3
4: 4
5: 5
6: 6
7: 8
8: 9
9: 10
10: 12
11: 15
12: 16
13: 18
14: 20
15: 24
16: 25
17: 27
18: 30
19: 32
20: 36
21: 40
22: 45
23: 48
24: 50
25: 54
26: 60
27: 64
28: 72
29: 75
30: 80
31: 81
32: 90
33: 96
34: 100
35: 108
36: 120
37: 125
38: 128
39: 135
40: 144
41: 150
42: 160
43: 162
44: 180
45: 192
46: 200
47: 216
48: 225
49: 240
50: 243
51: 250
52: 256
53: 270
54: 288
55: 300
56: 320
57: 324
58: 360
59: 375
60: 384
61: 400
62: 405
63: 432
64: 450
65: 480
66: 486
67: 500
68: 512
69: 540
70: 576
71: 600
72: 625
73: 640
74: 648
75: 675
76: 720
77: 729
78: 750
79: 768
80: 800
81: 810
82: 864
83: 900
84: 960
85: 972
86: 1000
87: 1024
88: 1080
89: 1125
90: 1152
91: 1200
92: 1215
93: 1250
94: 1280
95: 1296
96: 1350
97: 1440
98: 1458
99: 1500
100: 1536
101: 1600
102: 1620
103: 1728
104: 1800
105: 1875
106: 1920
107: 1944
108: 2000
109: 2025
110: 2048
111: 2160
112: 2187
113: 2250
114: 2304
115: 2400
116: 2430
117: 2500
118: 2560
119: 2592
120: 2700
121: 2880
122: 2916
123: 3000
124: 3072
125: 3125
126: 3200
127: 3240
128: 3375
129: 3456
130: 3600
131: 3645
132: 3750
133: 3840
134: 3888
135: 4000
136: 4050
137: 4096
138: 4320
139: 4374
140: 4500
141: 4608
142: 4800
143: 4860
144: 5000
145: 5120
146: 5184
147: 5400
148: 5625
149: 5760
150: 5832
151: 6000
152: 6075
153: 6144
154: 6250
155: 6400
156: 6480
157: 6561
158: 6750
159: 6912
160: 7200
161: 7290
162: 7500
163: 7680
164: 7776
165: 8000
166: 8100
167: 8192
168: 8640
169: 8748
170: 9000
171: 9216
172: 9375
173: 9600
174: 9720
175: 10000
176: 10125
177: 10240
178: 10368
179: 10800
180: 10935
181: 11250
182: 11520
183: 11664
184: 12000
185: 12150
186: 12288
187: 12500
188: 12800
189: 12960
190: 13122
191: 13500
192: 13824
193: 14400
194: 14580
195: 15000
196: 15360
197: 15552
198: 15625
199: 16000
200: 16200
201: 16384
202: 16875
203: 17280
204: 17496
205: 18000
206: 18225
207: 18432
208: 18750
209: 19200
210: 19440
211: 19683
212: 20000
213: 20250
214: 20480
215: 20736
216: 21600
217: 21870
218: 22500
219: 23040
220: 23328
221: 24000
222: 24300
223: 24576
224: 25000
225: 25600
226: 25920
227: 26244
228: 27000
229: 27648
230: 28125
231: 28800
232: 29160
233: 30000
234: 30375
235: 30720
236: 31104
237: 31250
238: 32000
239: 32400
240: 32768
241: 32805
242: 33750
243: 34560
244: 34992
245: 36000
246: 36450
247: 36864
248: 37500
249: 38400
250: 38880
251: 39366
252: 40000
253: 40500
254: 40960
255: 41472
256: 43200
257: 43740
258: 45000
259: 46080
260: 46656
261: 46875
262: 48000
263: 48600
264: 49152
265: 50000
266: 50625
267: 51200
268: 51840
269: 52488
270: 54000
271: 54675
272: 55296
273: 56250
274: 57600
275: 58320
276: 59049
277: 60000
278: 60750
279: 61440
280: 62208
281: 62500
282: 64000
283: 64800
284: 65536
285: 65610
286: 67500
287: 69120
288: 69984
289: 72000
290: 72900
291: 73728
292: 75000
293: 76800
294: 77760
295: 78125
296: 78732
297: 80000
298: 81000
299: 81920
300: 82944
301: 84375
302: 86400
303: 87480
304: 90000
305: 91125
306: 92160
307: 93312
308: 93750
309: 96000
310: 97200
311: 98304
312: 98415
313: 100000
314: 101250
315: 102400
316: 103680
317: 104976
318: 108000
319: 109350
320: 110592
321: 112500
322: 115200
323: 116640
324: 118098
325: 120000
326: 121500
327: 122880
328: 124416
329: 125000
330: 128000
331: 129600
332: 131072
333: 131220
334: 135000
335: 138240
336: 139968
337: 140625
338: 144000
339: 145800
340: 147456
341: 150000
342: 151875
343: 153600
344: 155520
345: 156250
346: 157464
347: 160000
348: 162000
349: 163840
350: 164025
351: 165888
352: 168750
353: 172800
354: 174960
355: 177147
356: 180000
357: 182250
358: 184320
359: 186624
360: 187500
361: 192000
362: 194400
363: 196608
364: 196830
365: 200000
366: 202500
367: 204800
368: 207360
369: 209952
370: 216000
371: 218700
372: 221184
373: 225000
374: 230400
375: 233280
376: 234375
377: 236196
378: 240000
379: 243000
380: 245760
381: 248832
382: 250000
383: 253125
384: 256000
385: 259200
386: 262440
387: 270000
388: 273375
389: 276480
390: 279936
391: 281250
392: 288000
393: 291600
394: 294912
395: 295245
396: 300000
397: 303750
398: 307200
399: 311040
400: 312500
401: 314928
402: 320000
403: 324000
404: 327680
405: 328050
406: 331776
407: 337500
408: 345600
409: 349920
410: 354294
411: 360000
412: 364500
413: 368640
414: 373248
415: 375000
416: 384000
417: 388800
418: 390625
419: 393660
420: 400000
421: 405000
422: 409600
423: 414720
424: 419904
425: 421875
426: 432000
427: 437400
428: 442368
429: 450000
430: 455625
431: 460800
432: 466560
433: 468750
434: 472392
435: 480000
436: 486000
437: 491520
438: 492075
439: 497664
440: 500000
441: 506250
442: 512000
443: 518400
444: 524880
445: 531441
446: 540000
447: 546750
448: 552960
449: 559872
450: 562500
451: 576000
452: 583200
453: 590490
454: 600000
455: 607500
456: 614400
457: 622080
458: 625000
459: 629856
460: 640000
461: 648000
462: 656100
463: 663552
464: 675000
465: 691200
466: 699840
467: 703125
468: 708588
469: 720000
470: 729000
471: 737280
472: 746496
473: 750000
474: 759375
475: 768000
476: 777600
477: 781250
478: 787320
479: 800000
480: 810000
481: 819200
482: 820125
483: 829440
484: 839808
485: 843750
486: 864000
487: 874800
488: 885735
489: 900000
490: 911250
491: 921600
492: 933120
493: 937500
494: 944784
495: 960000
496: 972000
497: 984150
498: 995328
499: 1000000
500: 1012500
501: 1024000
502: 1036800
503: 1049760
504: 1062882
505: 1080000
506: 1093500
507: 1105920
508: 1119744
509: 1125000
510: 1152000
511: 1166400
512: 1171875
513: 1180980
514: 1200000
515: 1215000
516: 1228800
517: 1244160
518: 1250000
519: 1259712
520: 1265625
521: 1280000
522: 1296000
523: 1312200
524: 1350000
525: 1366875
526: 1382400
527: 1399680
528: 1406250
529: 1417176
530: 1440000
531: 1458000
532: 1476225
533: 1492992
534: 1500000
535: 1518750
536: 1536000
537: 1555200
538: 1562500
539: 1574640
540: 1594323
541: 1600000
542: 1620000
543: 1640250
544: 1658880
545: 1679616
546: 1687500
547: 1728000
548: 1749600
549: 1771470
550: 1800000
551: 1822500
552: 1843200
553: 1866240
554: 1875000
555: 1889568
556: 1920000
557: 1944000
558: 1953125
559: 1968300
560: 2000000
561: 2025000
562: 2048000
563: 2073600
564: 2099520
565: 2109375
566: 2125764
567: 2160000
568: 2187000
569: 2239488
570: 2250000
571: 2278125
572: 2304000
573: 2332800
574: 2343750
575: 2361960
576: 2400000
577: 2430000
578: 2460375
579: 2488320
580: 2500000
581: 2519424
582: 2531250
583: 2560000
584: 2592000
585: 2624400
586: 2657205
587: 2700000
588: 2733750
589: 2764800
590: 2799360
591: 2812500
592: 2834352
593: 2880000
594: 2916000
595: 2952450
596: 3000000
597: 3037500
598: 3072000
599: 3110400
600: 3125000
601: 3149280
602: 3188646
603: 3200000
604: 3240000
605: 3280500
606: 3375000
607: 3456000
608: 3499200
609: 3515625
610: 3542940
611: 3600000
612: 3645000
613: 3732480
614: 3750000
615: 3779136
616: 3796875
617: 3840000
618: 3888000
619: 3906250
620: 3936600
621: 4000000
622: 4050000
623: 4100625
624: 4147200
625: 4199040
626: 4218750
627: 4251528
628: 4320000
629: 4374000
630: 4428675
631: 4500000
632: 4556250
633: 4608000
634: 4665600
635: 4687500
636: 4723920
637: 4782969
638: 4800000
639: 4860000
640: 4920750
641: 5000000
642: 5062500
643: 5120000
644: 5184000
645: 5248800
646: 5314410
647: 5400000
648: 5467500
649: 5625000
650: 5668704
651: 5760000
652: 5832000
653: 5859375
654: 5904900
655: 6000000
656: 6075000
657: 6220800
658: 6250000
659: 6298560
660: 6328125
661: 6377292
662: 6400000
663: 6480000
664: 6561000
665: 6750000
666: 6834375
667: 6912000
668: 6998400
669: 7031250
670: 7085880
671: 7200000
672: 7290000
673: 7381125
674: 7500000
675: 7593750
676: 7680000
677: 7776000
678: 7812500
679: 7873200
680: 7971615
681: 8000000
682: 8100000
683: 8201250
684: 8437500
685: 8503056
686: 8640000
687: 8748000
688: 8857350
689: 9000000
690: 9112500
691: 9375000
692: 9447840
693: 9565938
694: 9600000
695: 9720000
696: 9765625
697: 9841500
698: 10000000
699: 10125000
700: 10368000
701: 10497600
702: 10546875
703: 10628820
704: 10800000
705: 10935000
706: 11250000
707: 11390625
708: 11520000
709: 11664000
710: 11718750
711: 11809800
712: 12000000
713: 12150000
714: 12301875
715: 12500000
716: 12656250
717: 12754584
718: 12800000
719: 12960000
720: 13122000
721: 13286025
722: 13500000
723: 13668750
724: 14062500
725: 14171760
726: 14348907
727: 14400000
728: 14580000
729: 14762250
730: 15000000
731: 15187500
732: 15625000
733: 15746400
734: 15943230
735: 16000000
736: 16200000
737: 16402500
738: 16875000
739: 17280000
740: 17496000
741: 17578125
742: 17714700
743: 18000000
744: 18225000
745: 18750000
746: 18984375
747: 19131876
748: 19200000
749: 19440000
750: 19531250
751: 19683000
752: 20000000
753: 20250000
754: 20503125
755: 21093750
756: 21257640
757: 21600000
758: 21870000
759: 22143375
760: 22500000
761: 22781250
762: 23437500
763: 23619600
764: 23914845
765: 24000000
766: 24300000
767: 24603750
768: 25000000
769: 25312500
770: 26244000
771: 26572050
772: 27000000
773: 27337500
774: 28125000
775: 28697814
776: 28800000
777: 29160000
778: 29296875
779: 29524500
780: 30000000
781: 30375000
782: 31250000
783: 31640625
784: 31886460
785: 32000000
786: 32400000
787: 32805000
788: 33750000
789: 34171875
790: 35156250
791: 35429400
792: 36000000
793: 36450000
794: 36905625
795: 37500000
796: 37968750
797: 39062500
798: 39366000
799: 39858075
800: 40000000
801: 40500000
802: 41006250
803: 42187500
804: 43046721
805: 43740000
806: 44286750
807: 45000000
808: 45562500
809: 46875000
810: 47829690
811: 48000000
812: 48600000
813: 48828125
814: 49207500
815: 50000000
816: 50625000
817: 52734375
818: 53144100
819: 54000000
820: 54675000
821: 56250000
822: 56953125
823: 58593750
824: 59049000
825: 60000000
826: 60750000
827: 61509375
828: 62500000
829: 63281250
830: 65610000
831: 66430125
832: 67500000
833: 68343750
834: 70312500
835: 71744535
836: 72900000
837: 73811250
838: 75000000
839: 75937500
840: 78125000
841: 79716150
842: 81000000
843: 82012500
844: 84375000
845: 87890625
846: 88573500
847: 90000000
848: 91125000
849: 93750000
850: 94921875
851: 97656250
852: 98415000
853: 100000000
854: 101250000
855: 102515625
856: 105468750
857: 109350000
858: 110716875
859: 112500000
860: 113906250
861: 117187500
862: 119574225
863: 121500000
864: 123018750
865: 125000000
866: 126562500
867: 132860250
868: 135000000
869: 136687500
870: 140625000
871: 146484375
872: 147622500
873: 150000000
874: 151875000
875: 156250000
876: 158203125
877: 164025000
878: 168750000
879: 170859375
880: 175781250
881: 182250000
882: 184528125
883: 187500000
884: 189843750
885: 195312500
886: 199290375
887: 202500000
888: 205031250
889: 210937500
890: 221433750
891: 225000000
892: 227812500
893: 234375000
894: 244140625
895: 246037500
896: 250000000
897: 253125000
898: 263671875
899: 273375000
900: 281250000
901: 284765625
902: 292968750
903: 303750000
904: 307546875
905: 312500000
906: 316406250
907: 332150625
908: 337500000
909: 341718750
910: 351562500
911: 369056250
912: 375000000
913: 379687500
914: 390625000
915: 410062500
916: 421875000
917: 439453125
918: 455625000
919: 468750000
920: 474609375
921: 488281250
922: 506250000
923: 512578125
924: 527343750
925: 553584375
926: 562500000
927: 569531250
928: 585937500
929: 615093750
930: 625000000
931: 632812500
932: 683437500
933: 703125000
934: 732421875
935: 759375000
936: 781250000
937: 791015625
938: 843750000
939: 854296875
940: 878906250
941: 922640625
942: 937500000
943: 949218750
944: 976562500
945: 1025156250
946: 1054687500
947: 1139062500
948: 1171875000
949: 1220703125
950: 1265625000
951: 1318359375
952: 1406250000
953: 1423828125
954: 1464843750
955: 1537734375
956: 1562500000
957: 1582031250
958: 1708593750
959: 1757812500
960: 1898437500
961: 1953125000
962: 2109375000
963: 2197265625
964: 2343750000
965: 2373046875
966: 2441406250
967: 2562890625
968: 2636718750
969: 2847656250
970: 2929687500
971: 3164062500
972: 3515625000
973: 3662109375
974: 3906250000
975: 3955078125
976: 4271484375
977: 4394531250
978: 4746093750
979: 4882812500
980: 5273437500
981: 5859375000
982: 6103515625
983: 6591796875
984: 7119140625
985: 7324218750
986: 7910156250
987: 8789062500
988: 9765625000
989: 10986328125
990: 11865234375
991: 12207031250
992: 13183593750
993: 14648437500
994: 18310546875
995: 19775390625
996: 21972656250
997: 24414062500
998: 30517578125
999: 32958984375
1000: 36621093750
...
1000: 36621093750
----------------------------------------------------------------
----------------------------------------------------------------
Spend time in millis: '807' for '10000' hamming numbers (including sorting)
----------------------------------------------------------------
1: 1
2: 2
3: 3
4: 4
5: 5
6: 6
7: 8
8: 9
9: 10
10: 12
11: 15
12: 16
13: 18
14: 20
15: 24
16: 25
17: 27
18: 30
19: 32
20: 36
21: 40
22: 45
23: 48
24: 50
25: 54
26: 60
27: 64
28: 72
29: 75
30: 80
31: 81
32: 90
33: 96
34: 100
35: 108
36: 120
37: 125
38: 128
39: 135
40: 144
41: 150
42: 160
43: 162
44: 180
45: 192
46: 200
47: 216
48: 225
49: 240
50: 243
51: 250
52: 256
53: 270
54: 288
55: 300
56: 320
57: 324
58: 360
59: 375
60: 384
61: 400
62: 405
63: 432
64: 450
65: 480
66: 486
67: 500
68: 512
69: 540
70: 576
71: 600
72: 625
73: 640
74: 648
75: 675
76: 720
77: 729
78: 750
79: 768
80: 800
81: 810
82: 864
83: 900
84: 960
85: 972
86: 1000
87: 1024
88: 1080
89: 1125
90: 1152
91: 1200
92: 1215
93: 1250
94: 1280
95: 1296
96: 1350
97: 1440
98: 1458
99: 1500
100: 1536
101: 1600
102: 1620
103: 1728
104: 1800
105: 1875
106: 1920
107: 1944
108: 2000
109: 2025
110: 2048
111: 2160
112: 2187
113: 2250
114: 2304
115: 2400
116: 2430
117: 2500
118: 2560
119: 2592
120: 2700
121: 2880
122: 2916
123: 3000
124: 3072
125: 3125
126: 3200
127: 3240
128: 3375
129: 3456
130: 3600
131: 3645
132: 3750
133: 3840
134: 3888
135: 4000
136: 4050
137: 4096
138: 4320
139: 4374
140: 4500
141: 4608
142: 4800
143: 4860
144: 5000
145: 5120
146: 5184
147: 5400
148: 5625
149: 5760
150: 5832
151: 6000
152: 6075
153: 6144
154: 6250
155: 6400
156: 6480
157: 6561
158: 6750
159: 6912
160: 7200
161: 7290
162: 7500
163: 7680
164: 7776
165: 8000
166: 8100
167: 8192
168: 8640
169: 8748
170: 9000
171: 9216
172: 9375
173: 9600
174: 9720
175: 10000
176: 10125
177: 10240
178: 10368
179: 10800
180: 10935
181: 11250
182: 11520
183: 11664
184: 12000
185: 12150
186: 12288
187: 12500
188: 12800
189: 12960
190: 13122
191: 13500
192: 13824
193: 14400
194: 14580
195: 15000
196: 15360
197: 15552
198: 15625
199: 16000
200: 16200
201: 16384
202: 16875
203: 17280
204: 17496
205: 18000
206: 18225
207: 18432
208: 18750
209: 19200
210: 19440
211: 19683
212: 20000
213: 20250
214: 20480
215: 20736
216: 21600
217: 21870
218: 22500
219: 23040
220: 23328
221: 24000
222: 24300
223: 24576
224: 25000
225: 25600
226: 25920
227: 26244
228: 27000
229: 27648
230: 28125
231: 28800
232: 29160
233: 30000
234: 30375
235: 30720
236: 31104
237: 31250
238: 32000
239: 32400
240: 32768
241: 32805
242: 33750
243: 34560
244: 34992
245: 36000
246: 36450
247: 36864
248: 37500
249: 38400
250: 38880
251: 39366
252: 40000
253: 40500
254: 40960
255: 41472
256: 43200
257: 43740
258: 45000
259: 46080
260: 46656
261: 46875
262: 48000
263: 48600
264: 49152
265: 50000
266: 50625
267: 51200
268: 51840
269: 52488
270: 54000
271: 54675
272: 55296
273: 56250
274: 57600
275: 58320
276: 59049
277: 60000
278: 60750
279: 61440
280: 62208
281: 62500
282: 64000
283: 64800
284: 65536
285: 65610
286: 67500
287: 69120
288: 69984
289: 72000
290: 72900
291: 73728
292: 75000
293: 76800
294: 77760
295: 78125
296: 78732
297: 80000
298: 81000
299: 81920
300: 82944
301: 84375
302: 86400
303: 87480
304: 90000
305: 91125
306: 92160
307: 93312
308: 93750
309: 96000
310: 97200
311: 98304
312: 98415
313: 100000
314: 101250
315: 102400
316: 103680
317: 104976
318: 108000
319: 109350
320: 110592
321: 112500
322: 115200
323: 116640
324: 118098
325: 120000
326: 121500
327: 122880
328: 124416
329: 125000
330: 128000
331: 129600
332: 131072
333: 131220
334: 135000
335: 138240
336: 139968
337: 140625
338: 144000
339: 145800
340: 147456
341: 150000
342: 151875
343: 153600
344: 155520
345: 156250
346: 157464
347: 160000
348: 162000
349: 163840
350: 164025
351: 165888
352: 168750
353: 172800
354: 174960
355: 177147
356: 180000
357: 182250
358: 184320
359: 186624
360: 187500
361: 192000
362: 194400
363: 196608
364: 196830
365: 200000
366: 202500
367: 204800
368: 207360
369: 209952
370: 216000
371: 218700
372: 221184
373: 225000
374: 230400
375: 233280
376: 234375
377: 236196
378: 240000
379: 243000
380: 245760
381: 248832
382: 250000
383: 253125
384: 256000
385: 259200
386: 262144
387: 262440
388: 270000
389: 273375
390: 276480
391: 279936
392: 281250
393: 288000
394: 291600
395: 294912
396: 295245
397: 300000
398: 303750
399: 307200
400: 311040
401: 312500
402: 314928
403: 320000
404: 324000
405: 327680
406: 328050
407: 331776
408: 337500
409: 345600
410: 349920
411: 354294
412: 360000
413: 364500
414: 368640
415: 373248
416: 375000
417: 384000
418: 388800
419: 390625
420: 393216
421: 393660
422: 400000
423: 405000
424: 409600
425: 414720
426: 419904
427: 421875
428: 432000
429: 437400
430: 442368
431: 450000
432: 455625
433: 460800
434: 466560
435: 468750
436: 472392
437: 480000
438: 486000
439: 491520
440: 492075
441: 497664
442: 500000
443: 506250
444: 512000
445: 518400
446: 524288
447: 524880
448: 531441
449: 540000
450: 546750
451: 552960
452: 559872
453: 562500
454: 576000
455: 583200
456: 589824
457: 590490
458: 600000
459: 607500
460: 614400
461: 622080
462: 625000
463: 629856
464: 640000
465: 648000
466: 655360
467: 656100
468: 663552
469: 675000
470: 691200
471: 699840
472: 703125
473: 708588
474: 720000
475: 729000
476: 737280
477: 746496
478: 750000
479: 759375
480: 768000
481: 777600
482: 781250
483: 786432
484: 787320
485: 800000
486: 810000
487: 819200
488: 820125
489: 829440
490: 839808
491: 843750
492: 864000
493: 874800
494: 884736
495: 885735
496: 900000
497: 911250
498: 921600
499: 933120
500: 937500
501: 944784
502: 960000
503: 972000
504: 983040
505: 984150
506: 995328
507: 1000000
508: 1012500
509: 1024000
510: 1036800
511: 1048576
512: 1049760
513: 1062882
514: 1080000
515: 1093500
516: 1105920
517: 1119744
518: 1125000
519: 1152000
520: 1166400
521: 1171875
522: 1179648
523: 1180980
524: 1200000
525: 1215000
526: 1228800
527: 1244160
528: 1250000
529: 1259712
530: 1265625
531: 1280000
532: 1296000
533: 1310720
534: 1312200
535: 1327104
536: 1350000
537: 1366875
538: 1382400
539: 1399680
540: 1406250
541: 1417176
542: 1440000
543: 1458000
544: 1474560
545: 1476225
546: 1492992
547: 1500000
548: 1518750
549: 1536000
550: 1555200
551: 1562500
552: 1572864
553: 1574640
554: 1594323
555: 1600000
556: 1620000
557: 1638400
558: 1640250
559: 1658880
560: 1679616
561: 1687500
562: 1728000
563: 1749600
564: 1769472
565: 1771470
566: 1800000
567: 1822500
568: 1843200
569: 1866240
570: 1875000
571: 1889568
572: 1920000
573: 1944000
574: 1953125
575: 1966080
576: 1968300
577: 1990656
578: 2000000
579: 2025000
580: 2048000
581: 2073600
582: 2097152
583: 2099520
584: 2109375
585: 2125764
586: 2160000
587: 2187000
588: 2211840
589: 2239488
590: 2250000
591: 2278125
592: 2304000
593: 2332800
594: 2343750
595: 2359296
596: 2361960
597: 2400000
598: 2430000
599: 2457600
600: 2460375
601: 2488320
602: 2500000
603: 2519424
604: 2531250
605: 2560000
606: 2592000
607: 2621440
608: 2624400
609: 2654208
610: 2657205
611: 2700000
612: 2733750
613: 2764800
614: 2799360
615: 2812500
616: 2834352
617: 2880000
618: 2916000
619: 2949120
620: 2952450
621: 2985984
622: 3000000
623: 3037500
624: 3072000
625: 3110400
626: 3125000
627: 3145728
628: 3149280
629: 3188646
630: 3200000
631: 3240000
632: 3276800
633: 3280500
634: 3317760
635: 3359232
636: 3375000
637: 3456000
638: 3499200
639: 3515625
640: 3538944
641: 3542940
642: 3600000
643: 3645000
644: 3686400
645: 3732480
646: 3750000
647: 3779136
648: 3796875
649: 3840000
650: 3888000
651: 3906250
652: 3932160
653: 3936600
654: 3981312
655: 4000000
656: 4050000
657: 4096000
658: 4100625
659: 4147200
660: 4194304
661: 4199040
662: 4218750
663: 4251528
664: 4320000
665: 4374000
666: 4423680
667: 4428675
668: 4478976
669: 4500000
670: 4556250
671: 4608000
672: 4665600
673: 4687500
674: 4718592
675: 4723920
676: 4782969
677: 4800000
678: 4860000
679: 4915200
680: 4920750
681: 4976640
682: 5000000
683: 5038848
684: 5062500
685: 5120000
686: 5184000
687: 5242880
688: 5248800
689: 5308416
690: 5314410
691: 5400000
692: 5467500
693: 5529600
694: 5598720
695: 5625000
696: 5668704
697: 5760000
698: 5832000
699: 5859375
700: 5898240
701: 5904900
702: 5971968
703: 6000000
704: 6075000
705: 6144000
706: 6220800
707: 6250000
708: 6291456
709: 6298560
710: 6328125
711: 6377292
712: 6400000
713: 6480000
714: 6553600
715: 6561000
716: 6635520
717: 6718464
718: 6750000
719: 6834375
720: 6912000
721: 6998400
722: 7031250
723: 7077888
724: 7085880
725: 7200000
726: 7290000
727: 7372800
728: 7381125
729: 7464960
730: 7500000
731: 7558272
732: 7593750
733: 7680000
734: 7776000
735: 7812500
736: 7864320
737: 7873200
738: 7962624
739: 7971615
740: 8000000
741: 8100000
742: 8192000
743: 8201250
744: 8294400
745: 8388608
746: 8398080
747: 8437500
748: 8503056
749: 8640000
750: 8748000
751: 8847360
752: 8857350
753: 8957952
754: 9000000
755: 9112500
756: 9216000
757: 9331200
758: 9375000
759: 9437184
760: 9447840
761: 9565938
762: 9600000
763: 9720000
764: 9765625
765: 9830400
766: 9841500
767: 9953280
768: 10000000
769: 10077696
770: 10125000
771: 10240000
772: 10368000
773: 10485760
774: 10497600
775: 10546875
776: 10616832
777: 10628820
778: 10800000
779: 10935000
780: 11059200
781: 11197440
782: 11250000
783: 11337408
784: 11390625
785: 11520000
786: 11664000
787: 11718750
788: 11796480
789: 11809800
790: 11943936
791: 12000000
792: 12150000
793: 12288000
794: 12301875
795: 12441600
796: 12500000
797: 12582912
798: 12597120
799: 12656250
800: 12754584
801: 12800000
802: 12960000
803: 13107200
804: 13122000
805: 13271040
806: 13286025
807: 13436928
808: 13500000
809: 13668750
810: 13824000
811: 13996800
812: 14062500
813: 14155776
814: 14171760
815: 14348907
816: 14400000
817: 14580000
818: 14745600
819: 14762250
820: 14929920
821: 15000000
822: 15116544
823: 15187500
824: 15360000
825: 15552000
826: 15625000
827: 15728640
828: 15746400
829: 15925248
830: 15943230
831: 16000000
832: 16200000
833: 16384000
834: 16402500
835: 16588800
836: 16777216
837: 16796160
838: 16875000
839: 17006112
840: 17280000
841: 17496000
842: 17578125
843: 17694720
844: 17714700
845: 17915904
846: 18000000
847: 18225000
848: 18432000
849: 18662400
850: 18750000
851: 18874368
852: 18895680
853: 18984375
854: 19131876
855: 19200000
856: 19440000
857: 19531250
858: 19660800
859: 19683000
860: 19906560
861: 20000000
862: 20155392
863: 20250000
864: 20480000
865: 20503125
866: 20736000
867: 20971520
868: 20995200
869: 21093750
870: 21233664
871: 21257640
872: 21600000
873: 21870000
874: 22118400
875: 22143375
876: 22394880
877: 22500000
878: 22674816
879: 22781250
880: 23040000
881: 23328000
882: 23437500
883: 23592960
884: 23619600
885: 23887872
886: 23914845
887: 24000000
888: 24300000
889: 24576000
890: 24603750
891: 24883200
892: 25000000
893: 25165824
894: 25194240
895: 25312500
896: 25509168
897: 25600000
898: 25920000
899: 26214400
900: 26244000
901: 26542080
902: 26572050
903: 26873856
904: 27000000
905: 27337500
906: 27648000
907: 27993600
908: 28125000
909: 28311552
910: 28343520
911: 28697814
912: 28800000
913: 29160000
914: 29296875
915: 29491200
916: 29524500
917: 29859840
918: 30000000
919: 30233088
920: 30375000
921: 30720000
922: 31104000
923: 31250000
924: 31457280
925: 31492800
926: 31640625
927: 31850496
928: 31886460
929: 32000000
930: 32400000
931: 32768000
932: 32805000
933: 33177600
934: 33554432
935: 33592320
936: 33750000
937: 34012224
938: 34171875
939: 34560000
940: 34992000
941: 35156250
942: 35389440
943: 35429400
944: 35831808
945: 36000000
946: 36450000
947: 36864000
948: 36905625
949: 37324800
950: 37500000
951: 37748736
952: 37791360
953: 37968750
954: 38263752
955: 38400000
956: 38880000
957: 39062500
958: 39321600
959: 39366000
960: 39813120
961: 39858075
962: 40000000
963: 40310784
964: 40500000
965: 40960000
966: 41006250
967: 41472000
968: 41943040
969: 41990400
970: 42187500
971: 42467328
972: 42515280
973: 43046721
974: 43200000
975: 43740000
976: 44236800
977: 44286750
978: 44789760
979: 45000000
980: 45349632
981: 45562500
982: 46080000
983: 46656000
984: 46875000
985: 47185920
986: 47239200
987: 47775744
988: 47829690
989: 48000000
990: 48600000
991: 48828125
992: 49152000
993: 49207500
994: 49766400
995: 50000000
996: 50331648
997: 50388480
998: 50625000
999: 51018336
1000: 51200000
1001: 51840000
1002: 52428800
1003: 52488000
1004: 52734375
1005: 53084160
1006: 53144100
1007: 53747712
1008: 54000000
1009: 54675000
1010: 55296000
1011: 55987200
1012: 56250000
1013: 56623104
1014: 56687040
1015: 56953125
1016: 57395628
1017: 57600000
1018: 58320000
1019: 58593750
1020: 58982400
1021: 59049000
1022: 59719680
1023: 60000000
1024: 60466176
1025: 60750000
1026: 61440000
1027: 61509375
1028: 62208000
1029: 62500000
1030: 62914560
1031: 62985600
1032: 63281250
1033: 63700992
1034: 63772920
1035: 64000000
1036: 64800000
1037: 65536000
1038: 65610000
1039: 66355200
1040: 66430125
1041: 67108864
1042: 67184640
1043: 67500000
1044: 68024448
1045: 68343750
1046: 69120000
1047: 69984000
1048: 70312500
1049: 70778880
1050: 70858800
1051: 71663616
1052: 71744535
1053: 72000000
1054: 72900000
1055: 73728000
1056: 73811250
1057: 74649600
1058: 75000000
1059: 75497472
1060: 75582720
1061: 75937500
1062: 76527504
1063: 76800000
1064: 77760000
1065: 78125000
1066: 78643200
1067: 78732000
1068: 79626240
1069: 79716150
1070: 80000000
1071: 80621568
1072: 81000000
1073: 81920000
1074: 82012500
1075: 82944000
1076: 83886080
1077: 83980800
1078: 84375000
1079: 84934656
1080: 85030560
1081: 86093442
1082: 86400000
1083: 87480000
1084: 87890625
1085: 88473600
1086: 88573500
1087: 89579520
1088: 90000000
1089: 90699264
1090: 91125000
1091: 92160000
1092: 93312000
1093: 93750000
1094: 94371840
1095: 94478400
1096: 94921875
1097: 95551488
1098: 95659380
1099: 96000000
1100: 97200000
1101: 97656250
1102: 98304000
1103: 98415000
1104: 99532800
1105: 100000000
1106: 100663296
1107: 100776960
1108: 101250000
1109: 102036672
1110: 102400000
1111: 102515625
1112: 103680000
1113: 104857600
1114: 104976000
1115: 105468750
1116: 106168320
1117: 106288200
1118: 107495424
1119: 108000000
1120: 109350000
1121: 110592000
1122: 110716875
1123: 111974400
1124: 112500000
1125: 113246208
1126: 113374080
1127: 113906250
1128: 114791256
1129: 115200000
1130: 116640000
1131: 117187500
1132: 117964800
1133: 118098000
1134: 119439360
1135: 119574225
1136: 120000000
1137: 120932352
1138: 121500000
1139: 122880000
1140: 123018750
1141: 124416000
1142: 125000000
1143: 125829120
1144: 125971200
1145: 126562500
1146: 127401984
1147: 127545840
1148: 128000000
1149: 129140163
1150: 129600000
1151: 131072000
1152: 131220000
1153: 132710400
1154: 132860250
1155: 134217728
1156: 134369280
1157: 135000000
1158: 136048896
1159: 136687500
1160: 138240000
1161: 139968000
1162: 140625000
1163: 141557760
1164: 141717600
1165: 143327232
1166: 143489070
1167: 144000000
1168: 145800000
1169: 146484375
1170: 147456000
1171: 147622500
1172: 149299200
1173: 150000000
1174: 150994944
1175: 151165440
1176: 151875000
1177: 153055008
1178: 153600000
1179: 155520000
1180: 156250000
1181: 157286400
1182: 157464000
1183: 158203125
1184: 159252480
1185: 159432300
1186: 160000000
1187: 161243136
1188: 162000000
1189: 163840000
1190: 164025000
1191: 165888000
1192: 167772160
1193: 167961600
1194: 168750000
1195: 169869312
1196: 170061120
1197: 170859375
1198: 172186884
1199: 172800000
1200: 174960000
1201: 175781250
1202: 176947200
1203: 177147000
1204: 179159040
1205: 180000000
1206: 181398528
1207: 182250000
1208: 184320000
1209: 184528125
1210: 186624000
1211: 187500000
1212: 188743680
1213: 188956800
1214: 189843750
1215: 191102976
1216: 191318760
1217: 192000000
1218: 194400000
1219: 195312500
1220: 196608000
1221: 196830000
1222: 199065600
1223: 199290375
1224: 200000000
1225: 201326592
1226: 201553920
1227: 202500000
1228: 204073344
1229: 204800000
1230: 205031250
1231: 207360000
1232: 209715200
1233: 209952000
1234: 210937500
1235: 212336640
1236: 212576400
1237: 214990848
1238: 215233605
1239: 216000000
1240: 218700000
1241: 221184000
1242: 221433750
1243: 223948800
1244: 225000000
1245: 226492416
1246: 226748160
1247: 227812500
1248: 229582512
1249: 230400000
1250: 233280000
1251: 234375000
1252: 235929600
1253: 236196000
1254: 238878720
1255: 239148450
1256: 240000000
1257: 241864704
1258: 243000000
1259: 244140625
1260: 245760000
1261: 246037500
1262: 248832000
1263: 250000000
1264: 251658240
1265: 251942400
1266: 253125000
1267: 254803968
1268: 255091680
1269: 256000000
1270: 258280326
1271: 259200000
1272: 262144000
1273: 262440000
1274: 263671875
1275: 265420800
1276: 265720500
1277: 268435456
1278: 268738560
1279: 270000000
1280: 272097792
1281: 273375000
1282: 276480000
1283: 279936000
1284: 281250000
1285: 283115520
1286: 283435200
1287: 284765625
1288: 286654464
1289: 286978140
1290: 288000000
1291: 291600000
1292: 292968750
1293: 294912000
1294: 295245000
1295: 298598400
1296: 300000000
1297: 301989888
1298: 302330880
1299: 303750000
1300: 306110016
1301: 307200000
1302: 307546875
1303: 311040000
1304: 312500000
1305: 314572800
1306: 314928000
1307: 316406250
1308: 318504960
1309: 318864600
1310: 320000000
1311: 322486272
1312: 324000000
1313: 327680000
1314: 328050000
1315: 331776000
1316: 332150625
1317: 335544320
1318: 335923200
1319: 337500000
1320: 339738624
1321: 340122240
1322: 341718750
1323: 344373768
1324: 345600000
1325: 349920000
1326: 351562500
1327: 353894400
1328: 354294000
1329: 358318080
1330: 358722675
1331: 360000000
1332: 362797056
1333: 364500000
1334: 368640000
1335: 369056250
1336: 373248000
1337: 375000000
1338: 377487360
1339: 377913600
1340: 379687500
1341: 382205952
1342: 382637520
1343: 384000000
1344: 387420489
1345: 388800000
1346: 390625000
1347: 393216000
1348: 393660000
1349: 398131200
1350: 398580750
1351: 400000000
1352: 402653184
1353: 403107840
1354: 405000000
1355: 408146688
1356: 409600000
1357: 410062500
1358: 414720000
1359: 419430400
1360: 419904000
1361: 421875000
1362: 424673280
1363: 425152800
1364: 429981696
1365: 430467210
1366: 432000000
1367: 437400000
1368: 439453125
1369: 442368000
1370: 442867500
1371: 447897600
1372: 450000000
1373: 452984832
1374: 453496320
1375: 455625000
1376: 459165024
1377: 460800000
1378: 466560000
1379: 468750000
1380: 471859200
1381: 472392000
1382: 474609375
1383: 477757440
1384: 478296900
1385: 480000000
1386: 483729408
1387: 486000000
1388: 488281250
1389: 491520000
1390: 492075000
1391: 497664000
1392: 500000000
1393: 503316480
1394: 503884800
1395: 506250000
1396: 509607936
1397: 510183360
1398: 512000000
1399: 512578125
1400: 516560652
1401: 518400000
1402: 524288000
1403: 524880000
1404: 527343750
1405: 530841600
1406: 531441000
1407: 536870912
1408: 537477120
1409: 540000000
1410: 544195584
1411: 546750000
1412: 552960000
1413: 553584375
1414: 559872000
1415: 562500000
1416: 566231040
1417: 566870400
1418: 569531250
1419: 573308928
1420: 573956280
1421: 576000000
1422: 583200000
1423: 585937500
1424: 589824000
1425: 590490000
1426: 597196800
1427: 597871125
1428: 600000000
1429: 603979776
1430: 604661760
1431: 607500000
1432: 612220032
1433: 614400000
1434: 615093750
1435: 622080000
1436: 625000000
1437: 629145600
1438: 629856000
1439: 632812500
1440: 637009920
1441: 637729200
1442: 640000000
1443: 644972544
1444: 645700815
1445: 648000000
1446: 655360000
1447: 656100000
1448: 663552000
1449: 664301250
1450: 671088640
1451: 671846400
1452: 675000000
1453: 679477248
1454: 680244480
1455: 683437500
1456: 688747536
1457: 691200000
1458: 699840000
1459: 703125000
1460: 707788800
1461: 708588000
1462: 716636160
1463: 717445350
1464: 720000000
1465: 725594112
1466: 729000000
1467: 732421875
1468: 737280000
1469: 738112500
1470: 746496000
1471: 750000000
1472: 754974720
1473: 755827200
1474: 759375000
1475: 764411904
1476: 765275040
1477: 768000000
1478: 774840978
1479: 777600000
1480: 781250000
1481: 786432000
1482: 787320000
1483: 791015625
1484: 796262400
1485: 797161500
1486: 800000000
1487: 805306368
1488: 806215680
1489: 810000000
1490: 816293376
1491: 819200000
1492: 820125000
1493: 829440000
1494: 838860800
1495: 839808000
1496: 843750000
1497: 849346560
1498: 850305600
1499: 854296875
1500: 859963392
1501: 860934420
1502: 864000000
1503: 874800000
1504: 878906250
1505: 884736000
1506: 885735000
1507: 895795200
1508: 900000000
1509: 905969664
1510: 906992640
1511: 911250000
1512: 918330048
1513: 921600000
1514: 922640625
1515: 933120000
1516: 937500000
1517: 943718400
1518: 944784000
1519: 949218750
1520: 955514880
1521: 956593800
1522: 960000000
1523: 967458816
1524: 972000000
1525: 976562500
1526: 983040000
1527: 984150000
1528: 995328000
1529: 996451875
1530: 1000000000
1531: 1006632960
1532: 1007769600
1533: 1012500000
1534: 1019215872
1535: 1020366720
1536: 1024000000
1537: 1025156250
1538: 1033121304
1539: 1036800000
1540: 1048576000
1541: 1049760000
1542: 1054687500
1543: 1061683200
1544: 1062882000
1545: 1073741824
1546: 1074954240
1547: 1076168025
1548: 1080000000
1549: 1088391168
1550: 1093500000
1551: 1105920000
1552: 1107168750
1553: 1119744000
1554: 1125000000
1555: 1132462080
1556: 1133740800
1557: 1139062500
1558: 1146617856
1559: 1147912560
1560: 1152000000
1561: 1162261467
1562: 1166400000
1563: 1171875000
1564: 1179648000
1565: 1180980000
1566: 1194393600
1567: 1195742250
1568: 1200000000
1569: 1207959552
1570: 1209323520
1571: 1215000000
1572: 1220703125
1573: 1224440064
1574: 1228800000
1575: 1230187500
1576: 1244160000
1577: 1250000000
1578: 1258291200
1579: 1259712000
1580: 1265625000
1581: 1274019840
1582: 1275458400
1583: 1280000000
1584: 1289945088
1585: 1291401630
1586: 1296000000
1587: 1310720000
1588: 1312200000
1589: 1318359375
1590: 1327104000
1591: 1328602500
1592: 1342177280
1593: 1343692800
1594: 1350000000
1595: 1358954496
1596: 1360488960
1597: 1366875000
1598: 1377495072
1599: 1382400000
1600: 1399680000
1601: 1406250000
1602: 1415577600
1603: 1417176000
1604: 1423828125
1605: 1433272320
1606: 1434890700
1607: 1440000000
1608: 1451188224
1609: 1458000000
1610: 1464843750
1611: 1474560000
1612: 1476225000
1613: 1492992000
1614: 1500000000
1615: 1509949440
1616: 1511654400
1617: 1518750000
1618: 1528823808
1619: 1530550080
1620: 1536000000
1621: 1537734375
1622: 1549681956
1623: 1555200000
1624: 1562500000
1625: 1572864000
1626: 1574640000
1627: 1582031250
1628: 1592524800
1629: 1594323000
1630: 1600000000
1631: 1610612736
1632: 1612431360
1633: 1620000000
1634: 1632586752
1635: 1638400000
1636: 1640250000
1637: 1658880000
1638: 1660753125
1639: 1677721600
1640: 1679616000
1641: 1687500000
1642: 1698693120
1643: 1700611200
1644: 1708593750
1645: 1719926784
1646: 1721868840
1647: 1728000000
1648: 1749600000
1649: 1757812500
1650: 1769472000
1651: 1771470000
1652: 1791590400
1653: 1793613375
1654: 1800000000
1655: 1811939328
1656: 1813985280
1657: 1822500000
1658: 1836660096
1659: 1843200000
1660: 1845281250
1661: 1866240000
1662: 1875000000
1663: 1887436800
1664: 1889568000
1665: 1898437500
1666: 1911029760
1667: 1913187600
1668: 1920000000
1669: 1934917632
1670: 1937102445
1671: 1944000000
1672: 1953125000
1673: 1966080000
1674: 1968300000
1675: 1990656000
1676: 1992903750
1677: 2000000000
1678: 2013265920
1679: 2015539200
1680: 2025000000
1681: 2038431744
1682: 2040733440
1683: 2048000000
1684: 2050312500
1685: 2066242608
1686: 2073600000
1687: 2097152000
1688: 2099520000
1689: 2109375000
1690: 2123366400
1691: 2125764000
1692: 2147483648
1693: 2149908480
1694: 2152336050
1695: 2160000000
1696: 2176782336
1697: 2187000000
1698: 2197265625
1699: 2211840000
1700: 2214337500
1701: 2239488000
1702: 2250000000
1703: 2264924160
1704: 2267481600
1705: 2278125000
1706: 2293235712
1707: 2295825120
1708: 2304000000
1709: 2324522934
1710: 2332800000
1711: 2343750000
1712: 2359296000
1713: 2361960000
1714: 2373046875
1715: 2388787200
1716: 2391484500
1717: 2400000000
1718: 2415919104
1719: 2418647040
1720: 2430000000
1721: 2441406250
1722: 2448880128
1723: 2457600000
1724: 2460375000
1725: 2488320000
1726: 2500000000
1727: 2516582400
1728: 2519424000
1729: 2531250000
1730: 2548039680
1731: 2550916800
1732: 2560000000
1733: 2562890625
1734: 2579890176
1735: 2582803260
1736: 2592000000
1737: 2621440000
1738: 2624400000
1739: 2636718750
1740: 2654208000
1741: 2657205000
1742: 2684354560
1743: 2687385600
1744: 2700000000
1745: 2717908992
1746: 2720977920
1747: 2733750000
1748: 2754990144
1749: 2764800000
1750: 2767921875
1751: 2799360000
1752: 2812500000
1753: 2831155200
1754: 2834352000
1755: 2847656250
1756: 2866544640
1757: 2869781400
1758: 2880000000
1759: 2902376448
1760: 2916000000
1761: 2929687500
1762: 2949120000
1763: 2952450000
1764: 2985984000
1765: 2989355625
1766: 3000000000
1767: 3019898880
1768: 3023308800
1769: 3037500000
1770: 3057647616
1771: 3061100160
1772: 3072000000
1773: 3075468750
1774: 3099363912
1775: 3110400000
1776: 3125000000
1777: 3145728000
1778: 3149280000
1779: 3164062500
1780: 3185049600
1781: 3188646000
1782: 3200000000
1783: 3221225472
1784: 3224862720
1785: 3228504075
1786: 3240000000
1787: 3265173504
1788: 3276800000
1789: 3280500000
1790: 3317760000
1791: 3321506250
1792: 3355443200
1793: 3359232000
1794: 3375000000
1795: 3397386240
1796: 3401222400
1797: 3417187500
1798: 3439853568
1799: 3443737680
1800: 3456000000
1801: 3486784401
1802: 3499200000
1803: 3515625000
1804: 3538944000
1805: 3542940000
1806: 3583180800
1807: 3587226750
1808: 3600000000
1809: 3623878656
1810: 3627970560
1811: 3645000000
1812: 3662109375
1813: 3673320192
1814: 3686400000
1815: 3690562500
1816: 3732480000
1817: 3750000000
1818: 3774873600
1819: 3779136000
1820: 3796875000
1821: 3822059520
1822: 3826375200
1823: 3840000000
1824: 3869835264
1825: 3874204890
1826: 3888000000
1827: 3906250000
1828: 3932160000
1829: 3936600000
1830: 3955078125
1831: 3981312000
1832: 3985807500
1833: 4000000000
1834: 4026531840
1835: 4031078400
1836: 4050000000
1837: 4076863488
1838: 4081466880
1839: 4096000000
1840: 4100625000
1841: 4132485216
1842: 4147200000
1843: 4194304000
1844: 4199040000
1845: 4218750000
1846: 4246732800
1847: 4251528000
1848: 4271484375
1849: 4294967296
1850: 4299816960
1851: 4304672100
1852: 4320000000
1853: 4353564672
1854: 4374000000
1855: 4394531250
1856: 4423680000
1857: 4428675000
1858: 4478976000
1859: 4500000000
1860: 4529848320
1861: 4534963200
1862: 4556250000
1863: 4586471424
1864: 4591650240
1865: 4608000000
1866: 4613203125
1867: 4649045868
1868: 4665600000
1869: 4687500000
1870: 4718592000
1871: 4723920000
1872: 4746093750
1873: 4777574400
1874: 4782969000
1875: 4800000000
1876: 4831838208
1877: 4837294080
1878: 4860000000
1879: 4882812500
1880: 4897760256
1881: 4915200000
1882: 4920750000
1883: 4976640000
1884: 4982259375
1885: 5000000000
1886: 5033164800
1887: 5038848000
1888: 5062500000
1889: 5096079360
1890: 5101833600
1891: 5120000000
1892: 5125781250
1893: 5159780352
1894: 5165606520
1895: 5184000000
1896: 5242880000
1897: 5248800000
1898: 5273437500
1899: 5308416000
1900: 5314410000
1901: 5368709120
1902: 5374771200
1903: 5380840125
1904: 5400000000
1905: 5435817984
1906: 5441955840
1907: 5467500000
1908: 5509980288
1909: 5529600000
1910: 5535843750
1911: 5598720000
1912: 5625000000
1913: 5662310400
1914: 5668704000
1915: 5695312500
1916: 5733089280
1917: 5739562800
1918: 5760000000
1919: 5804752896
1920: 5811307335
1921: 5832000000
1922: 5859375000
1923: 5898240000
1924: 5904900000
1925: 5971968000
1926: 5978711250
1927: 6000000000
1928: 6039797760
1929: 6046617600
1930: 6075000000
1931: 6103515625
1932: 6115295232
1933: 6122200320
1934: 6144000000
1935: 6150937500
1936: 6198727824
1937: 6220800000
1938: 6250000000
1939: 6291456000
1940: 6298560000
1941: 6328125000
1942: 6370099200
1943: 6377292000
1944: 6400000000
1945: 6442450944
1946: 6449725440
1947: 6457008150
1948: 6480000000
1949: 6530347008
1950: 6553600000
1951: 6561000000
1952: 6591796875
1953: 6635520000
1954: 6643012500
1955: 6710886400
1956: 6718464000
1957: 6750000000
1958: 6794772480
1959: 6802444800
1960: 6834375000
1961: 6879707136
1962: 6887475360
1963: 6912000000
1964: 6973568802
1965: 6998400000
1966: 7031250000
1967: 7077888000
1968: 7085880000
1969: 7119140625
1970: 7166361600
1971: 7174453500
1972: 7200000000
1973: 7247757312
1974: 7255941120
1975: 7290000000
1976: 7324218750
1977: 7346640384
1978: 7372800000
1979: 7381125000
1980: 7464960000
1981: 7500000000
1982: 7549747200
1983: 7558272000
1984: 7593750000
1985: 7644119040
1986: 7652750400
1987: 7680000000
1988: 7688671875
1989: 7739670528
1990: 7748409780
1991: 7776000000
1992: 7812500000
1993: 7864320000
1994: 7873200000
1995: 7910156250
1996: 7962624000
1997: 7971615000
1998: 8000000000
1999: 8053063680
2000: 8062156800
2001: 8100000000
2002: 8153726976
2003: 8162933760
2004: 8192000000
2005: 8201250000
2006: 8264970432
2007: 8294400000
2008: 8303765625
2009: 8388608000
2010: 8398080000
2011: 8437500000
2012: 8493465600
2013: 8503056000
2014: 8542968750
2015: 8589934592
2016: 8599633920
2017: 8609344200
2018: 8640000000
2019: 8707129344
2020: 8748000000
2021: 8789062500
2022: 8847360000
2023: 8857350000
2024: 8957952000
2025: 8968066875
2026: 9000000000
2027: 9059696640
2028: 9069926400
2029: 9112500000
2030: 9172942848
2031: 9183300480
2032: 9216000000
2033: 9226406250
2034: 9298091736
2035: 9331200000
2036: 9375000000
2037: 9437184000
2038: 9447840000
2039: 9492187500
2040: 9555148800
2041: 9565938000
2042: 9600000000
2043: 9663676416
2044: 9674588160
2045: 9685512225
2046: 9720000000
2047: 9765625000
2048: 9795520512
2049: 9830400000
2050: 9841500000
2051: 9953280000
2052: 9964518750
2053: 10000000000
2054: 10066329600
2055: 10077696000
2056: 10125000000
2057: 10192158720
2058: 10203667200
2059: 10240000000
2060: 10251562500
2061: 10319560704
2062: 10331213040
2063: 10368000000
2064: 10460353203
2065: 10485760000
2066: 10497600000
2067: 10546875000
2068: 10616832000
2069: 10628820000
2070: 10737418240
2071: 10749542400
2072: 10761680250
2073: 10800000000
2074: 10871635968
2075: 10883911680
2076: 10935000000
2077: 10986328125
2078: 11019960576
2079: 11059200000
2080: 11071687500
2081: 11197440000
2082: 11250000000
2083: 11324620800
2084: 11337408000
2085: 11390625000
2086: 11466178560
2087: 11479125600
2088: 11520000000
2089: 11609505792
2090: 11622614670
2091: 11664000000
2092: 11718750000
2093: 11796480000
2094: 11809800000
2095: 11865234375
2096: 11943936000
2097: 11957422500
2098: 12000000000
2099: 12079595520
2100: 12093235200
2101: 12150000000
2102: 12207031250
2103: 12230590464
2104: 12244400640
2105: 12288000000
2106: 12301875000
2107: 12397455648
2108: 12441600000
2109: 12500000000
2110: 12582912000
2111: 12597120000
2112: 12656250000
2113: 12740198400
2114: 12754584000
2115: 12800000000
2116: 12814453125
2117: 12884901888
2118: 12899450880
2119: 12914016300
2120: 12960000000
2121: 13060694016
2122: 13107200000
2123: 13122000000
2124: 13183593750
2125: 13271040000
2126: 13286025000
2127: 13421772800
2128: 13436928000
2129: 13500000000
2130: 13589544960
2131: 13604889600
2132: 13668750000
2133: 13759414272
2134: 13774950720
2135: 13824000000
2136: 13839609375
2137: 13947137604
2138: 13996800000
2139: 14062500000
2140: 14155776000
2141: 14171760000
2142: 14238281250
2143: 14332723200
2144: 14348907000
2145: 14400000000
2146: 14495514624
2147: 14511882240
2148: 14580000000
2149: 14648437500
2150: 14693280768
2151: 14745600000
2152: 14762250000
2153: 14929920000
2154: 14946778125
2155: 15000000000
2156: 15099494400
2157: 15116544000
2158: 15187500000
2159: 15288238080
2160: 15305500800
2161: 15360000000
2162: 15377343750
2163: 15479341056
2164: 15496819560
2165: 15552000000
2166: 15625000000
2167: 15728640000
2168: 15746400000
2169: 15820312500
2170: 15925248000
2171: 15943230000
2172: 16000000000
2173: 16106127360
2174: 16124313600
2175: 16142520375
2176: 16200000000
2177: 16307453952
2178: 16325867520
2179: 16384000000
2180: 16402500000
2181: 16529940864
2182: 16588800000
2183: 16607531250
2184: 16777216000
2185: 16796160000
2186: 16875000000
2187: 16986931200
2188: 17006112000
2189: 17085937500
2190: 17179869184
2191: 17199267840
2192: 17218688400
2193: 17280000000
2194: 17414258688
2195: 17433922005
2196: 17496000000
2197: 17578125000
2198: 17694720000
2199: 17714700000
2200: 17915904000
2201: 17936133750
2202: 18000000000
2203: 18119393280
2204: 18139852800
2205: 18225000000
2206: 18310546875
2207: 18345885696
2208: 18366600960
2209: 18432000000
2210: 18452812500
2211: 18596183472
2212: 18662400000
2213: 18750000000
2214: 18874368000
2215: 18895680000
2216: 18984375000
2217: 19110297600
2218: 19131876000
2219: 19200000000
2220: 19327352832
2221: 19349176320
2222: 19371024450
2223: 19440000000
2224: 19531250000
2225: 19591041024
2226: 19660800000
2227: 19683000000
2228: 19775390625
2229: 19906560000
2230: 19929037500
2231: 20000000000
2232: 20132659200
2233: 20155392000
2234: 20250000000
2235: 20384317440
2236: 20407334400
2237: 20480000000
2238: 20503125000
2239: 20639121408
2240: 20662426080
2241: 20736000000
2242: 20920706406
2243: 20971520000
2244: 20995200000
2245: 21093750000
2246: 21233664000
2247: 21257640000
2248: 21357421875
2249: 21474836480
2250: 21499084800
2251: 21523360500
2252: 21600000000
2253: 21743271936
2254: 21767823360
2255: 21870000000
2256: 21972656250
2257: 22039921152
2258: 22118400000
2259: 22143375000
2260: 22394880000
2261: 22500000000
2262: 22649241600
2263: 22674816000
2264: 22781250000
2265: 22932357120
2266: 22958251200
2267: 23040000000
2268: 23066015625
2269: 23219011584
2270: 23245229340
2271: 23328000000
2272: 23437500000
2273: 23592960000
2274: 23619600000
2275: 23730468750
2276: 23887872000
2277: 23914845000
2278: 24000000000
2279: 24159191040
2280: 24186470400
2281: 24300000000
2282: 24414062500
2283: 24461180928
2284: 24488801280
2285: 24576000000
2286: 24603750000
2287: 24794911296
2288: 24883200000
2289: 24911296875
2290: 25000000000
2291: 25165824000
2292: 25194240000
2293: 25312500000
2294: 25480396800
2295: 25509168000
2296: 25600000000
2297: 25628906250
2298: 25769803776
2299: 25798901760
2300: 25828032600
2301: 25920000000
2302: 26121388032
2303: 26214400000
2304: 26244000000
2305: 26367187500
2306: 26542080000
2307: 26572050000
2308: 26843545600
2309: 26873856000
2310: 26904200625
2311: 27000000000
2312: 27179089920
2313: 27209779200
2314: 27337500000
2315: 27518828544
2316: 27549901440
2317: 27648000000
2318: 27679218750
2319: 27894275208
2320: 27993600000
2321: 28125000000
2322: 28311552000
2323: 28343520000
2324: 28476562500
2325: 28665446400
2326: 28697814000
2327: 28800000000
2328: 28991029248
2329: 29023764480
2330: 29056536675
2331: 29160000000
2332: 29296875000
2333: 29386561536
2334: 29491200000
2335: 29524500000
2336: 29859840000
2337: 29893556250
2338: 30000000000
2339: 30198988800
2340: 30233088000
2341: 30375000000
2342: 30517578125
2343: 30576476160
2344: 30611001600
2345: 30720000000
2346: 30754687500
2347: 30958682112
2348: 30993639120
2349: 31104000000
2350: 31250000000
2351: 31381059609
2352: 31457280000
2353: 31492800000
2354: 31640625000
2355: 31850496000
2356: 31886460000
2357: 32000000000
2358: 32212254720
2359: 32248627200
2360: 32285040750
2361: 32400000000
2362: 32614907904
2363: 32651735040
2364: 32768000000
2365: 32805000000
2366: 32958984375
2367: 33059881728
2368: 33177600000
2369: 33215062500
2370: 33554432000
2371: 33592320000
2372: 33750000000
2373: 33973862400
2374: 34012224000
2375: 34171875000
2376: 34359738368
2377: 34398535680
2378: 34437376800
2379: 34560000000
2380: 34828517376
2381: 34867844010
2382: 34992000000
2383: 35156250000
2384: 35389440000
2385: 35429400000
2386: 35595703125
2387: 35831808000
2388: 35872267500
2389: 36000000000
2390: 36238786560
2391: 36279705600
2392: 36450000000
2393: 36621093750
2394: 36691771392
2395: 36733201920
2396: 36864000000
2397: 36905625000
2398: 37192366944
2399: 37324800000
2400: 37500000000
2401: 37748736000
2402: 37791360000
2403: 37968750000
2404: 38220595200
2405: 38263752000
2406: 38400000000
2407: 38443359375
2408: 38654705664
2409: 38698352640
2410: 38742048900
2411: 38880000000
2412: 39062500000
2413: 39182082048
2414: 39321600000
2415: 39366000000
2416: 39550781250
2417: 39813120000
2418: 39858075000
2419: 40000000000
2420: 40265318400
2421: 40310784000
2422: 40500000000
2423: 40768634880
2424: 40814668800
2425: 40960000000
2426: 41006250000
2427: 41278242816
2428: 41324852160
2429: 41472000000
2430: 41518828125
2431: 41841412812
2432: 41943040000
2433: 41990400000
2434: 42187500000
2435: 42467328000
2436: 42515280000
2437: 42714843750
2438: 42949672960
2439: 42998169600
2440: 43046721000
2441: 43200000000
2442: 43486543872
2443: 43535646720
2444: 43740000000
2445: 43945312500
2446: 44079842304
2447: 44236800000
2448: 44286750000
2449: 44789760000
2450: 44840334375
2451: 45000000000
2452: 45298483200
2453: 45349632000
2454: 45562500000
2455: 45864714240
2456: 45916502400
2457: 46080000000
2458: 46132031250
2459: 46438023168
2460: 46490458680
2461: 46656000000
2462: 46875000000
2463: 47185920000
2464: 47239200000
2465: 47460937500
2466: 47775744000
2467: 47829690000
2468: 48000000000
2469: 48318382080
2470: 48372940800
2471: 48427561125
2472: 48600000000
2473: 48828125000
2474: 48922361856
2475: 48977602560
2476: 49152000000
2477: 49207500000
2478: 49589822592
2479: 49766400000
2480: 49822593750
2481: 50000000000
2482: 50331648000
2483: 50388480000
2484: 50625000000
2485: 50960793600
2486: 51018336000
2487: 51200000000
2488: 51257812500
2489: 51539607552
2490: 51597803520
2491: 51656065200
2492: 51840000000
2493: 52242776064
2494: 52301766015
2495: 52428800000
2496: 52488000000
2497: 52734375000
2498: 53084160000
2499: 53144100000
2500: 53687091200
2501: 53747712000
2502: 53808401250
2503: 54000000000
2504: 54358179840
2505: 54419558400
2506: 54675000000
2507: 54931640625
2508: 55037657088
2509: 55099802880
2510: 55296000000
2511: 55358437500
2512: 55788550416
2513: 55987200000
2514: 56250000000
2515: 56623104000
2516: 56687040000
2517: 56953125000
2518: 57330892800
2519: 57395628000
2520: 57600000000
2521: 57982058496
2522: 58047528960
2523: 58113073350
2524: 58320000000
2525: 58593750000
2526: 58773123072
2527: 58982400000
2528: 59049000000
2529: 59326171875
2530: 59719680000
2531: 59787112500
2532: 60000000000
2533: 60397977600
2534: 60466176000
2535: 60750000000
2536: 61035156250
2537: 61152952320
2538: 61222003200
2539: 61440000000
2540: 61509375000
2541: 61917364224
2542: 61987278240
2543: 62208000000
2544: 62500000000
2545: 62762119218
2546: 62914560000
2547: 62985600000
2548: 63281250000
2549: 63700992000
2550: 63772920000
2551: 64000000000
2552: 64072265625
2553: 64424509440
2554: 64497254400
2555: 64570081500
2556: 64800000000
2557: 65229815808
2558: 65303470080
2559: 65536000000
2560: 65610000000
2561: 65917968750
2562: 66119763456
2563: 66355200000
2564: 66430125000
2565: 67108864000
2566: 67184640000
2567: 67500000000
2568: 67947724800
2569: 68024448000
2570: 68343750000
2571: 68719476736
2572: 68797071360
2573: 68874753600
2574: 69120000000
2575: 69198046875
2576: 69657034752
2577: 69735688020
2578: 69984000000
2579: 70312500000
2580: 70778880000
2581: 70858800000
2582: 71191406250
2583: 71663616000
2584: 71744535000
2585: 72000000000
2586: 72477573120
2587: 72559411200
2588: 72900000000
2589: 73242187500
2590: 73383542784
2591: 73466403840
2592: 73728000000
2593: 73811250000
2594: 74384733888
2595: 74649600000
2596: 74733890625
2597: 75000000000
2598: 75497472000
2599: 75582720000
2600: 75937500000
2601: 76441190400
2602: 76527504000
2603: 76800000000
2604: 76886718750
2605: 77309411328
2606: 77396705280
2607: 77484097800
2608: 77760000000
2609: 78125000000
2610: 78364164096
2611: 78643200000
2612: 78732000000
2613: 79101562500
2614: 79626240000
2615: 79716150000
2616: 80000000000
2617: 80530636800
2618: 80621568000
2619: 80712601875
2620: 81000000000
2621: 81537269760
2622: 81629337600
2623: 81920000000
2624: 82012500000
2625: 82556485632
2626: 82649704320
2627: 82944000000
2628: 83037656250
2629: 83682825624
2630: 83886080000
2631: 83980800000
2632: 84375000000
2633: 84934656000
2634: 85030560000
2635: 85429687500
2636: 85899345920
2637: 85996339200
2638: 86093442000
2639: 86400000000
2640: 86973087744
2641: 87071293440
2642: 87169610025
2643: 87480000000
2644: 87890625000
2645: 88159684608
2646: 88473600000
2647: 88573500000
2648: 89579520000
2649: 89680668750
2650: 90000000000
2651: 90596966400
2652: 90699264000
2653: 91125000000
2654: 91552734375
2655: 91729428480
2656: 91833004800
2657: 92160000000
2658: 92264062500
2659: 92876046336
2660: 92980917360
2661: 93312000000
2662: 93750000000
2663: 94143178827
2664: 94371840000
2665: 94478400000
2666: 94921875000
2667: 95551488000
2668: 95659380000
2669: 96000000000
2670: 96636764160
2671: 96745881600
2672: 96855122250
2673: 97200000000
2674: 97656250000
2675: 97844723712
2676: 97955205120
2677: 98304000000
2678: 98415000000
2679: 98876953125
2680: 99179645184
2681: 99532800000
2682: 99645187500
2683: 100000000000
2684: 100663296000
2685: 100776960000
2686: 101250000000
2687: 101921587200
2688: 102036672000
2689: 102400000000
2690: 102515625000
2691: 103079215104
2692: 103195607040
2693: 103312130400
2694: 103680000000
2695: 104485552128
2696: 104603532030
2697: 104857600000
2698: 104976000000
2699: 105468750000
2700: 106168320000
2701: 106288200000
2702: 106787109375
2703: 107374182400
2704: 107495424000
2705: 107616802500
2706: 108000000000
2707: 108716359680
2708: 108839116800
2709: 109350000000
2710: 109863281250
2711: 110075314176
2712: 110199605760
2713: 110592000000
2714: 110716875000
2715: 111577100832
2716: 111974400000
2717: 112500000000
2718: 113246208000
2719: 113374080000
2720: 113906250000
2721: 114661785600
2722: 114791256000
2723: 115200000000
2724: 115330078125
2725: 115964116992
2726: 116095057920
2727: 116226146700
2728: 116640000000
2729: 117187500000
2730: 117546246144
2731: 117964800000
2732: 118098000000
2733: 118652343750
2734: 119439360000
2735: 119574225000
2736: 120000000000
2737: 120795955200
2738: 120932352000
2739: 121500000000
2740: 122070312500
2741: 122305904640
2742: 122444006400
2743: 122880000000
2744: 123018750000
2745: 123834728448
2746: 123974556480
2747: 124416000000
2748: 124556484375
2749: 125000000000
2750: 125524238436
2751: 125829120000
2752: 125971200000
2753: 126562500000
2754: 127401984000
2755: 127545840000
2756: 128000000000
2757: 128144531250
2758: 128849018880
2759: 128994508800
2760: 129140163000
2761: 129600000000
2762: 130459631616
2763: 130606940160
2764: 131072000000
2765: 131220000000
2766: 131835937500
2767: 132239526912
2768: 132710400000
2769: 132860250000
2770: 134217728000
2771: 134369280000
2772: 134521003125
2773: 135000000000
2774: 135895449600
2775: 136048896000
2776: 136687500000
2777: 137438953472
2778: 137594142720
2779: 137749507200
2780: 138240000000
2781: 138396093750
2782: 139314069504
2783: 139471376040
2784: 139968000000
2785: 140625000000
2786: 141557760000
2787: 141717600000
2788: 142382812500
2789: 143327232000
2790: 143489070000
2791: 144000000000
2792: 144955146240
2793: 145118822400
2794: 145282683375
2795: 145800000000
2796: 146484375000
2797: 146767085568
2798: 146932807680
2799: 147456000000
2800: 147622500000
2801: 148769467776
2802: 149299200000
2803: 149467781250
2804: 150000000000
2805: 150994944000
2806: 151165440000
2807: 151875000000
2808: 152587890625
2809: 152882380800
2810: 153055008000
2811: 153600000000
2812: 153773437500
2813: 154618822656
2814: 154793410560
2815: 154968195600
2816: 155520000000
2817: 156250000000
2818: 156728328192
2819: 156905298045
2820: 157286400000
2821: 157464000000
2822: 158203125000
2823: 159252480000
2824: 159432300000
2825: 160000000000
2826: 161061273600
2827: 161243136000
2828: 161425203750
2829: 162000000000
2830: 163074539520
2831: 163258675200
2832: 163840000000
2833: 164025000000
2834: 164794921875
2835: 165112971264
2836: 165299408640
2837: 165888000000
2838: 166075312500
2839: 167365651248
2840: 167772160000
2841: 167961600000
2842: 168750000000
2843: 169869312000
2844: 170061120000
2845: 170859375000
2846: 171798691840
2847: 171992678400
2848: 172186884000
2849: 172800000000
2850: 173946175488
2851: 174142586880
2852: 174339220050
2853: 174960000000
2854: 175781250000
2855: 176319369216
2856: 176947200000
2857: 177147000000
2858: 177978515625
2859: 179159040000
2860: 179361337500
2861: 180000000000
2862: 181193932800
2863: 181398528000
2864: 182250000000
2865: 183105468750
2866: 183458856960
2867: 183666009600
2868: 184320000000
2869: 184528125000
2870: 185752092672
2871: 185961834720
2872: 186624000000
2873: 187500000000
2874: 188286357654
2875: 188743680000
2876: 188956800000
2877: 189843750000
2878: 191102976000
2879: 191318760000
2880: 192000000000
2881: 192216796875
2882: 193273528320
2883: 193491763200
2884: 193710244500
2885: 194400000000
2886: 195312500000
2887: 195689447424
2888: 195910410240
2889: 196608000000
2890: 196830000000
2891: 197753906250
2892: 198359290368
2893: 199065600000
2894: 199290375000
2895: 200000000000
2896: 201326592000
2897: 201553920000
2898: 202500000000
2899: 203843174400
2900: 204073344000
2901: 204800000000
2902: 205031250000
2903: 206158430208
2904: 206391214080
2905: 206624260800
2906: 207360000000
2907: 207594140625
2908: 208971104256
2909: 209207064060
2910: 209715200000
2911: 209952000000
2912: 210937500000
2913: 212336640000
2914: 212576400000
2915: 213574218750
2916: 214748364800
2917: 214990848000
2918: 215233605000
2919: 216000000000
2920: 217432719360
2921: 217678233600
2922: 218700000000
2923: 219726562500
2924: 220150628352
2925: 220399211520
2926: 221184000000
2927: 221433750000
2928: 223154201664
2929: 223948800000
2930: 224201671875
2931: 225000000000
2932: 226492416000
2933: 226748160000
2934: 227812500000
2935: 229323571200
2936: 229582512000
2937: 230400000000
2938: 230660156250
2939: 231928233984
2940: 232190115840
2941: 232452293400
2942: 233280000000
2943: 234375000000
2944: 235092492288
2945: 235929600000
2946: 236196000000
2947: 237304687500
2948: 238878720000
2949: 239148450000
2950: 240000000000
2951: 241591910400
2952: 241864704000
2953: 242137805625
2954: 243000000000
2955: 244140625000
2956: 244611809280
2957: 244888012800
2958: 245760000000
2959: 246037500000
2960: 247669456896
2961: 247949112960
2962: 248832000000
2963: 249112968750
2964: 250000000000
2965: 251048476872
2966: 251658240000
2967: 251942400000
2968: 253125000000
2969: 254803968000
2970: 255091680000
2971: 256000000000
2972: 256289062500
2973: 257698037760
2974: 257989017600
2975: 258280326000
2976: 259200000000
2977: 260919263232
2978: 261213880320
2979: 261508830075
2980: 262144000000
2981: 262440000000
2982: 263671875000
2983: 264479053824
2984: 265420800000
2985: 265720500000
2986: 268435456000
2987: 268738560000
2988: 269042006250
2989: 270000000000
2990: 271790899200
2991: 272097792000
2992: 273375000000
2993: 274658203125
2994: 274877906944
2995: 275188285440
2996: 275499014400
2997: 276480000000
2998: 276792187500
2999: 278628139008
3000: 278942752080
3001: 279936000000
3002: 281250000000
3003: 282429536481
3004: 283115520000
3005: 283435200000
3006: 284765625000
3007: 286654464000
3008: 286978140000
3009: 288000000000
3010: 289910292480
3011: 290237644800
3012: 290565366750
3013: 291600000000
3014: 292968750000
3015: 293534171136
3016: 293865615360
3017: 294912000000
3018: 295245000000
3019: 296630859375
3020: 297538935552
3021: 298598400000
3022: 298935562500
3023: 300000000000
3024: 301989888000
3025: 302330880000
3026: 303750000000
3027: 305175781250
3028: 305764761600
3029: 306110016000
3030: 307200000000
3031: 307546875000
3032: 309237645312
3033: 309586821120
3034: 309936391200
3035: 311040000000
3036: 312500000000
3037: 313456656384
3038: 313810596090
3039: 314572800000
3040: 314928000000
3041: 316406250000
3042: 318504960000
3043: 318864600000
3044: 320000000000
3045: 320361328125
3046: 322122547200
3047: 322486272000
3048: 322850407500
3049: 324000000000
3050: 326149079040
3051: 326517350400
3052: 327680000000
3053: 328050000000
3054: 329589843750
3055: 330225942528
3056: 330598817280
3057: 331776000000
3058: 332150625000
3059: 334731302496
3060: 335544320000
3061: 335923200000
3062: 337500000000
3063: 339738624000
3064: 340122240000
3065: 341718750000
3066: 343597383680
3067: 343985356800
3068: 344373768000
3069: 345600000000
3070: 345990234375
3071: 347892350976
3072: 348285173760
3073: 348678440100
3074: 349920000000
3075: 351562500000
3076: 352638738432
3077: 353894400000
3078: 354294000000
3079: 355957031250
3080: 358318080000
3081: 358722675000
3082: 360000000000
3083: 362387865600
3084: 362797056000
3085: 364500000000
3086: 366210937500
3087: 366917713920
3088: 367332019200
3089: 368640000000
3090: 369056250000
3091: 371504185344
3092: 371923669440
3093: 373248000000
3094: 373669453125
3095: 375000000000
3096: 376572715308
3097: 377487360000
3098: 377913600000
3099: 379687500000
3100: 382205952000
3101: 382637520000
3102: 384000000000
3103: 384433593750
3104: 386547056640
3105: 386983526400
3106: 387420489000
3107: 388800000000
3108: 390625000000
3109: 391378894848
3110: 391820820480
3111: 393216000000
3112: 393660000000
3113: 395507812500
3114: 396718580736
3115: 398131200000
3116: 398580750000
3117: 400000000000
3118: 402653184000
3119: 403107840000
3120: 403563009375
3121: 405000000000
3122: 407686348800
3123: 408146688000
3124: 409600000000
3125: 410062500000
3126: 412316860416
3127: 412782428160
3128: 413248521600
3129: 414720000000
3130: 415188281250
3131: 417942208512
3132: 418414128120
3133: 419430400000
3134: 419904000000
3135: 421875000000
3136: 424673280000
3137: 425152800000
3138: 427148437500
3139: 429496729600
3140: 429981696000
3141: 430467210000
3142: 432000000000
3143: 434865438720
3144: 435356467200
3145: 435848050125
3146: 437400000000
3147: 439453125000
3148: 440301256704
3149: 440798423040
3150: 442368000000
3151: 442867500000
3152: 446308403328
3153: 447897600000
3154: 448403343750
3155: 450000000000
3156: 452984832000
3157: 453496320000
3158: 455625000000
3159: 457763671875
3160: 458647142400
3161: 459165024000
3162: 460800000000
3163: 461320312500
3164: 463856467968
3165: 464380231680
3166: 464904586800
3167: 466560000000
3168: 468750000000
3169: 470184984576
3170: 470715894135
3171: 471859200000
3172: 472392000000
3173: 474609375000
3174: 477757440000
3175: 478296900000
3176: 480000000000
3177: 483183820800
3178: 483729408000
3179: 484275611250
3180: 486000000000
3181: 488281250000
3182: 489223618560
3183: 489776025600
3184: 491520000000
3185: 492075000000
3186: 494384765625
3187: 495338913792
3188: 495898225920
3189: 497664000000
3190: 498225937500
3191: 500000000000
3192: 502096953744
3193: 503316480000
3194: 503884800000
3195: 506250000000
3196: 509607936000
3197: 510183360000
3198: 512000000000
3199: 512578125000
3200: 515396075520
3201: 515978035200
3202: 516560652000
3203: 518400000000
3204: 521838526464
3205: 522427760640
3206: 523017660150
3207: 524288000000
3208: 524880000000
3209: 527343750000
3210: 528958107648
3211: 530841600000
3212: 531441000000
3213: 533935546875
3214: 536870912000
3215: 537477120000
3216: 538084012500
3217: 540000000000
3218: 543581798400
3219: 544195584000
3220: 546750000000
3221: 549316406250
3222: 550376570880
3223: 550998028800
3224: 552960000000
3225: 553584375000
3226: 557256278016
3227: 557885504160
3228: 559872000000
3229: 562500000000
3230: 564859072962
3231: 566231040000
3232: 566870400000
3233: 569531250000
3234: 573308928000
3235: 573956280000
3236: 576000000000
3237: 576650390625
3238: 579820584960
3239: 580475289600
3240: 581130733500
3241: 583200000000
3242: 585937500000
3243: 587068342272
3244: 587731230720
3245: 589824000000
3246: 590490000000
3247: 593261718750
3248: 595077871104
3249: 597196800000
3250: 597871125000
3251: 600000000000
3252: 603979776000
3253: 604661760000
3254: 607500000000
3255: 610351562500
3256: 611529523200
3257: 612220032000
3258: 614400000000
3259: 615093750000
3260: 618475290624
3261: 619173642240
3262: 619872782400
3263: 622080000000
3264: 622782421875
3265: 625000000000
3266: 626913312768
3267: 627621192180
3268: 629145600000
3269: 629856000000
3270: 632812500000
3271: 637009920000
3272: 637729200000
3273: 640000000000
3274: 640722656250
3275: 644245094400
3276: 644972544000
3277: 645700815000
3278: 648000000000
3279: 652298158080
3280: 653034700800
3281: 655360000000
3282: 656100000000
3283: 659179687500
3284: 660451885056
3285: 661197634560
3286: 663552000000
3287: 664301250000
3288: 669462604992
3289: 671088640000
3290: 671846400000
3291: 672605015625
3292: 675000000000
3293: 679477248000
3294: 680244480000
3295: 683437500000
3296: 687194767360
3297: 687970713600
3298: 688747536000
3299: 691200000000
3300: 691980468750
3301: 695784701952
3302: 696570347520
3303: 697356880200
3304: 699840000000
3305: 703125000000
3306: 705277476864
3307: 707788800000
3308: 708588000000
3309: 711914062500
3310: 716636160000
3311: 717445350000
3312: 720000000000
3313: 724775731200
3314: 725594112000
3315: 726413416875
3316: 729000000000
3317: 732421875000
3318: 733835427840
3319: 734664038400
3320: 737280000000
3321: 738112500000
3322: 743008370688
3323: 743847338880
3324: 746496000000
3325: 747338906250
3326: 750000000000
3327: 753145430616
3328: 754974720000
3329: 755827200000
3330: 759375000000
3331: 762939453125
3332: 764411904000
3333: 765275040000
3334: 768000000000
3335: 768867187500
3336: 773094113280
3337: 773967052800
3338: 774840978000
3339: 777600000000
3340: 781250000000
3341: 782757789696
3342: 783641640960
3343: 784526490225
3344: 786432000000
3345: 787320000000
3346: 791015625000
3347: 793437161472
3348: 796262400000
3349: 797161500000
3350: 800000000000
3351: 805306368000
3352: 806215680000
3353: 807126018750
3354: 810000000000
3355: 815372697600
3356: 816293376000
3357: 819200000000
3358: 820125000000
3359: 823974609375
3360: 825564856320
3361: 826497043200
3362: 829440000000
3363: 830376562500
3364: 835884417024
3365: 836828256240
3366: 838860800000
3367: 839808000000
3368: 843750000000
3369: 847288609443
3370: 849346560000
3371: 850305600000
3372: 854296875000
3373: 858993459200
3374: 859963392000
3375: 860934420000
3376: 864000000000
3377: 869730877440
3378: 870712934400
3379: 871696100250
3380: 874800000000
3381: 878906250000
3382: 880602513408
3383: 881596846080
3384: 884736000000
3385: 885735000000
3386: 889892578125
3387: 892616806656
3388: 895795200000
3389: 896806687500
3390: 900000000000
3391: 905969664000
3392: 906992640000
3393: 911250000000
3394: 915527343750
3395: 917294284800
3396: 918330048000
3397: 921600000000
3398: 922640625000
3399: 927712935936
3400: 928760463360
3401: 929809173600
3402: 933120000000
3403: 937500000000
3404: 940369969152
3405: 941431788270
3406: 943718400000
3407: 944784000000
3408: 949218750000
3409: 955514880000
3410: 956593800000
3411: 960000000000
3412: 961083984375
3413: 966367641600
3414: 967458816000
3415: 968551222500
3416: 972000000000
3417: 976562500000
3418: 978447237120
3419: 979552051200
3420: 983040000000
3421: 984150000000
3422: 988769531250
3423: 990677827584
3424: 991796451840
3425: 995328000000
3426: 996451875000
3427: 1000000000000
3428: 1004193907488
3429: 1006632960000
3430: 1007769600000
3431: 1012500000000
3432: 1019215872000
3433: 1020366720000
3434: 1024000000000
3435: 1025156250000
3436: 1030792151040
3437: 1031956070400
3438: 1033121304000
3439: 1036800000000
3440: 1037970703125
3441: 1043677052928
3442: 1044855521280
3443: 1046035320300
3444: 1048576000000
3445: 1049760000000
3446: 1054687500000
3447: 1057916215296
3448: 1061683200000
3449: 1062882000000
3450: 1067871093750
3451: 1073741824000
3452: 1074954240000
3453: 1076168025000
3454: 1080000000000
3455: 1087163596800
3456: 1088391168000
3457: 1093500000000
3458: 1098632812500
3459: 1100753141760
3460: 1101996057600
3461: 1105920000000
3462: 1107168750000
3463: 1114512556032
3464: 1115771008320
3465: 1119744000000
3466: 1121008359375
3467: 1125000000000
3468: 1129718145924
3469: 1132462080000
3470: 1133740800000
3471: 1139062500000
3472: 1146617856000
3473: 1147912560000
3474: 1152000000000
3475: 1153300781250
3476: 1159641169920
3477: 1160950579200
3478: 1162261467000
3479: 1166400000000
3480: 1171875000000
3481: 1174136684544
3482: 1175462461440
3483: 1179648000000
3484: 1180980000000
3485: 1186523437500
3486: 1190155742208
3487: 1194393600000
3488: 1195742250000
3489: 1200000000000
3490: 1207959552000
3491: 1209323520000
3492: 1210689028125
3493: 1215000000000
3494: 1220703125000
3495: 1223059046400
3496: 1224440064000
3497: 1228800000000
3498: 1230187500000
3499: 1238347284480
3500: 1239745564800
3501: 1244160000000
3502: 1245564843750
3503: 1250000000000
3504: 1253826625536
3505: 1255242384360
3506: 1258291200000
3507: 1259712000000
3508: 1265625000000
3509: 1274019840000
3510: 1275458400000
3511: 1280000000000
3512: 1281445312500
3513: 1288490188800
3514: 1289945088000
3515: 1291401630000
3516: 1296000000000
3517: 1304596316160
3518: 1306069401600
3519: 1307544150375
3520: 1310720000000
3521: 1312200000000
3522: 1318359375000
3523: 1320903770112
3524: 1322395269120
3525: 1327104000000
3526: 1328602500000
3527: 1338925209984
3528: 1342177280000
3529: 1343692800000
3530: 1345210031250
3531: 1350000000000
3532: 1358954496000
3533: 1360488960000
3534: 1366875000000
3535: 1373291015625
3536: 1375941427200
3537: 1377495072000
3538: 1382400000000
3539: 1383960937500
3540: 1391569403904
3541: 1393140695040
3542: 1394713760400
3543: 1399680000000
3544: 1406250000000
3545: 1410554953728
3546: 1412147682405
3547: 1415577600000
3548: 1417176000000
3549: 1423828125000
3550: 1433272320000
3551: 1434890700000
3552: 1440000000000
3553: 1449551462400
3554: 1451188224000
3555: 1452826833750
3556: 1458000000000
3557: 1464843750000
3558: 1467670855680
3559: 1469328076800
3560: 1474560000000
3561: 1476225000000
3562: 1483154296875
3563: 1486016741376
3564: 1487694677760
3565: 1492992000000
3566: 1494677812500
3567: 1500000000000
3568: 1506290861232
3569: 1509949440000
3570: 1511654400000
3571: 1518750000000
3572: 1525878906250
3573: 1528823808000
3574: 1530550080000
3575: 1536000000000
3576: 1537734375000
3577: 1546188226560
3578: 1547934105600
3579: 1549681956000
3580: 1555200000000
3581: 1562500000000
3582: 1565515579392
3583: 1567283281920
3584: 1569052980450
3585: 1572864000000
3586: 1574640000000
3587: 1582031250000
3588: 1586874322944
3589: 1592524800000
3590: 1594323000000
3591: 1600000000000
3592: 1601806640625
3593: 1610612736000
3594: 1612431360000
3595: 1614252037500
3596: 1620000000000
3597: 1630745395200
3598: 1632586752000
3599: 1638400000000
3600: 1640250000000
3601: 1647949218750
3602: 1651129712640
3603: 1652994086400
3604: 1658880000000
3605: 1660753125000
3606: 1671768834048
3607: 1673656512480
3608: 1677721600000
3609: 1679616000000
3610: 1687500000000
3611: 1694577218886
3612: 1698693120000
3613: 1700611200000
3614: 1708593750000
3615: 1717986918400
3616: 1719926784000
3617: 1721868840000
3618: 1728000000000
3619: 1729951171875
3620: 1739461754880
3621: 1741425868800
3622: 1743392200500
3623: 1749600000000
3624: 1757812500000
3625: 1761205026816
3626: 1763193692160
3627: 1769472000000
3628: 1771470000000
3629: 1779785156250
3630: 1785233613312
3631: 1791590400000
3632: 1793613375000
3633: 1800000000000
3634: 1811939328000
3635: 1813985280000
3636: 1822500000000
3637: 1831054687500
3638: 1834588569600
3639: 1836660096000
3640: 1843200000000
3641: 1845281250000
3642: 1857520926720
3643: 1859618347200
3644: 1866240000000
3645: 1868347265625
3646: 1875000000000
3647: 1880739938304
3648: 1882863576540
3649: 1887436800000
3650: 1889568000000
3651: 1898437500000
3652: 1911029760000
3653: 1913187600000
3654: 1920000000000
3655: 1922167968750
3656: 1932735283200
3657: 1934917632000
3658: 1937102445000
3659: 1944000000000
3660: 1953125000000
3661: 1956894474240
3662: 1959104102400
3663: 1966080000000
3664: 1968300000000
3665: 1977539062500
3666: 1981355655168
3667: 1983592903680
3668: 1990656000000
3669: 1992903750000
3670: 2000000000000
3671: 2008387814976
3672: 2013265920000
3673: 2015539200000
3674: 2017815046875
3675: 2025000000000
3676: 2038431744000
3677: 2040733440000
3678: 2048000000000
3679: 2050312500000
3680: 2063912140800
3681: 2066242608000
3682: 2073600000000
3683: 2075941406250
3684: 2087354105856
3685: 2089711042560
3686: 2092070640600
3687: 2097152000000
3688: 2099520000000
3689: 2109375000000
3690: 2115832430592
3691: 2123366400000
3692: 2125764000000
3693: 2135742187500
3694: 2147483648000
3695: 2149908480000
3696: 2152336050000
3697: 2160000000000
3698: 2174327193600
3699: 2176782336000
3700: 2179240250625
3701: 2187000000000
3702: 2197265625000
3703: 2201506283520
3704: 2203992115200
3705: 2211840000000
3706: 2214337500000
3707: 2229025112064
3708: 2231542016640
3709: 2239488000000
3710: 2242016718750
3711: 2250000000000
3712: 2259436291848
3713: 2264924160000
3714: 2267481600000
3715: 2278125000000
3716: 2288818359375
3717: 2293235712000
3718: 2295825120000
3719: 2304000000000
3720: 2306601562500
3721: 2319282339840
3722: 2321901158400
3723: 2324522934000
3724: 2332800000000
3725: 2343750000000
3726: 2348273369088
3727: 2350924922880
3728: 2353579470675
3729: 2359296000000
3730: 2361960000000
3731: 2373046875000
3732: 2380311484416
3733: 2388787200000
3734: 2391484500000
3735: 2400000000000
3736: 2415919104000
3737: 2418647040000
3738: 2421378056250
3739: 2430000000000
3740: 2441406250000
3741: 2446118092800
3742: 2448880128000
3743: 2457600000000
3744: 2460375000000
3745: 2471923828125
3746: 2476694568960
3747: 2479491129600
3748: 2488320000000
3749: 2491129687500
3750: 2500000000000
3751: 2507653251072
3752: 2510484768720
3753: 2516582400000
3754: 2519424000000
3755: 2531250000000
3756: 2541865828329
3757: 2548039680000
3758: 2550916800000
3759: 2560000000000
3760: 2562890625000
3761: 2576980377600
3762: 2579890176000
3763: 2582803260000
3764: 2592000000000
3765: 2609192632320
3766: 2612138803200
3767: 2615088300750
3768: 2621440000000
3769: 2624400000000
3770: 2636718750000
3771: 2641807540224
3772: 2644790538240
3773: 2654208000000
3774: 2657205000000
3775: 2669677734375
3776: 2677850419968
3777: 2684354560000
3778: 2687385600000
3779: 2690420062500
3780: 2700000000000
3781: 2717908992000
3782: 2720977920000
3783: 2733750000000
3784: 2746582031250
3785: 2751882854400
3786: 2754990144000
3787: 2764800000000
3788: 2767921875000
3789: 2786281390080
3790: 2789427520800
3791: 2799360000000
3792: 2812500000000
3793: 2821109907456
3794: 2824295364810
3795: 2831155200000
3796: 2834352000000
3797: 2847656250000
3798: 2866544640000
3799: 2869781400000
3800: 2880000000000
3801: 2883251953125
3802: 2899102924800
3803: 2902376448000
3804: 2905653667500
3805: 2916000000000
3806: 2929687500000
3807: 2935341711360
3808: 2938656153600
3809: 2949120000000
3810: 2952450000000
3811: 2966308593750
3812: 2972033482752
3813: 2975389355520
3814: 2985984000000
3815: 2989355625000
3816: 3000000000000
3817: 3012581722464
3818: 3019898880000
3819: 3023308800000
3820: 3037500000000
3821: 3051757812500
3822: 3057647616000
3823: 3061100160000
3824: 3072000000000
3825: 3075468750000
3826: 3095868211200
3827: 3099363912000
3828: 3110400000000
3829: 3113912109375
3830: 3125000000000
3831: 3131031158784
3832: 3134566563840
3833: 3138105960900
3834: 3145728000000
3835: 3149280000000
3836: 3164062500000
3837: 3173748645888
3838: 3185049600000
3839: 3188646000000
3840: 3200000000000
3841: 3203613281250
3842: 3221225472000
3843: 3224862720000
3844: 3228504075000
3845: 3240000000000
3846: 3261490790400
3847: 3265173504000
3848: 3276800000000
3849: 3280500000000
3850: 3295898437500
3851: 3302259425280
3852: 3305988172800
3853: 3317760000000
3854: 3321506250000
3855: 3343537668096
3856: 3347313024960
3857: 3355443200000
3858: 3359232000000
3859: 3363025078125
3860: 3375000000000
3861: 3389154437772
3862: 3397386240000
3863: 3401222400000
3864: 3417187500000
3865: 3439853568000
3866: 3443737680000
3867: 3456000000000
3868: 3459902343750
3869: 3478923509760
3870: 3482851737600
3871: 3486784401000
3872: 3499200000000
3873: 3515625000000
3874: 3522410053632
3875: 3526387384320
3876: 3538944000000
3877: 3542940000000
3878: 3559570312500
3879: 3570467226624
3880: 3583180800000
3881: 3587226750000
3882: 3600000000000
3883: 3623878656000
3884: 3627970560000
3885: 3632067084375
3886: 3645000000000
3887: 3662109375000
3888: 3669177139200
3889: 3673320192000
3890: 3686400000000
3891: 3690562500000
3892: 3715041853440
3893: 3719236694400
3894: 3732480000000
3895: 3736694531250
3896: 3750000000000
3897: 3761479876608
3898: 3765727153080
3899: 3774873600000
3900: 3779136000000
3901: 3796875000000
3902: 3814697265625
3903: 3822059520000
3904: 3826375200000
3905: 3840000000000
3906: 3844335937500
3907: 3865470566400
3908: 3869835264000
3909: 3874204890000
3910: 3888000000000
3911: 3906250000000
3912: 3913788948480
3913: 3918208204800
3914: 3922632451125
3915: 3932160000000
3916: 3936600000000
3917: 3955078125000
3918: 3962711310336
3919: 3967185807360
3920: 3981312000000
3921: 3985807500000
3922: 4000000000000
3923: 4016775629952
3924: 4026531840000
3925: 4031078400000
3926: 4035630093750
3927: 4050000000000
3928: 4076863488000
3929: 4081466880000
3930: 4096000000000
3931: 4100625000000
3932: 4119873046875
3933: 4127824281600
3934: 4132485216000
3935: 4147200000000
3936: 4151882812500
3937: 4179422085120
3938: 4184141281200
3939: 4194304000000
3940: 4199040000000
3941: 4218750000000
3942: 4231664861184
3943: 4236443047215
3944: 4246732800000
3945: 4251528000000
3946: 4271484375000
3947: 4294967296000
3948: 4299816960000
3949: 4304672100000
3950: 4320000000000
3951: 4348654387200
3952: 4353564672000
3953: 4358480501250
3954: 4374000000000
3955: 4394531250000
3956: 4403012567040
3957: 4407984230400
3958: 4423680000000
3959: 4428675000000
3960: 4449462890625
3961: 4458050224128
3962: 4463084033280
3963: 4478976000000
3964: 4484033437500
3965: 4500000000000
3966: 4518872583696
3967: 4529848320000
3968: 4534963200000
3969: 4556250000000
3970: 4577636718750
3971: 4586471424000
3972: 4591650240000
3973: 4608000000000
3974: 4613203125000
3975: 4643802316800
3976: 4649045868000
3977: 4665600000000
3978: 4687500000000
3979: 4696546738176
3980: 4701849845760
3981: 4707158941350
3982: 4718592000000
3983: 4723920000000
3984: 4746093750000
3985: 4760622968832
3986: 4777574400000
3987: 4782969000000
3988: 4800000000000
3989: 4805419921875
3990: 4831838208000
3991: 4837294080000
3992: 4842756112500
3993: 4860000000000
3994: 4882812500000
3995: 4892236185600
3996: 4897760256000
3997: 4915200000000
3998: 4920750000000
3999: 4943847656250
4000: 4953389137920
4001: 4958982259200
4002: 4976640000000
4003: 4982259375000
4004: 5000000000000
4005: 5015306502144
4006: 5020969537440
4007: 5033164800000
4008: 5038848000000
4009: 5062500000000
4010: 5083731656658
4011: 5096079360000
4012: 5101833600000
4013: 5120000000000
4014: 5125781250000
4015: 5159780352000
4016: 5165606520000
4017: 5184000000000
4018: 5189853515625
4019: 5218385264640
4020: 5224277606400
4021: 5230176601500
4022: 5242880000000
4023: 5248800000000
4024: 5273437500000
4025: 5283615080448
4026: 5289581076480
4027: 5308416000000
4028: 5314410000000
4029: 5339355468750
4030: 5355700839936
4031: 5368709120000
4032: 5374771200000
4033: 5380840125000
4034: 5400000000000
4035: 5435817984000
4036: 5441955840000
4037: 5467500000000
4038: 5493164062500
4039: 5503765708800
4040: 5509980288000
4041: 5529600000000
4042: 5535843750000
4043: 5572562780160
4044: 5578855041600
4045: 5598720000000
4046: 5605041796875
4047: 5625000000000
4048: 5642219814912
4049: 5648590729620
4050: 5662310400000
4051: 5668704000000
4052: 5695312500000
4053: 5733089280000
4054: 5739562800000
4055: 5760000000000
4056: 5766503906250
4057: 5798205849600
4058: 5804752896000
4059: 5811307335000
4060: 5832000000000
4061: 5859375000000
4062: 5870683422720
4063: 5877312307200
4064: 5898240000000
4065: 5904900000000
4066: 5932617187500
4067: 5944066965504
4068: 5950778711040
4069: 5971968000000
4070: 5978711250000
4071: 6000000000000
4072: 6025163444928
4073: 6039797760000
4074: 6046617600000
4075: 6053445140625
4076: 6075000000000
4077: 6103515625000
4078: 6115295232000
4079: 6122200320000
4080: 6144000000000
4081: 6150937500000
4082: 6191736422400
4083: 6198727824000
4084: 6220800000000
4085: 6227824218750
4086: 6250000000000
4087: 6269133127680
4088: 6276211921800
4089: 6291456000000
4090: 6298560000000
4091: 6328125000000
4092: 6347497291776
4093: 6370099200000
4094: 6377292000000
4095: 6400000000000
4096: 6407226562500
4097: 6442450944000
4098: 6449725440000
4099: 6457008150000
4100: 6480000000000
4101: 6522981580800
4102: 6530347008000
4103: 6537720751875
4104: 6553600000000
4105: 6561000000000
4106: 6591796875000
4107: 6604518850560
4108: 6611976345600
4109: 6635520000000
4110: 6643012500000
4111: 6687075336192
4112: 6694626049920
4113: 6710886400000
4114: 6718464000000
4115: 6726050156250
4116: 6750000000000
4117: 6778308875544
4118: 6794772480000
4119: 6802444800000
4120: 6834375000000
4121: 6866455078125
4122: 6879707136000
4123: 6887475360000
4124: 6912000000000
4125: 6919804687500
4126: 6965703475200
4127: 6973568802000
4128: 6998400000000
4129: 7031250000000
4130: 7044820107264
4131: 7052774768640
4132: 7060738412025
4133: 7077888000000
4134: 7085880000000
4135: 7119140625000
4136: 7140934453248
4137: 7166361600000
4138: 7174453500000
4139: 7200000000000
4140: 7247757312000
4141: 7255941120000
4142: 7264134168750
4143: 7290000000000
4144: 7324218750000
4145: 7338354278400
4146: 7346640384000
4147: 7372800000000
4148: 7381125000000
4149: 7415771484375
4150: 7430083706880
4151: 7438473388800
4152: 7464960000000
4153: 7473389062500
4154: 7500000000000
4155: 7522959753216
4156: 7531454306160
4157: 7549747200000
4158: 7558272000000
4159: 7593750000000
4160: 7625597484987
4161: 7629394531250
4162: 7644119040000
4163: 7652750400000
4164: 7680000000000
4165: 7688671875000
4166: 7739670528000
4167: 7748409780000
4168: 7776000000000
4169: 7812500000000
4170: 7827577896960
4171: 7836416409600
4172: 7845264902250
4173: 7864320000000
4174: 7873200000000
4175: 7910156250000
4176: 7925422620672
4177: 7934371614720
4178: 7962624000000
4179: 7971615000000
4180: 8000000000000
4181: 8009033203125
4182: 8033551259904
4183: 8053063680000
4184: 8062156800000
4185: 8071260187500
4186: 8100000000000
4187: 8153726976000
4188: 8162933760000
4189: 8192000000000
4190: 8201250000000
4191: 8239746093750
4192: 8255648563200
4193: 8264970432000
4194: 8294400000000
4195: 8303765625000
4196: 8358844170240
4197: 8368282562400
4198: 8388608000000
4199: 8398080000000
4200: 8437500000000
4201: 8463329722368
4202: 8472886094430
4203: 8493465600000
4204: 8503056000000
4205: 8542968750000
4206: 8599633920000
4207: 8609344200000
4208: 8640000000000
4209: 8649755859375
4210: 8697308774400
4211: 8707129344000
4212: 8716961002500
4213: 8748000000000
4214: 8789062500000
4215: 8806025134080
4216: 8815968460800
4217: 8847360000000
4218: 8857350000000
4219: 8898925781250
4220: 8916100448256
4221: 8926168066560
4222: 8957952000000
4223: 8968066875000
4224: 9000000000000
4225: 9037745167392
4226: 9059696640000
4227: 9069926400000
4228: 9112500000000
4229: 9155273437500
4230: 9172942848000
4231: 9183300480000
4232: 9216000000000
4233: 9226406250000
4234: 9287604633600
4235: 9298091736000
4236: 9331200000000
4237: 9341736328125
4238: 9375000000000
4239: 9403699691520
4240: 9414317882700
4241: 9437184000000
4242: 9447840000000
4243: 9492187500000
4244: 9521245937664
4245: 9555148800000
4246: 9565938000000
4247: 9600000000000
4248: 9610839843750
4249: 9663676416000
4250: 9674588160000
4251: 9685512225000
4252: 9720000000000
4253: 9765625000000
4254: 9784472371200
4255: 9795520512000
4256: 9830400000000
4257: 9841500000000
4258: 9887695312500
4259: 9906778275840
4260: 9917964518400
4261: 9953280000000
4262: 9964518750000
4263: 10000000000000
4264: 10030613004288
4265: 10041939074880
4266: 10066329600000
4267: 10077696000000
4268: 10089075234375
4269: 10125000000000
4270: 10167463313316
4271: 10192158720000
4272: 10203667200000
4273: 10240000000000
4274: 10251562500000
4275: 10319560704000
4276: 10331213040000
4277: 10368000000000
4278: 10379707031250
4279: 10448555212800
4280: 10460353203000
4281: 10485760000000
4282: 10497600000000
4283: 10546875000000
4284: 10567230160896
4285: 10579162152960
4286: 10616832000000
4287: 10628820000000
4288: 10678710937500
4289: 10711401679872
4290: 10737418240000
4291: 10749542400000
4292: 10761680250000
4293: 10800000000000
4294: 10871635968000
4295: 10883911680000
4296: 10896201253125
4297: 10935000000000
4298: 10986328125000
4299: 11007531417600
4300: 11019960576000
4301: 11059200000000
4302: 11071687500000
4303: 11145125560320
4304: 11157710083200
4305: 11197440000000
4306: 11210083593750
4307: 11250000000000
4308: 11284439629824
4309: 11297181459240
4310: 11324620800000
4311: 11337408000000
4312: 11390625000000
4313: 11444091796875
4314: 11466178560000
4315: 11479125600000
4316: 11520000000000
4317: 11533007812500
4318: 11609505792000
4319: 11622614670000
4320: 11664000000000
4321: 11718750000000
4322: 11741366845440
4323: 11754624614400
4324: 11767897353375
4325: 11796480000000
4326: 11809800000000
4327: 11865234375000
4328: 11888133931008
4329: 11901557422080
4330: 11943936000000
4331: 11957422500000
4332: 12000000000000
4333: 12050326889856
4334: 12079595520000
4335: 12093235200000
4336: 12106890281250
4337: 12150000000000
4338: 12207031250000
4339: 12230590464000
4340: 12244400640000
4341: 12288000000000
4342: 12301875000000
4343: 12359619140625
4344: 12383472844800
4345: 12397455648000
4346: 12441600000000
4347: 12455648437500
4348: 12500000000000
4349: 12538266255360
4350: 12552423843600
4351: 12582912000000
4352: 12597120000000
4353: 12656250000000
4354: 12694994583552
4355: 12709329141645
4356: 12740198400000
4357: 12754584000000
4358: 12800000000000
4359: 12814453125000
4360: 12899450880000
4361: 12914016300000
4362: 12960000000000
4363: 13045963161600
4364: 13060694016000
4365: 13075441503750
4366: 13107200000000
4367: 13122000000000
4368: 13183593750000
4369: 13209037701120
4370: 13223952691200
4371: 13271040000000
4372: 13286025000000
4373: 13348388671875
4374: 13374150672384
4375: 13389252099840
4376: 13421772800000
4377: 13436928000000
4378: 13452100312500
4379: 13500000000000
4380: 13556617751088
4381: 13589544960000
4382: 13604889600000
4383: 13668750000000
4384: 13732910156250
4385: 13759414272000
4386: 13774950720000
4387: 13824000000000
4388: 13839609375000
4389: 13931406950400
4390: 13947137604000
4391: 13996800000000
4392: 14062500000000
4393: 14105549537280
4394: 14121476824050
4395: 14155776000000
4396: 14171760000000
4397: 14238281250000
4398: 14281868906496
4399: 14332723200000
4400: 14348907000000
4401: 14400000000000
4402: 14416259765625
4403: 14495514624000
4404: 14511882240000
4405: 14528268337500
4406: 14580000000000
4407: 14648437500000
4408: 14676708556800
4409: 14693280768000
4410: 14745600000000
4411: 14762250000000
4412: 14831542968750
4413: 14860167413760
4414: 14876946777600
4415: 14929920000000
4416: 14946778125000
4417: 15000000000000
4418: 15045919506432
4419: 15062908612320
4420: 15099494400000
4421: 15116544000000
4422: 15187500000000
4423: 15251194969974
4424: 15258789062500
4425: 15288238080000
4426: 15305500800000
4427: 15360000000000
4428: 15377343750000
4429: 15479341056000
4430: 15496819560000
4431: 15552000000000
4432: 15569560546875
4433: 15625000000000
4434: 15672832819200
4435: 15690529804500
4436: 15728640000000
4437: 15746400000000
4438: 15820312500000
4439: 15850845241344
4440: 15868743229440
4441: 15925248000000
4442: 15943230000000
4443: 16000000000000
4444: 16018066406250
4445: 16067102519808
4446: 16106127360000
4447: 16124313600000
4448: 16142520375000
4449: 16200000000000
4450: 16307453952000
4451: 16325867520000
4452: 16384000000000
4453: 16402500000000
4454: 16479492187500
4455: 16511297126400
4456: 16529940864000
4457: 16588800000000
4458: 16607531250000
4459: 16717688340480
4460: 16736565124800
4461: 16777216000000
4462: 16796160000000
4463: 16815125390625
4464: 16875000000000
4465: 16926659444736
4466: 16945772188860
4467: 16986931200000
4468: 17006112000000
4469: 17085937500000
4470: 17199267840000
4471: 17218688400000
4472: 17280000000000
4473: 17299511718750
4474: 17414258688000
4475: 17433922005000
4476: 17496000000000
4477: 17578125000000
4478: 17612050268160
4479: 17631936921600
4480: 17694720000000
4481: 17714700000000
4482: 17797851562500
4483: 17832200896512
4484: 17852336133120
4485: 17915904000000
4486: 17936133750000
4487: 18000000000000
4488: 18075490334784
4489: 18119393280000
4490: 18139852800000
4491: 18160335421875
4492: 18225000000000
4493: 18310546875000
4494: 18345885696000
4495: 18366600960000
4496: 18432000000000
4497: 18452812500000
4498: 18575209267200
4499: 18596183472000
4500: 18662400000000
4501: 18683472656250
4502: 18750000000000
4503: 18807399383040
4504: 18828635765400
4505: 18874368000000
4506: 18895680000000
4507: 18984375000000
4508: 19042491875328
4509: 19073486328125
4510: 19110297600000
4511: 19131876000000
4512: 19200000000000
4513: 19221679687500
4514: 19349176320000
4515: 19371024450000
4516: 19440000000000
4517: 19531250000000
4518: 19568944742400
4519: 19591041024000
4520: 19613162255625
4521: 19660800000000
4522: 19683000000000
4523: 19775390625000
4524: 19813556551680
4525: 19835929036800
4526: 19906560000000
4527: 19929037500000
4528: 20000000000000
4529: 20061226008576
4530: 20083878149760
4531: 20132659200000
4532: 20155392000000
4533: 20178150468750
4534: 20250000000000
4535: 20334926626632
4536: 20384317440000
4537: 20407334400000
4538: 20480000000000
4539: 20503125000000
4540: 20599365234375
4541: 20639121408000
4542: 20662426080000
4543: 20736000000000
4544: 20759414062500
4545: 20897110425600
4546: 20920706406000
4547: 20971520000000
4548: 20995200000000
4549: 21093750000000
4550: 21158324305920
4551: 21182215236075
4552: 21233664000000
4553: 21257640000000
4554: 21357421875000
4555: 21422803359744
4556: 21499084800000
4557: 21523360500000
4558: 21600000000000
4559: 21743271936000
4560: 21767823360000
4561: 21792402506250
4562: 21870000000000
4563: 21972656250000
4564: 22015062835200
4565: 22039921152000
4566: 22118400000000
4567: 22143375000000
4568: 22247314453125
4569: 22290251120640
4570: 22315420166400
4571: 22394880000000
4572: 22420167187500
4573: 22500000000000
4574: 22568879259648
4575: 22594362918480
4576: 22649241600000
4577: 22674816000000
4578: 22781250000000
4579: 22876792454961
4580: 22888183593750
4581: 22932357120000
4582: 22958251200000
4583: 23040000000000
4584: 23066015625000
4585: 23219011584000
4586: 23245229340000
4587: 23328000000000
4588: 23437500000000
4589: 23509249228800
4590: 23535794706750
4591: 23592960000000
4592: 23619600000000
4593: 23730468750000
4594: 23776267862016
4595: 23803114844160
4596: 23887872000000
4597: 23914845000000
4598: 24000000000000
4599: 24027099609375
4600: 24100653779712
4601: 24159191040000
4602: 24186470400000
4603: 24213780562500
4604: 24300000000000
4605: 24414062500000
4606: 24461180928000
4607: 24488801280000
4608: 24576000000000
4609: 24603750000000
4610: 24719238281250
4611: 24766945689600
4612: 24794911296000
4613: 24883200000000
4614: 24911296875000
4615: 25000000000000
4616: 25076532510720
4617: 25104847687200
4618: 25165824000000
4619: 25194240000000
4620: 25312500000000
4621: 25389989167104
4622: 25418658283290
4623: 25480396800000
4624: 25509168000000
4625: 25600000000000
4626: 25628906250000
4627: 25798901760000
4628: 25828032600000
4629: 25920000000000
4630: 25949267578125
4631: 26121388032000
4632: 26150883007500
4633: 26214400000000
4634: 26244000000000
4635: 26367187500000
4636: 26418075402240
4637: 26447905382400
4638: 26542080000000
4639: 26572050000000
4640: 26696777343750
4641: 26748301344768
4642: 26778504199680
4643: 26843545600000
4644: 26873856000000
4645: 26904200625000
4646: 27000000000000
4647: 27113235502176
4648: 27179089920000
4649: 27209779200000
4650: 27337500000000
4651: 27465820312500
4652: 27518828544000
4653: 27549901440000
4654: 27648000000000
4655: 27679218750000
4656: 27862813900800
4657: 27894275208000
4658: 27993600000000
4659: 28025208984375
4660: 28125000000000
4661: 28211099074560
4662: 28242953648100
4663: 28311552000000
4664: 28343520000000
4665: 28476562500000
4666: 28563737812992
4667: 28665446400000
4668: 28697814000000
4669: 28800000000000
4670: 28832519531250
4671: 29023764480000
4672: 29056536675000
4673: 29160000000000
4674: 29296875000000
4675: 29353417113600
4676: 29386561536000
4677: 29491200000000
4678: 29524500000000
4679: 29663085937500
4680: 29720334827520
4681: 29753893555200
4682: 29859840000000
4683: 29893556250000
4684: 30000000000000
4685: 30091839012864
4686: 30125817224640
4687: 30198988800000
4688: 30233088000000
4689: 30267225703125
4690: 30375000000000
4691: 30502389939948
4692: 30517578125000
4693: 30576476160000
4694: 30611001600000
4695: 30720000000000
4696: 30754687500000
4697: 30958682112000
4698: 30993639120000
4699: 31104000000000
4700: 31139121093750
4701: 31250000000000
4702: 31345665638400
4703: 31381059609000
4704: 31457280000000
4705: 31492800000000
4706: 31640625000000
4707: 31737486458880
4708: 31850496000000
4709: 31886460000000
4710: 32000000000000
4711: 32036132812500
4712: 32134205039616
4713: 32248627200000
4714: 32285040750000
4715: 32400000000000
4716: 32614907904000
4717: 32651735040000
4718: 32688603759375
4719: 32768000000000
4720: 32805000000000
4721: 32958984375000
4722: 33022594252800
4723: 33059881728000
4724: 33177600000000
4725: 33215062500000
4726: 33435376680960
4727: 33473130249600
4728: 33554432000000
4729: 33592320000000
4730: 33630250781250
4731: 33750000000000
4732: 33853318889472
4733: 33891544377720
4734: 33973862400000
4735: 34012224000000
4736: 34171875000000
4737: 34332275390625
4738: 34398535680000
4739: 34437376800000
4740: 34560000000000
4741: 34599023437500
4742: 34828517376000
4743: 34867844010000
4744: 34992000000000
4745: 35156250000000
4746: 35263873843200
4747: 35303692060125
4748: 35389440000000
4749: 35429400000000
4750: 35595703125000
4751: 35664401793024
4752: 35704672266240
4753: 35831808000000
4754: 35872267500000
4755: 36000000000000
4756: 36150980669568
4757: 36238786560000
4758: 36279705600000
4759: 36320670843750
4760: 36450000000000
4761: 36621093750000
4762: 36691771392000
4763: 36733201920000
4764: 36864000000000
4765: 36905625000000
4766: 37078857421875
4767: 37150418534400
4768: 37192366944000
4769: 37324800000000
4770: 37366945312500
4771: 37500000000000
4772: 37614798766080
4773: 37657271530800
4774: 37748736000000
4775: 37791360000000
4776: 37968750000000
4777: 38084983750656
4778: 38127987424935
4779: 38146972656250
4780: 38220595200000
4781: 38263752000000
4782: 38400000000000
4783: 38443359375000
4784: 38698352640000
4785: 38742048900000
4786: 38880000000000
4787: 39062500000000
4788: 39182082048000
4789: 39226324511250
4790: 39321600000000
4791: 39366000000000
4792: 39550781250000
4793: 39627113103360
4794: 39671858073600
4795: 39813120000000
4796: 39858075000000
4797: 40000000000000
4798: 40045166015625
4799: 40122452017152
4800: 40167756299520
4801: 40265318400000
4802: 40310784000000
4803: 40356300937500
4804: 40500000000000
4805: 40669853253264
4806: 40768634880000
4807: 40814668800000
4808: 40960000000000
4809: 41006250000000
4810: 41198730468750
4811: 41278242816000
4812: 41324852160000
4813: 41472000000000
4814: 41518828125000
4815: 41794220851200
4816: 41841412812000
4817: 41943040000000
4818: 41990400000000
4819: 42187500000000
4820: 42316648611840
4821: 42364430472150
4822: 42467328000000
4823: 42515280000000
4824: 42714843750000
4825: 42845606719488
4826: 42998169600000
4827: 43046721000000
4828: 43200000000000
4829: 43248779296875
4830: 43535646720000
4831: 43584805012500
4832: 43740000000000
4833: 43945312500000
4834: 44030125670400
4835: 44079842304000
4836: 44236800000000
4837: 44286750000000
4838: 44494628906250
4839: 44580502241280
4840: 44630840332800
4841: 44789760000000
4842: 44840334375000
4843: 45000000000000
4844: 45137758519296
4845: 45188725836960
4846: 45298483200000
4847: 45349632000000
4848: 45562500000000
4849: 45753584909922
4850: 45776367187500
4851: 45864714240000
4852: 45916502400000
4853: 46080000000000
4854: 46132031250000
4855: 46438023168000
4856: 46490458680000
4857: 46656000000000
4858: 46708681640625
4859: 46875000000000
4860: 47018498457600
4861: 47071589413500
4862: 47185920000000
4863: 47239200000000
4864: 47460937500000
4865: 47606229688320
4866: 47775744000000
4867: 47829690000000
4868: 48000000000000
4869: 48054199218750
4870: 48201307559424
4871: 48372940800000
4872: 48427561125000
4873: 48600000000000
4874: 48828125000000
4875: 48922361856000
4876: 48977602560000
4877: 49152000000000
4878: 49207500000000
4879: 49438476562500
4880: 49533891379200
4881: 49589822592000
4882: 49766400000000
4883: 49822593750000
4884: 50000000000000
4885: 50153065021440
4886: 50209695374400
4887: 50331648000000
4888: 50388480000000
4889: 50445376171875
4890: 50625000000000
4891: 50779978334208
4892: 50837316566580
4893: 50960793600000
4894: 51018336000000
4895: 51200000000000
4896: 51257812500000
4897: 51597803520000
4898: 51656065200000
4899: 51840000000000
4900: 51898535156250
4901: 52242776064000
4902: 52301766015000
4903: 52428800000000
4904: 52488000000000
4905: 52734375000000
4906: 52895810764800
4907: 53084160000000
4908: 53144100000000
4909: 53393554687500
4910: 53496602689536
4911: 53557008399360
4912: 53747712000000
4913: 53808401250000
4914: 54000000000000
4915: 54226471004352
4916: 54358179840000
4917: 54419558400000
4918: 54481006265625
4919: 54675000000000
4920: 54931640625000
4921: 55037657088000
4922: 55099802880000
4923: 55296000000000
4924: 55358437500000
4925: 55725627801600
4926: 55788550416000
4927: 55987200000000
4928: 56050417968750
4929: 56250000000000
4930: 56422198149120
4931: 56485907296200
4932: 56623104000000
4933: 56687040000000
4934: 56953125000000
4935: 57127475625984
4936: 57220458984375
4937: 57330892800000
4938: 57395628000000
4939: 57600000000000
4940: 57665039062500
4941: 58047528960000
4942: 58113073350000
4943: 58320000000000
4944: 58593750000000
4945: 58773123072000
4946: 58839486766875
4947: 58982400000000
4948: 59049000000000
4949: 59326171875000
4950: 59440669655040
4951: 59507787110400
4952: 59719680000000
4953: 59787112500000
4954: 60000000000000
4955: 60183678025728
4956: 60251634449280
4957: 60397977600000
4958: 60466176000000
4959: 60534451406250
4960: 60750000000000
4961: 61004779879896
4962: 61035156250000
4963: 61152952320000
4964: 61222003200000
4965: 61440000000000
4966: 61509375000000
4967: 61798095703125
4968: 61917364224000
4969: 61987278240000
4970: 62208000000000
4971: 62278242187500
4972: 62500000000000
4973: 62691331276800
4974: 62762119218000
4975: 62914560000000
4976: 62985600000000
4977: 63281250000000
4978: 63474972917760
4979: 63546645708225
4980: 63700992000000
4981: 63772920000000
4982: 64000000000000
4983: 64072265625000
4984: 64268410079232
4985: 64497254400000
4986: 64570081500000
4987: 64800000000000
4988: 65303470080000
4989: 65377207518750
4990: 65536000000000
4991: 65610000000000
4992: 65917968750000
4993: 66045188505600
4994: 66119763456000
4995: 66355200000000
4996: 66430125000000
4997: 66741943359375
4998: 66870753361920
4999: 66946260499200
5000: 67108864000000
5001: 67184640000000
5002: 67260501562500
5003: 67500000000000
5004: 67706637778944
5005: 67783088755440
5006: 67947724800000
5007: 68024448000000
5008: 68343750000000
5009: 68630377364883
5010: 68664550781250
5011: 68797071360000
5012: 68874753600000
5013: 69120000000000
5014: 69198046875000
5015: 69657034752000
5016: 69735688020000
5017: 69984000000000
5018: 70312500000000
5019: 70527747686400
5020: 70607384120250
5021: 70778880000000
5022: 70858800000000
5023: 71191406250000
5024: 71409344532480
5025: 71663616000000
5026: 71744535000000
5027: 72000000000000
5028: 72081298828125
5029: 72301961339136
5030: 72559411200000
5031: 72641341687500
5032: 72900000000000
5033: 73242187500000
5034: 73383542784000
5035: 73466403840000
5036: 73728000000000
5037: 73811250000000
5038: 74157714843750
5039: 74300837068800
5040: 74384733888000
5041: 74649600000000
5042: 74733890625000
5043: 75000000000000
5044: 75229597532160
5045: 75314543061600
5046: 75497472000000
5047: 75582720000000
5048: 75937500000000
5049: 76169967501312
5050: 76255974849870
5051: 76293945312500
5052: 76441190400000
5053: 76527504000000
5054: 76800000000000
5055: 76886718750000
5056: 77396705280000
5057: 77484097800000
5058: 77760000000000
5059: 77847802734375
5060: 78125000000000
5061: 78364164096000
5062: 78452649022500
5063: 78643200000000
5064: 78732000000000
5065: 79101562500000
5066: 79343716147200
5067: 79626240000000
5068: 79716150000000
5069: 80000000000000
5070: 80090332031250
5071: 80244904034304
5072: 80335512599040
5073: 80621568000000
5074: 80712601875000
5075: 81000000000000
5076: 81339706506528
5077: 81537269760000
5078: 81629337600000
5079: 81920000000000
5080: 82012500000000
5081: 82397460937500
5082: 82556485632000
5083: 82649704320000
5084: 82944000000000
5085: 83037656250000
5086: 83588441702400
5087: 83682825624000
5088: 83886080000000
5089: 83980800000000
5090: 84075626953125
5091: 84375000000000
5092: 84633297223680
5093: 84728860944300
5094: 84934656000000
5095: 85030560000000
5096: 85429687500000
5097: 85691213438976
5098: 85996339200000
5099: 86093442000000
5100: 86400000000000
5101: 86497558593750
5102: 87071293440000
5103: 87169610025000
5104: 87480000000000
5105: 87890625000000
5106: 88159684608000
5107: 88473600000000
5108: 88573500000000
5109: 88989257812500
5110: 89161004482560
5111: 89261680665600
5112: 89579520000000
5113: 89680668750000
5114: 90000000000000
5115: 90275517038592
5116: 90377451673920
5117: 90596966400000
5118: 90699264000000
5119: 90801677109375
5120: 91125000000000
5121: 91507169819844
5122: 91552734375000
5123: 91729428480000
5124: 91833004800000
5125: 92160000000000
5126: 92264062500000
5127: 92876046336000
5128: 92980917360000
5129: 93312000000000
5130: 93417363281250
5131: 93750000000000
5132: 94036996915200
5133: 94143178827000
5134: 94371840000000
5135: 94478400000000
5136: 94921875000000
5137: 95212459376640
5138: 95367431640625
5139: 95551488000000
5140: 95659380000000
5141: 96000000000000
5142: 96108398437500
5143: 96402615118848
5144: 96745881600000
5145: 96855122250000
5146: 97200000000000
5147: 97656250000000
5148: 97955205120000
5149: 98065811278125
5150: 98304000000000
5151: 98415000000000
5152: 98876953125000
5153: 99067782758400
5154: 99179645184000
5155: 99532800000000
5156: 99645187500000
5157: 100000000000000
5158: 100306130042880
5159: 100419390748800
5160: 100663296000000
5161: 100776960000000
5162: 100890752343750
5163: 101250000000000
5164: 101559956668416
5165: 101674633133160
5166: 101921587200000
5167: 102036672000000
5168: 102400000000000
5169: 102515625000000
5170: 102996826171875
5171: 103195607040000
5172: 103312130400000
5173: 103680000000000
5174: 103797070312500
5175: 104485552128000
5176: 104603532030000
5177: 104857600000000
5178: 104976000000000
5179: 105468750000000
5180: 105791621529600
5181: 105911076180375
5182: 106168320000000
5183: 106288200000000
5184: 106787109375000
5185: 107114016798720
5186: 107495424000000
5187: 107616802500000
5188: 108000000000000
5189: 108452942008704
5190: 108839116800000
5191: 108962012531250
5192: 109350000000000
5193: 109863281250000
5194: 110075314176000
5195: 110199605760000
5196: 110592000000000
5197: 110716875000000
5198: 111236572265625
5199: 111451255603200
5200: 111577100832000
5201: 111974400000000
5202: 112100835937500
5203: 112500000000000
5204: 112844396298240
5205: 112971814592400
5206: 113246208000000
5207: 113374080000000
5208: 113906250000000
5209: 114254951251968
5210: 114383962274805
5211: 114440917968750
5212: 114661785600000
5213: 114791256000000
5214: 115200000000000
5215: 115330078125000
5216: 116095057920000
5217: 116226146700000
5218: 116640000000000
5219: 117187500000000
5220: 117546246144000
5221: 117678973533750
5222: 117964800000000
5223: 118098000000000
5224: 118652343750000
5225: 119015574220800
5226: 119439360000000
5227: 119574225000000
5228: 120000000000000
5229: 120135498046875
5230: 120367356051456
5231: 120503268898560
5232: 120932352000000
5233: 121068902812500
5234: 121500000000000
5235: 122009559759792
5236: 122070312500000
5237: 122305904640000
5238: 122444006400000
5239: 122880000000000
5240: 123018750000000
5241: 123596191406250
5242: 123834728448000
5243: 123974556480000
5244: 124416000000000
5245: 124556484375000
5246: 125000000000000
5247: 125382662553600
5248: 125524238436000
5249: 125829120000000
5250: 125971200000000
5251: 126562500000000
5252: 126949945835520
5253: 127093291416450
5254: 127401984000000
5255: 127545840000000
5256: 128000000000000
5257: 128144531250000
5258: 128536820158464
5259: 128994508800000
5260: 129140163000000
5261: 129600000000000
5262: 129746337890625
5263: 130606940160000
5264: 130754415037500
5265: 131072000000000
5266: 131220000000000
5267: 131835937500000
5268: 132239526912000
5269: 132710400000000
5270: 132860250000000
5271: 133483886718750
5272: 133741506723840
5273: 133892520998400
5274: 134369280000000
5275: 134521003125000
5276: 135000000000000
5277: 135413275557888
5278: 135566177510880
5279: 135895449600000
5280: 136048896000000
5281: 136687500000000
5282: 137260754729766
5283: 137329101562500
5284: 137594142720000
5285: 137749507200000
5286: 138240000000000
5287: 138396093750000
5288: 139314069504000
5289: 139471376040000
5290: 139968000000000
5291: 140126044921875
5292: 140625000000000
5293: 141055495372800
5294: 141214768240500
5295: 141557760000000
5296: 141717600000000
5297: 142382812500000
5298: 142818689064960
5299: 143327232000000
5300: 143489070000000
5301: 144000000000000
5302: 144162597656250
5303: 144603922678272
5304: 145118822400000
5305: 145282683375000
5306: 145800000000000
5307: 146484375000000
5308: 146932807680000
5309: 147456000000000
5310: 147622500000000
5311: 148315429687500
5312: 148601674137600
5313: 148769467776000
5314: 149299200000000
5315: 149467781250000
5316: 150000000000000
5317: 150459195064320
5318: 150629086123200
5319: 150994944000000
5320: 151165440000000
5321: 151336128515625
5322: 151875000000000
5323: 152339935002624
5324: 152511949699740
5325: 152587890625000
5326: 152882380800000
5327: 153055008000000
5328: 153600000000000
5329: 153773437500000
5330: 154793410560000
5331: 154968195600000
5332: 155520000000000
5333: 155695605468750
5334: 156250000000000
5335: 156728328192000
5336: 156905298045000
5337: 157286400000000
5338: 157464000000000
5339: 158203125000000
5340: 158687432294400
5341: 159252480000000
5342: 159432300000000
5343: 160000000000000
5344: 160180664062500
5345: 160671025198080
5346: 161243136000000
5347: 161425203750000
5348: 162000000000000
5349: 162679413013056
5350: 163258675200000
5351: 163443018796875
5352: 163840000000000
5353: 164025000000000
5354: 164794921875000
5355: 165112971264000
5356: 165299408640000
5357: 165888000000000
5358: 166075312500000
5359: 167176883404800
5360: 167365651248000
5361: 167772160000000
5362: 167961600000000
5363: 168151253906250
5364: 168750000000000
5365: 169266594447360
5366: 169457721888600
5367: 169869312000000
5368: 170061120000000
5369: 170859375000000
5370: 171382426877952
5371: 171661376953125
5372: 171992678400000
5373: 172186884000000
5374: 172800000000000
5375: 172995117187500
5376: 174142586880000
5377: 174339220050000
5378: 174960000000000
5379: 175781250000000
5380: 176319369216000
5381: 176518460300625
5382: 176947200000000
5383: 177147000000000
5384: 177978515625000
5385: 178523361331200
5386: 179159040000000
5387: 179361337500000
5388: 180000000000000
5389: 180754903347840
5390: 181398528000000
5391: 181603354218750
5392: 182250000000000
5393: 183014339639688
5394: 183105468750000
5395: 183458856960000
5396: 183666009600000
5397: 184320000000000
5398: 184528125000000
5399: 185394287109375
5400: 185752092672000
5401: 185961834720000
5402: 186624000000000
5403: 186834726562500
5404: 187500000000000
5405: 188073993830400
5406: 188286357654000
5407: 188743680000000
5408: 188956800000000
5409: 189843750000000
5410: 190424918753280
5411: 190639937124675
5412: 190734863281250
5413: 191102976000000
5414: 191318760000000
5415: 192000000000000
5416: 192216796875000
5417: 192805230237696
5418: 193491763200000
5419: 193710244500000
5420: 194400000000000
5421: 195312500000000
5422: 195910410240000
5423: 196131622556250
5424: 196608000000000
5425: 196830000000000
5426: 197753906250000
5427: 198359290368000
5428: 199065600000000
5429: 199290375000000
5430: 200000000000000
5431: 200225830078125
5432: 200612260085760
5433: 200838781497600
5434: 201553920000000
5435: 201781504687500
5436: 202500000000000
5437: 203119913336832
5438: 203349266266320
5439: 203843174400000
5440: 204073344000000
5441: 204800000000000
5442: 205031250000000
5443: 205891132094649
5444: 205993652343750
5445: 206391214080000
5446: 206624260800000
5447: 207360000000000
5448: 207594140625000
5449: 208971104256000
5450: 209207064060000
5451: 209715200000000
5452: 209952000000000
5453: 210937500000000
5454: 211583243059200
5455: 211822152360750
5456: 212336640000000
5457: 212576400000000
5458: 213574218750000
5459: 214228033597440
5460: 214990848000000
5461: 215233605000000
5462: 216000000000000
5463: 216243896484375
5464: 216905884017408
5465: 217678233600000
5466: 217924025062500
5467: 218700000000000
5468: 219726562500000
5469: 220399211520000
5470: 221184000000000
5471: 221433750000000
5472: 222473144531250
5473: 222902511206400
5474: 223154201664000
5475: 223948800000000
5476: 224201671875000
5477: 225000000000000
5478: 225688792596480
5479: 225943629184800
5480: 226492416000000
5481: 226748160000000
5482: 227812500000000
5483: 228509902503936
5484: 228767924549610
5485: 228881835937500
5486: 229323571200000
5487: 229582512000000
5488: 230400000000000
5489: 230660156250000
5490: 232190115840000
5491: 232452293400000
5492: 233280000000000
5493: 233543408203125
5494: 234375000000000
5495: 235092492288000
5496: 235357947067500
5497: 235929600000000
5498: 236196000000000
5499: 237304687500000
5500: 238031148441600
5501: 238878720000000
5502: 239148450000000
5503: 240000000000000
5504: 240270996093750
5505: 241006537797120
5506: 241864704000000
5507: 242137805625000
5508: 243000000000000
5509: 244019119519584
5510: 244140625000000
5511: 244888012800000
5512: 245760000000000
5513: 246037500000000
5514: 247192382812500
5515: 247669456896000
5516: 247949112960000
5517: 248832000000000
5518: 249112968750000
5519: 250000000000000
5520: 250765325107200
5521: 251048476872000
5522: 251658240000000
5523: 251942400000000
5524: 252226880859375
5525: 253125000000000
5526: 253899891671040
5527: 254186582832900
5528: 254803968000000
5529: 255091680000000
5530: 256000000000000
5531: 256289062500000
5532: 257073640316928
5533: 257989017600000
5534: 258280326000000
5535: 259200000000000
5536: 259492675781250
5537: 261213880320000
5538: 261508830075000
5539: 262144000000000
5540: 262440000000000
5541: 263671875000000
5542: 264479053824000
5543: 265420800000000
5544: 265720500000000
5545: 266967773437500
5546: 267785041996800
5547: 268738560000000
5548: 269042006250000
5549: 270000000000000
5550: 271132355021760
5551: 272097792000000
5552: 272405031328125
5553: 273375000000000
5554: 274521509459532
5555: 274658203125000
5556: 275188285440000
5557: 275499014400000
5558: 276480000000000
5559: 276792187500000
5560: 278628139008000
5561: 278942752080000
5562: 279936000000000
5563: 280252089843750
5564: 281250000000000
5565: 282110990745600
5566: 282429536481000
5567: 283115520000000
5568: 283435200000000
5569: 284765625000000
5570: 285637378129920
5571: 286102294921875
5572: 286654464000000
5573: 286978140000000
5574: 288000000000000
5575: 288325195312500
5576: 289207845356544
5577: 290237644800000
5578: 290565366750000
5579: 291600000000000
5580: 292968750000000
5581: 293865615360000
5582: 294197433834375
5583: 294912000000000
5584: 295245000000000
5585: 296630859375000
5586: 297538935552000
5587: 298598400000000
5588: 298935562500000
5589: 300000000000000
5590: 301258172246400
5591: 302330880000000
5592: 302672257031250
5593: 303750000000000
5594: 304679870005248
5595: 305023899399480
5596: 305175781250000
5597: 305764761600000
5598: 306110016000000
5599: 307200000000000
5600: 307546875000000
5601: 308990478515625
5602: 309586821120000
5603: 309936391200000
5604: 311040000000000
5605: 311391210937500
5606: 312500000000000
5607: 313456656384000
5608: 313810596090000
5609: 314572800000000
5610: 314928000000000
5611: 316406250000000
5612: 317374864588800
5613: 317733228541125
5614: 318504960000000
5615: 318864600000000
5616: 320000000000000
5617: 320361328125000
5618: 321342050396160
5619: 322486272000000
5620: 322850407500000
5621: 324000000000000
5622: 325358826026112
5623: 326517350400000
5624: 326886037593750
5625: 327680000000000
5626: 328050000000000
5627: 329589843750000
5628: 330598817280000
5629: 331776000000000
5630: 332150625000000
5631: 333709716796875
5632: 334353766809600
5633: 334731302496000
5634: 335923200000000
5635: 336302507812500
5636: 337500000000000
5637: 338533188894720
5638: 338915443777200
5639: 339738624000000
5640: 340122240000000
5641: 341718750000000
5642: 342764853755904
5643: 343151886824415
5644: 343322753906250
5645: 343985356800000
5646: 344373768000000
5647: 345600000000000
5648: 345990234375000
5649: 348285173760000
5650: 348678440100000
5651: 349920000000000
5652: 351562500000000
5653: 352638738432000
5654: 353036920601250
5655: 353894400000000
5656: 354294000000000
5657: 355957031250000
5658: 357046722662400
5659: 358318080000000
5660: 358722675000000
5661: 360000000000000
5662: 360406494140625
5663: 361509806695680
5664: 362797056000000
5665: 363206708437500
5666: 364500000000000
5667: 366028679279376
5668: 366210937500000
5669: 367332019200000
5670: 368640000000000
5671: 369056250000000
5672: 370788574218750
5673: 371504185344000
5674: 371923669440000
5675: 373248000000000
5676: 373669453125000
5677: 375000000000000
5678: 376147987660800
5679: 376572715308000
5680: 377487360000000
5681: 377913600000000
5682: 379687500000000
5683: 380849837506560
5684: 381279874249350
5685: 381469726562500
5686: 382205952000000
5687: 382637520000000
5688: 384000000000000
5689: 384433593750000
5690: 385610460475392
5691: 386983526400000
5692: 387420489000000
5693: 388800000000000
5694: 389239013671875
5695: 390625000000000
5696: 391820820480000
5697: 392263245112500
5698: 393216000000000
5699: 393660000000000
5700: 395507812500000
5701: 396718580736000
5702: 398131200000000
5703: 398580750000000
5704: 400000000000000
5705: 400451660156250
5706: 401677562995200
5707: 403107840000000
5708: 403563009375000
5709: 405000000000000
5710: 406698532532640
5711: 408146688000000
5712: 409600000000000
5713: 410062500000000
5714: 411782264189298
5715: 411987304687500
5716: 412782428160000
5717: 413248521600000
5718: 414720000000000
5719: 415188281250000
5720: 417942208512000
5721: 418414128120000
5722: 419430400000000
5723: 419904000000000
5724: 420378134765625
5725: 421875000000000
5726: 423166486118400
5727: 423644304721500
5728: 424673280000000
5729: 425152800000000
5730: 427148437500000
5731: 428456067194880
5732: 429981696000000
5733: 430467210000000
5734: 432000000000000
5735: 432487792968750
5736: 433811768034816
5737: 435356467200000
5738: 435848050125000
5739: 437400000000000
5740: 439453125000000
5741: 440798423040000
5742: 442368000000000
5743: 442867500000000
5744: 444946289062500
5745: 446308403328000
5746: 447897600000000
5747: 448403343750000
5748: 450000000000000
5749: 451887258369600
5750: 453496320000000
5751: 454008385546875
5752: 455625000000000
5753: 457019805007872
5754: 457535849099220
5755: 457763671875000
5756: 458647142400000
5757: 459165024000000
5758: 460800000000000
5759: 461320312500000
5760: 464380231680000
5761: 464904586800000
5762: 466560000000000
5763: 467086816406250
5764: 468750000000000
5765: 470184984576000
5766: 470715894135000
5767: 471859200000000
5768: 472392000000000
5769: 474609375000000
5770: 476062296883200
5771: 476837158203125
5772: 477757440000000
5773: 478296900000000
5774: 480000000000000
5775: 480541992187500
5776: 482013075594240
5777: 483729408000000
5778: 484275611250000
5779: 486000000000000
5780: 488038239039168
5781: 488281250000000
5782: 489776025600000
5783: 490329056390625
5784: 491520000000000
5785: 492075000000000
5786: 494384765625000
5787: 495898225920000
5788: 497664000000000
5789: 498225937500000
5790: 500000000000000
5791: 502096953744000
5792: 503884800000000
5793: 504453761718750
5794: 506250000000000
5795: 507799783342080
5796: 508373165665800
5797: 509607936000000
5798: 510183360000000
5799: 512000000000000
5800: 512578125000000
5801: 514147280633856
5802: 514984130859375
5803: 515978035200000
5804: 516560652000000
5805: 518400000000000
5806: 518985351562500
5807: 522427760640000
5808: 523017660150000
5809: 524288000000000
5810: 524880000000000
5811: 527343750000000
5812: 528958107648000
5813: 529555380901875
5814: 530841600000000
5815: 531441000000000
5816: 533935546875000
5817: 535570083993600
5818: 537477120000000
5819: 538084012500000
5820: 540000000000000
5821: 542264710043520
5822: 544195584000000
5823: 544810062656250
5824: 546750000000000
5825: 549043018919064
5826: 549316406250000
5827: 550998028800000
5828: 552960000000000
5829: 553584375000000
5830: 556182861328125
5831: 557256278016000
5832: 557885504160000
5833: 559872000000000
5834: 560504179687500
5835: 562500000000000
5836: 564221981491200
5837: 564859072962000
5838: 566231040000000
5839: 566870400000000
5840: 569531250000000
5841: 571274756259840
5842: 571919811374025
5843: 572204589843750
5844: 573308928000000
5845: 573956280000000
5846: 576000000000000
5847: 576650390625000
5848: 578415690713088
5849: 580475289600000
5850: 581130733500000
5851: 583200000000000
5852: 585937500000000
5853: 587731230720000
5854: 588394867668750
5855: 589824000000000
5856: 590490000000000
5857: 593261718750000
5858: 595077871104000
5859: 597196800000000
5860: 597871125000000
5861: 600000000000000
5862: 600677490234375
5863: 602516344492800
5864: 604661760000000
5865: 605344514062500
5866: 607500000000000
5867: 610047798798960
5868: 610351562500000
5869: 612220032000000
5870: 614400000000000
5871: 615093750000000
5872: 617673396283947
5873: 617980957031250
5874: 619173642240000
5875: 619872782400000
5876: 622080000000000
5877: 622782421875000
5878: 625000000000000
5879: 626913312768000
5880: 627621192180000
5881: 629145600000000
5882: 629856000000000
5883: 632812500000000
5884: 634749729177600
5885: 635466457082250
5886: 637009920000000
5887: 637729200000000
5888: 640000000000000
5889: 640722656250000
5890: 642684100792320
5891: 644972544000000
5892: 645700815000000
5893: 648000000000000
5894: 648731689453125
5895: 650717652052224
5896: 653034700800000
5897: 653772075187500
5898: 655360000000000
5899: 656100000000000
5900: 659179687500000
5901: 661197634560000
5902: 663552000000000
5903: 664301250000000
5904: 667419433593750
5905: 669462604992000
5906: 671846400000000
5907: 672605015625000
5908: 675000000000000
5909: 677830887554400
5910: 680244480000000
5911: 683437500000000
5912: 685529707511808
5913: 686303773648830
5914: 686645507812500
5915: 687970713600000
5916: 688747536000000
5917: 691200000000000
5918: 691980468750000
5919: 696570347520000
5920: 697356880200000
5921: 699840000000000
5922: 700630224609375
5923: 703125000000000
5924: 705277476864000
5925: 706073841202500
5926: 707788800000000
5927: 708588000000000
5928: 711914062500000
5929: 714093445324800
5930: 716636160000000
5931: 717445350000000
5932: 720000000000000
5933: 720812988281250
5934: 723019613391360
5935: 725594112000000
5936: 726413416875000
5937: 729000000000000
5938: 732057358558752
5939: 732421875000000
5940: 734664038400000
5941: 737280000000000
5942: 738112500000000
5943: 741577148437500
5944: 743847338880000
5945: 746496000000000
5946: 747338906250000
5947: 750000000000000
5948: 753145430616000
5949: 755827200000000
5950: 756680642578125
5951: 759375000000000
5952: 761699675013120
5953: 762559748498700
5954: 762939453125000
5955: 764411904000000
5956: 765275040000000
5957: 768000000000000
5958: 768867187500000
5959: 771220920950784
5960: 773967052800000
5961: 774840978000000
5962: 777600000000000
5963: 778478027343750
5964: 781250000000000
5965: 783641640960000
5966: 784526490225000
5967: 786432000000000
5968: 787320000000000
5969: 791015625000000
5970: 793437161472000
5971: 796262400000000
5972: 797161500000000
5973: 800000000000000
5974: 800903320312500
5975: 803355125990400
5976: 806215680000000
5977: 807126018750000
5978: 810000000000000
5979: 813397065065280
5980: 816293376000000
5981: 817215093984375
5982: 819200000000000
5983: 820125000000000
5984: 823564528378596
5985: 823974609375000
5986: 826497043200000
5987: 829440000000000
5988: 830376562500000
5989: 836828256240000
5990: 839808000000000
5991: 840756269531250
5992: 843750000000000
5993: 846332972236800
5994: 847288609443000
5995: 849346560000000
5996: 850305600000000
5997: 854296875000000
5998: 856912134389760
5999: 858306884765625
6000: 859963392000000
6001: 860934420000000
6002: 864000000000000
6003: 864975585937500
6004: 867623536069632
6005: 870712934400000
6006: 871696100250000
6007: 874800000000000
6008: 878906250000000
6009: 881596846080000
6010: 882592301503125
6011: 884736000000000
6012: 885735000000000
6013: 889892578125000
6014: 892616806656000
6015: 895795200000000
6016: 896806687500000
6017: 900000000000000
6018: 903774516739200
6019: 906992640000000
6020: 908016771093750
6021: 911250000000000
6022: 915071698198440
6023: 915527343750000
6024: 918330048000000
6025: 921600000000000
6026: 922640625000000
6027: 926971435546875
6028: 929809173600000
6029: 933120000000000
6030: 934173632812500
6031: 937500000000000
6032: 940369969152000
6033: 941431788270000
6034: 943718400000000
6035: 944784000000000
6036: 949218750000000
6037: 952124593766400
6038: 953199685623375
6039: 953674316406250
6040: 955514880000000
6041: 956593800000000
6042: 960000000000000
6043: 961083984375000
6044: 964026151188480
6045: 967458816000000
6046: 968551222500000
6047: 972000000000000
6048: 976076478078336
6049: 976562500000000
6050: 979552051200000
6051: 980658112781250
6052: 983040000000000
6053: 984150000000000
6054: 988769531250000
6055: 991796451840000
6056: 995328000000000
6057: 996451875000000
6058: 1000000000000000
6059: 1001129150390625
6060: 1004193907488000
6061: 1007769600000000
6062: 1008907523437500
6063: 1012500000000000
6064: 1016746331331600
6065: 1020366720000000
6066: 1024000000000000
6067: 1025156250000000
6068: 1028294561267712
6069: 1029455660473245
6070: 1029968261718750
6071: 1031956070400000
6072: 1033121304000000
6073: 1036800000000000
6074: 1037970703125000
6075: 1044855521280000
6076: 1046035320300000
6077: 1048576000000000
6078: 1049760000000000
6079: 1054687500000000
6080: 1057916215296000
6081: 1059110761803750
6082: 1061683200000000
6083: 1062882000000000
6084: 1067871093750000
6085: 1071140167987200
6086: 1074954240000000
6087: 1076168025000000
6088: 1080000000000000
6089: 1081219482421875
6090: 1084529420087040
6091: 1088391168000000
6092: 1089620125312500
6093: 1093500000000000
6094: 1098086037838128
6095: 1098632812500000
6096: 1101996057600000
6097: 1105920000000000
6098: 1107168750000000
6099: 1112365722656250
6100: 1115771008320000
6101: 1119744000000000
6102: 1121008359375000
6103: 1125000000000000
6104: 1129718145924000
6105: 1133740800000000
6106: 1139062500000000
6107: 1142549512519680
6108: 1143839622748050
6109: 1144409179687500
6110: 1146617856000000
6111: 1147912560000000
6112: 1152000000000000
6113: 1153300781250000
6114: 1156831381426176
6115: 1160950579200000
6116: 1162261467000000
6117: 1166400000000000
6118: 1167717041015625
6119: 1171875000000000
6120: 1175462461440000
6121: 1176789735337500
6122: 1179648000000000
6123: 1180980000000000
6124: 1186523437500000
6125: 1190155742208000
6126: 1194393600000000
6127: 1195742250000000
6128: 1200000000000000
6129: 1201354980468750
6130: 1205032688985600
6131: 1209323520000000
6132: 1210689028125000
6133: 1215000000000000
6134: 1220095597597920
6135: 1220703125000000
6136: 1224440064000000
6137: 1228800000000000
6138: 1230187500000000
6139: 1235346792567894
6140: 1235961914062500
6141: 1239745564800000
6142: 1244160000000000
6143: 1245564843750000
6144: 1250000000000000
6145: 1255242384360000
6146: 1259712000000000
6147: 1261134404296875
6148: 1265625000000000
6149: 1269499458355200
6150: 1270932914164500
6151: 1274019840000000
6152: 1275458400000000
6153: 1280000000000000
6154: 1281445312500000
6155: 1285368201584640
6156: 1289945088000000
6157: 1291401630000000
6158: 1296000000000000
6159: 1297463378906250
6160: 1301435304104448
6161: 1306069401600000
6162: 1307544150375000
6163: 1310720000000000
6164: 1312200000000000
6165: 1318359375000000
6166: 1322395269120000
6167: 1327104000000000
6168: 1328602500000000
6169: 1334838867187500
6170: 1338925209984000
6171: 1343692800000000
6172: 1345210031250000
6173: 1350000000000000
6174: 1355661775108800
6175: 1360488960000000
6176: 1362025156640625
6177: 1366875000000000
6178: 1372607547297660
6179: 1373291015625000
6180: 1377495072000000
6181: 1382400000000000
6182: 1383960937500000
6183: 1394713760400000
6184: 1399680000000000
6185: 1401260449218750
6186: 1406250000000000
6187: 1410554953728000
6188: 1412147682405000
6189: 1415577600000000
6190: 1417176000000000
6191: 1423828125000000
6192: 1428186890649600
6193: 1430511474609375
6194: 1433272320000000
6195: 1434890700000000
6196: 1440000000000000
6197: 1441625976562500
6198: 1446039226782720
6199: 1451188224000000
6200: 1452826833750000
6201: 1458000000000000
6202: 1464114717117504
6203: 1464843750000000
6204: 1469328076800000
6205: 1470987169171875
6206: 1474560000000000
6207: 1476225000000000
6208: 1483154296875000
6209: 1487694677760000
6210: 1492992000000000
6211: 1494677812500000
6212: 1500000000000000
6213: 1506290861232000
6214: 1511654400000000
6215: 1513361285156250
6216: 1518750000000000
6217: 1525119496997400
6218: 1525878906250000
6219: 1530550080000000
6220: 1536000000000000
6221: 1537734375000000
6222: 1542441841901568
6223: 1544952392578125
6224: 1549681956000000
6225: 1555200000000000
6226: 1556956054687500
6227: 1562500000000000
6228: 1567283281920000
6229: 1569052980450000
6230: 1572864000000000
6231: 1574640000000000
6232: 1582031250000000
6233: 1586874322944000
6234: 1588666142705625
6235: 1592524800000000
6236: 1594323000000000
6237: 1600000000000000
6238: 1601806640625000
6239: 1606710251980800
6240: 1612431360000000
6241: 1614252037500000
6242: 1620000000000000
6243: 1626794130130560
6244: 1632586752000000
6245: 1634430187968750
6246: 1638400000000000
6247: 1640250000000000
6248: 1647129056757192
6249: 1647949218750000
6250: 1652994086400000
6251: 1658880000000000
6252: 1660753125000000
6253: 1668548583984375
6254: 1673656512480000
6255: 1679616000000000
6256: 1681512539062500
6257: 1687500000000000
6258: 1694577218886000
6259: 1700611200000000
6260: 1708593750000000
6261: 1713824268779520
6262: 1715759434122075
6263: 1716613769531250
6264: 1719926784000000
6265: 1721868840000000
6266: 1728000000000000
6267: 1729951171875000
6268: 1735247072139264
6269: 1741425868800000
6270: 1743392200500000
6271: 1749600000000000
6272: 1757812500000000
6273: 1763193692160000
6274: 1765184603006250
6275: 1769472000000000
6276: 1771470000000000
6277: 1779785156250000
6278: 1785233613312000
6279: 1791590400000000
6280: 1793613375000000
6281: 1800000000000000
6282: 1802032470703125
6283: 1807549033478400
6284: 1813985280000000
6285: 1816033542187500
6286: 1822500000000000
6287: 1830143396396880
6288: 1831054687500000
6289: 1836660096000000
6290: 1843200000000000
6291: 1845281250000000
6292: 1853020188851841
6293: 1853942871093750
6294: 1859618347200000
6295: 1866240000000000
6296: 1868347265625000
6297: 1875000000000000
6298: 1882863576540000
6299: 1889568000000000
6300: 1898437500000000
6301: 1904249187532800
6302: 1906399371246750
6303: 1907348632812500
6304: 1911029760000000
6305: 1913187600000000
6306: 1920000000000000
6307: 1922167968750000
6308: 1928052302376960
6309: 1934917632000000
6310: 1937102445000000
6311: 1944000000000000
6312: 1946195068359375
6313: 1952152956156672
6314: 1953125000000000
6315: 1959104102400000
6316: 1961316225562500
6317: 1966080000000000
6318: 1968300000000000
6319: 1977539062500000
6320: 1983592903680000
6321: 1990656000000000
6322: 1992903750000000
6323: 2000000000000000
6324: 2002258300781250
6325: 2008387814976000
6326: 2015539200000000
6327: 2017815046875000
6328: 2025000000000000
6329: 2033492662663200
6330: 2040733440000000
6331: 2048000000000000
6332: 2050312500000000
6333: 2058911320946490
6334: 2059936523437500
6335: 2066242608000000
6336: 2073600000000000
6337: 2075941406250000
6338: 2092070640600000
6339: 2099520000000000
6340: 2101890673828125
6341: 2109375000000000
6342: 2115832430592000
6343: 2118221523607500
6344: 2123366400000000
6345: 2125764000000000
6346: 2135742187500000
6347: 2142280335974400
6348: 2149908480000000
6349: 2152336050000000
6350: 2160000000000000
6351: 2162438964843750
6352: 2169058840174080
6353: 2176782336000000
6354: 2179240250625000
6355: 2187000000000000
6356: 2196172075676256
6357: 2197265625000000
6358: 2203992115200000
6359: 2211840000000000
6360: 2214337500000000
6361: 2224731445312500
6362: 2231542016640000
6363: 2239488000000000
6364: 2242016718750000
6365: 2250000000000000
6366: 2259436291848000
6367: 2267481600000000
6368: 2270041927734375
6369: 2278125000000000
6370: 2287679245496100
6371: 2288818359375000
6372: 2295825120000000
6373: 2304000000000000
6374: 2306601562500000
6375: 2313662762852352
6376: 2324522934000000
6377: 2332800000000000
6378: 2335434082031250
6379: 2343750000000000
6380: 2350924922880000
6381: 2353579470675000
6382: 2359296000000000
6383: 2361960000000000
6384: 2373046875000000
6385: 2380311484416000
6386: 2384185791015625
6387: 2388787200000000
6388: 2391484500000000
6389: 2400000000000000
6390: 2402709960937500
6391: 2410065377971200
6392: 2418647040000000
6393: 2421378056250000
6394: 2430000000000000
6395: 2440191195195840
6396: 2441406250000000
6397: 2448880128000000
6398: 2451645281953125
6399: 2457600000000000
6400: 2460375000000000
6401: 2470693585135788
6402: 2471923828125000
6403: 2479491129600000
6404: 2488320000000000
6405: 2491129687500000
6406: 2500000000000000
6407: 2510484768720000
6408: 2519424000000000
6409: 2522268808593750
6410: 2531250000000000
6411: 2541865828329000
6412: 2550916800000000
6413: 2560000000000000
6414: 2562890625000000
6415: 2570736403169280
6416: 2574920654296875
6417: 2582803260000000
6418: 2592000000000000
6419: 2594926757812500
6420: 2602870608208896
6421: 2612138803200000
6422: 2615088300750000
6423: 2621440000000000
6424: 2624400000000000
6425: 2636718750000000
6426: 2644790538240000
6427: 2647776904509375
6428: 2654208000000000
6429: 2657205000000000
6430: 2669677734375000
6431: 2677850419968000
6432: 2687385600000000
6433: 2690420062500000
6434: 2700000000000000
6435: 2711323550217600
6436: 2720977920000000
6437: 2724050313281250
6438: 2733750000000000
6439: 2745215094595320
6440: 2746582031250000
6441: 2754990144000000
6442: 2764800000000000
6443: 2767921875000000
6444: 2780914306640625
6445: 2789427520800000
6446: 2799360000000000
6447: 2802520898437500
6448: 2812500000000000
6449: 2824295364810000
6450: 2834352000000000
6451: 2847656250000000
6452: 2856373781299200
6453: 2859599056870125
6454: 2861022949218750
6455: 2866544640000000
6456: 2869781400000000
6457: 2880000000000000
6458: 2883251953125000
6459: 2892078453565440
6460: 2902376448000000
6461: 2905653667500000
6462: 2916000000000000
6463: 2928229434235008
6464: 2929687500000000
6465: 2938656153600000
6466: 2941974338343750
6467: 2949120000000000
6468: 2952450000000000
6469: 2966308593750000
6470: 2975389355520000
6471: 2985984000000000
6472: 2989355625000000
6473: 3000000000000000
6474: 3003387451171875
6475: 3012581722464000
6476: 3023308800000000
6477: 3026722570312500
6478: 3037500000000000
6479: 3050238993994800
6480: 3051757812500000
6481: 3061100160000000
6482: 3072000000000000
6483: 3075468750000000
6484: 3088366981419735
6485: 3089904785156250
6486: 3099363912000000
6487: 3110400000000000
6488: 3113912109375000
6489: 3125000000000000
6490: 3138105960900000
6491: 3149280000000000
6492: 3164062500000000
6493: 3173748645888000
6494: 3177332285411250
6495: 3185049600000000
6496: 3188646000000000
6497: 3200000000000000
6498: 3203613281250000
6499: 3213420503961600
6500: 3224862720000000
6501: 3228504075000000
6502: 3240000000000000
6503: 3243658447265625
6504: 3253588260261120
6505: 3265173504000000
6506: 3268860375937500
6507: 3276800000000000
6508: 3280500000000000
6509: 3294258113514384
6510: 3295898437500000
6511: 3305988172800000
6512: 3317760000000000
6513: 3321506250000000
6514: 3337097167968750
6515: 3347313024960000
6516: 3359232000000000
6517: 3363025078125000
6518: 3375000000000000
6519: 3389154437772000
6520: 3401222400000000
6521: 3417187500000000
6522: 3431518868244150
6523: 3433227539062500
6524: 3443737680000000
6525: 3456000000000000
6526: 3459902343750000
6527: 3470494144278528
6528: 3486784401000000
6529: 3499200000000000
6530: 3503151123046875
6531: 3515625000000000
6532: 3526387384320000
6533: 3530369206012500
6534: 3538944000000000
6535: 3542940000000000
6536: 3559570312500000
6537: 3570467226624000
6538: 3583180800000000
6539: 3587226750000000
6540: 3600000000000000
6541: 3604064941406250
6542: 3615098066956800
6543: 3627970560000000
6544: 3632067084375000
6545: 3645000000000000
6546: 3660286792793760
6547: 3662109375000000
6548: 3673320192000000
6549: 3686400000000000
6550: 3690562500000000
6551: 3706040377703682
6552: 3707885742187500
6553: 3719236694400000
6554: 3732480000000000
6555: 3736694531250000
6556: 3750000000000000
6557: 3765727153080000
6558: 3779136000000000
6559: 3783403212890625
6560: 3796875000000000
6561: 3812798742493500
6562: 3814697265625000
6563: 3826375200000000
6564: 3840000000000000
6565: 3844335937500000
6566: 3856104604753920
6567: 3874204890000000
6568: 3888000000000000
6569: 3892390136718750
6570: 3904305912313344
6571: 3906250000000000
6572: 3918208204800000
6573: 3922632451125000
6574: 3932160000000000
6575: 3936600000000000
6576: 3955078125000000
6577: 3967185807360000
6578: 3981312000000000
6579: 3985807500000000
6580: 4000000000000000
6581: 4004516601562500
6582: 4016775629952000
6583: 4031078400000000
6584: 4035630093750000
6585: 4050000000000000
6586: 4066985325326400
6587: 4081466880000000
6588: 4086075469921875
6589: 4096000000000000
6590: 4100625000000000
6591: 4117822641892980
6592: 4119873046875000
6593: 4132485216000000
6594: 4147200000000000
6595: 4151882812500000
6596: 4184141281200000
6597: 4199040000000000
6598: 4203781347656250
6599: 4218750000000000
6600: 4236443047215000
6601: 4251528000000000
6602: 4271484375000000
6603: 4284560671948800
6604: 4291534423828125
6605: 4304672100000000
6606: 4320000000000000
6607: 4324877929687500
6608: 4338117680348160
6609: 4353564672000000
6610: 4358480501250000
6611: 4374000000000000
6612: 4392344151352512
6613: 4394531250000000
6614: 4407984230400000
6615: 4412961507515625
6616: 4423680000000000
6617: 4428675000000000
6618: 4449462890625000
6619: 4463084033280000
6620: 4478976000000000
6621: 4484033437500000
6622: 4500000000000000
6623: 4518872583696000
6624: 4534963200000000
6625: 4540083855468750
6626: 4556250000000000
6627: 4575358490992200
6628: 4577636718750000
6629: 4591650240000000
6630: 4608000000000000
6631: 4613203125000000
6632: 4634857177734375
6633: 4649045868000000
6634: 4665600000000000
6635: 4670868164062500
6636: 4687500000000000
6637: 4707158941350000
6638: 4723920000000000
6639: 4746093750000000
6640: 4760622968832000
6641: 4765998428116875
6642: 4768371582031250
6643: 4777574400000000
6644: 4782969000000000
6645: 4800000000000000
6646: 4805419921875000
6647: 4820130755942400
6648: 4837294080000000
6649: 4842756112500000
6650: 4860000000000000
6651: 4880382390391680
6652: 4882812500000000
6653: 4897760256000000
6654: 4903290563906250
6655: 4915200000000000
6656: 4920750000000000
6657: 4941387170271576
6658: 4943847656250000
6659: 4958982259200000
6660: 4976640000000000
6661: 4982259375000000
6662: 5000000000000000
6663: 5005645751953125
6664: 5020969537440000
6665: 5038848000000000
6666: 5044537617187500
6667: 5062500000000000
6668: 5083731656658000
6669: 5101833600000000
6670: 5120000000000000
6671: 5125781250000000
6672: 5147278302366225
6673: 5149841308593750
6674: 5165606520000000
6675: 5184000000000000
6676: 5189853515625000
6677: 5205741216417792
6678: 5230176601500000
6679: 5248800000000000
6680: 5273437500000000
6681: 5289581076480000
6682: 5295553809018750
6683: 5308416000000000
6684: 5314410000000000
6685: 5339355468750000
6686: 5355700839936000
6687: 5374771200000000
6688: 5380840125000000
6689: 5400000000000000
6690: 5406097412109375
6691: 5422647100435200
6692: 5441955840000000
6693: 5448100626562500
6694: 5467500000000000
6695: 5490430189190640
6696: 5493164062500000
6697: 5509980288000000
6698: 5529600000000000
6699: 5535843750000000
6700: 5559060566555523
6701: 5561828613281250
6702: 5578855041600000
6703: 5598720000000000
6704: 5605041796875000
6705: 5625000000000000
6706: 5648590729620000
6707: 5668704000000000
6708: 5695312500000000
6709: 5719198113740250
6710: 5722045898437500
6711: 5739562800000000
6712: 5760000000000000
6713: 5766503906250000
6714: 5784156907130880
6715: 5811307335000000
6716: 5832000000000000
6717: 5838585205078125
6718: 5856458868470016
6719: 5859375000000000
6720: 5877312307200000
6721: 5883948676687500
6722: 5898240000000000
6723: 5904900000000000
6724: 5932617187500000
6725: 5950778711040000
6726: 5971968000000000
6727: 5978711250000000
6728: 6000000000000000
6729: 6006774902343750
6730: 6025163444928000
6731: 6046617600000000
6732: 6053445140625000
6733: 6075000000000000
6734: 6100477987989600
6735: 6103515625000000
6736: 6122200320000000
6737: 6144000000000000
6738: 6150937500000000
6739: 6176733962839470
6740: 6179809570312500
6741: 6198727824000000
6742: 6220800000000000
6743: 6227824218750000
6744: 6250000000000000
6745: 6276211921800000
6746: 6298560000000000
6747: 6305672021484375
6748: 6328125000000000
6749: 6354664570822500
6750: 6377292000000000
6751: 6400000000000000
6752: 6407226562500000
6753: 6426841007923200
6754: 6457008150000000
6755: 6480000000000000
6756: 6487316894531250
6757: 6507176520522240
6758: 6530347008000000
6759: 6537720751875000
6760: 6553600000000000
6761: 6561000000000000
6762: 6588516227028768
6763: 6591796875000000
6764: 6611976345600000
6765: 6635520000000000
6766: 6643012500000000
6767: 6674194335937500
6768: 6694626049920000
6769: 6718464000000000
6770: 6726050156250000
6771: 6750000000000000
6772: 6778308875544000
6773: 6802444800000000
6774: 6810125783203125
6775: 6834375000000000
6776: 6863037736488300
6777: 6866455078125000
6778: 6887475360000000
6779: 6912000000000000
6780: 6919804687500000
6781: 6973568802000000
6782: 6998400000000000
6783: 7006302246093750
6784: 7031250000000000
6785: 7060738412025000
6786: 7085880000000000
6787: 7119140625000000
6788: 7140934453248000
6789: 7152557373046875
6790: 7174453500000000
6791: 7200000000000000
6792: 7208129882812500
6793: 7230196133913600
6794: 7255941120000000
6795: 7264134168750000
6796: 7290000000000000
6797: 7320573585587520
6798: 7324218750000000
6799: 7346640384000000
6800: 7354935845859375
6801: 7372800000000000
6802: 7381125000000000
6803: 7412080755407364
6804: 7415771484375000
6805: 7438473388800000
6806: 7464960000000000
6807: 7473389062500000
6808: 7500000000000000
6809: 7531454306160000
6810: 7558272000000000
6811: 7566806425781250
6812: 7593750000000000
6813: 7625597484987000
6814: 7629394531250000
6815: 7652750400000000
6816: 7680000000000000
6817: 7688671875000000
6818: 7724761962890625
6819: 7748409780000000
6820: 7776000000000000
6821: 7784780273437500
6822: 7808611824626688
6823: 7812500000000000
6824: 7845264902250000
6825: 7873200000000000
6826: 7910156250000000
6827: 7934371614720000
6828: 7943330713528125
6829: 7962624000000000
6830: 7971615000000000
6831: 8000000000000000
6832: 8009033203125000
6833: 8033551259904000
6834: 8062156800000000
6835: 8071260187500000
6836: 8100000000000000
6837: 8133970650652800
6838: 8162933760000000
6839: 8172150939843750
6840: 8192000000000000
6841: 8201250000000000
6842: 8235645283785960
6843: 8239746093750000
6844: 8264970432000000
6845: 8294400000000000
6846: 8303765625000000
6847: 8342742919921875
6848: 8368282562400000
6849: 8398080000000000
6850: 8407562695312500
6851: 8437500000000000
6852: 8472886094430000
6853: 8503056000000000
6854: 8542968750000000
6855: 8578797170610375
6856: 8583068847656250
6857: 8609344200000000
6858: 8640000000000000
6859: 8649755859375000
6860: 8676235360696320
6861: 8716961002500000
6862: 8748000000000000
6863: 8784688302705024
6864: 8789062500000000
6865: 8815968460800000
6866: 8825923015031250
6867: 8847360000000000
6868: 8857350000000000
6869: 8898925781250000
6870: 8926168066560000
6871: 8957952000000000
6872: 8968066875000000
6873: 9000000000000000
6874: 9010162353515625
6875: 9037745167392000
6876: 9069926400000000
6877: 9080167710937500
6878: 9112500000000000
6879: 9150716981984400
6880: 9155273437500000
6881: 9183300480000000
6882: 9216000000000000
6883: 9226406250000000
6884: 9265100944259205
6885: 9269714355468750
6886: 9298091736000000
6887: 9331200000000000
6888: 9341736328125000
6889: 9375000000000000
6890: 9414317882700000
6891: 9447840000000000
6892: 9492187500000000
6893: 9531996856233750
6894: 9536743164062500
6895: 9565938000000000
6896: 9600000000000000
6897: 9610839843750000
6898: 9640261511884800
6899: 9685512225000000
6900: 9720000000000000
6901: 9730975341796875
6902: 9760764780783360
6903: 9765625000000000
6904: 9795520512000000
6905: 9806581127812500
6906: 9830400000000000
6907: 9841500000000000
6908: 9882774340543152
6909: 9887695312500000
6910: 9917964518400000
6911: 9953280000000000
6912: 9964518750000000
6913: 10000000000000000
6914: 10011291503906250
6915: 10041939074880000
6916: 10077696000000000
6917: 10089075234375000
6918: 10125000000000000
6919: 10167463313316000
6920: 10203667200000000
6921: 10240000000000000
6922: 10251562500000000
6923: 10294556604732450
6924: 10299682617187500
6925: 10331213040000000
6926: 10368000000000000
6927: 10379707031250000
6928: 10460353203000000
6929: 10497600000000000
6930: 10509453369140625
6931: 10546875000000000
6932: 10591107618037500
6933: 10628820000000000
6934: 10678710937500000
6935: 10711401679872000
6936: 10761680250000000
6937: 10800000000000000
6938: 10812194824218750
6939: 10845294200870400
6940: 10883911680000000
6941: 10896201253125000
6942: 10935000000000000
6943: 10980860378381280
6944: 10986328125000000
6945: 11019960576000000
6946: 11059200000000000
6947: 11071687500000000
6948: 11118121133111046
6949: 11123657226562500
6950: 11157710083200000
6951: 11197440000000000
6952: 11210083593750000
6953: 11250000000000000
6954: 11297181459240000
6955: 11337408000000000
6956: 11350209638671875
6957: 11390625000000000
6958: 11438396227480500
6959: 11444091796875000
6960: 11479125600000000
6961: 11520000000000000
6962: 11533007812500000
6963: 11622614670000000
6964: 11664000000000000
6965: 11677170410156250
6966: 11712917736940032
6967: 11718750000000000
6968: 11767897353375000
6969: 11809800000000000
6970: 11865234375000000
6971: 11901557422080000
6972: 11920928955078125
6973: 11957422500000000
6974: 12000000000000000
6975: 12013549804687500
6976: 12050326889856000
6977: 12093235200000000
6978: 12106890281250000
6979: 12150000000000000
6980: 12200955975979200
6981: 12207031250000000
6982: 12244400640000000
6983: 12258226409765625
6984: 12288000000000000
6985: 12301875000000000
6986: 12353467925678940
6987: 12359619140625000
6988: 12397455648000000
6989: 12441600000000000
6990: 12455648437500000
6991: 12500000000000000
6992: 12552423843600000
6993: 12597120000000000
6994: 12611344042968750
6995: 12656250000000000
6996: 12709329141645000
6997: 12754584000000000
6998: 12800000000000000
6999: 12814453125000000
7000: 12874603271484375
7001: 12914016300000000
7002: 12960000000000000
7003: 12974633789062500
7004: 13014353041044480
7005: 13075441503750000
7006: 13122000000000000
7007: 13177032454057536
7008: 13183593750000000
7009: 13223952691200000
7010: 13238884522546875
7011: 13271040000000000
7012: 13286025000000000
7013: 13348388671875000
7014: 13389252099840000
7015: 13436928000000000
7016: 13452100312500000
7017: 13500000000000000
7018: 13556617751088000
7019: 13604889600000000
7020: 13620251566406250
7021: 13668750000000000
7022: 13726075472976600
7023: 13732910156250000
7024: 13774950720000000
7025: 13824000000000000
7026: 13839609375000000
7027: 13904571533203125
7028: 13947137604000000
7029: 13996800000000000
7030: 14012604492187500
7031: 14062500000000000
7032: 14121476824050000
7033: 14171760000000000
7034: 14238281250000000
7035: 14297995284350625
7036: 14305114746093750
7037: 14348907000000000
7038: 14400000000000000
7039: 14416259765625000
7040: 14460392267827200
7041: 14528268337500000
7042: 14580000000000000
7043: 14641147171175040
7044: 14648437500000000
7045: 14693280768000000
7046: 14709871691718750
7047: 14745600000000000
7048: 14762250000000000
7049: 14824161510814728
7050: 14831542968750000
7051: 14876946777600000
7052: 14929920000000000
7053: 14946778125000000
7054: 15000000000000000
7055: 15016937255859375
7056: 15062908612320000
7057: 15116544000000000
7058: 15133612851562500
7059: 15187500000000000
7060: 15251194969974000
7061: 15258789062500000
7062: 15305500800000000
7063: 15360000000000000
7064: 15377343750000000
7065: 15441834907098675
7066: 15449523925781250
7067: 15496819560000000
7068: 15552000000000000
7069: 15569560546875000
7070: 15625000000000000
7071: 15690529804500000
7072: 15746400000000000
7073: 15820312500000000
7074: 15886661427056250
7075: 15943230000000000
7076: 16000000000000000
7077: 16018066406250000
7078: 16067102519808000
7079: 16142520375000000
7080: 16200000000000000
7081: 16218292236328125
7082: 16267941301305600
7083: 16325867520000000
7084: 16344301879687500
7085: 16384000000000000
7086: 16402500000000000
7087: 16471290567571920
7088: 16479492187500000
7089: 16529940864000000
7090: 16588800000000000
7091: 16607531250000000
7092: 16677181699666569
7093: 16685485839843750
7094: 16736565124800000
7095: 16796160000000000
7096: 16815125390625000
7097: 16875000000000000
7098: 16945772188860000
7099: 17006112000000000
7100: 17085937500000000
7101: 17157594341220750
7102: 17166137695312500
7103: 17218688400000000
7104: 17280000000000000
7105: 17299511718750000
7106: 17433922005000000
7107: 17496000000000000
7108: 17515755615234375
7109: 17569376605410048
7110: 17578125000000000
7111: 17651846030062500
7112: 17714700000000000
7113: 17797851562500000
7114: 17852336133120000
7115: 17936133750000000
7116: 18000000000000000
7117: 18020324707031250
7118: 18075490334784000
7119: 18139852800000000
7120: 18160335421875000
7121: 18225000000000000
7122: 18301433963968800
7123: 18310546875000000
7124: 18366600960000000
7125: 18432000000000000
7126: 18452812500000000
7127: 18530201888518410
7128: 18539428710937500
7129: 18596183472000000
7130: 18662400000000000
7131: 18683472656250000
7132: 18750000000000000
7133: 18828635765400000
7134: 18895680000000000
7135: 18917016064453125
7136: 18984375000000000
7137: 19063993712467500
7138: 19073486328125000
7139: 19131876000000000
7140: 19200000000000000
7141: 19221679687500000
7142: 19371024450000000
7143: 19440000000000000
7144: 19461950683593750
7145: 19521529561566720
7146: 19531250000000000
7147: 19613162255625000
7148: 19683000000000000
7149: 19765548681086304
7150: 19775390625000000
7151: 19835929036800000
7152: 19929037500000000
7153: 20000000000000000
7154: 20022583007812500
7155: 20083878149760000
7156: 20155392000000000
7157: 20178150468750000
7158: 20250000000000000
7159: 20334926626632000
7160: 20407334400000000
7161: 20430377349609375
7162: 20480000000000000
7163: 20503125000000000
7164: 20589113209464900
7165: 20599365234375000
7166: 20662426080000000
7167: 20736000000000000
7168: 20759414062500000
7169: 20920706406000000
7170: 20995200000000000
7171: 21018906738281250
7172: 21093750000000000
7173: 21182215236075000
7174: 21257640000000000
7175: 21357421875000000
7176: 21457672119140625
7177: 21523360500000000
7178: 21600000000000000
7179: 21624389648437500
7180: 21690588401740800
7181: 21792402506250000
7182: 21870000000000000
7183: 21961720756762560
7184: 21972656250000000
7185: 22039921152000000
7186: 22064807537578125
7187: 22118400000000000
7188: 22143375000000000
7189: 22236242266222092
7190: 22247314453125000
7191: 22315420166400000
7192: 22394880000000000
7193: 22420167187500000
7194: 22500000000000000
7195: 22594362918480000
7196: 22674816000000000
7197: 22700419277343750
7198: 22781250000000000
7199: 22876792454961000
7200: 22888183593750000
7201: 22958251200000000
7202: 23040000000000000
7203: 23066015625000000
7204: 23174285888671875
7205: 23245229340000000
7206: 23328000000000000
7207: 23354340820312500
7208: 23437500000000000
7209: 23535794706750000
7210: 23619600000000000
7211: 23730468750000000
7212: 23829992140584375
7213: 23841857910156250
7214: 23914845000000000
7215: 24000000000000000
7216: 24027099609375000
7217: 24100653779712000
7218: 24213780562500000
7219: 24300000000000000
7220: 24401911951958400
7221: 24414062500000000
7222: 24488801280000000
7223: 24516452819531250
7224: 24576000000000000
7225: 24603750000000000
7226: 24706935851357880
7227: 24719238281250000
7228: 24794911296000000
7229: 24883200000000000
7230: 24911296875000000
7231: 25000000000000000
7232: 25028228759765625
7233: 25104847687200000
7234: 25194240000000000
7235: 25222688085937500
7236: 25312500000000000
7237: 25418658283290000
7238: 25509168000000000
7239: 25600000000000000
7240: 25628906250000000
7241: 25736391511831125
7242: 25749206542968750
7243: 25828032600000000
7244: 25920000000000000
7245: 25949267578125000
7246: 26150883007500000
7247: 26244000000000000
7248: 26354064908115072
7249: 26367187500000000
7250: 26477769045093750
7251: 26572050000000000
7252: 26696777343750000
7253: 26778504199680000
7254: 26904200625000000
7255: 27000000000000000
7256: 27030487060546875
7257: 27113235502176000
7258: 27209779200000000
7259: 27240503132812500
7260: 27337500000000000
7261: 27452150945953200
7262: 27465820312500000
7263: 27549901440000000
7264: 27648000000000000
7265: 27679218750000000
7266: 27795302832777615
7267: 27809143066406250
7268: 27894275208000000
7269: 27993600000000000
7270: 28025208984375000
7271: 28125000000000000
7272: 28242953648100000
7273: 28343520000000000
7274: 28476562500000000
7275: 28595990568701250
7276: 28610229492187500
7277: 28697814000000000
7278: 28800000000000000
7279: 28832519531250000
7280: 29056536675000000
7281: 29160000000000000
7282: 29192926025390625
7283: 29282294342350080
7284: 29296875000000000
7285: 29419743383437500
7286: 29524500000000000
7287: 29648323021629456
7288: 29663085937500000
7289: 29753893555200000
7290: 29893556250000000
7291: 30000000000000000
7292: 30033874511718750
7293: 30125817224640000
7294: 30233088000000000
7295: 30267225703125000
7296: 30375000000000000
7297: 30502389939948000
7298: 30517578125000000
7299: 30611001600000000
7300: 30720000000000000
7301: 30754687500000000
7302: 30883669814197350
7303: 30899047851562500
7304: 30993639120000000
7305: 31104000000000000
7306: 31139121093750000
7307: 31250000000000000
7308: 31381059609000000
7309: 31492800000000000
7310: 31528360107421875
7311: 31640625000000000
7312: 31773322854112500
7313: 31886460000000000
7314: 32000000000000000
7315: 32036132812500000
7316: 32285040750000000
7317: 32400000000000000
7318: 32436584472656250
7319: 32535882602611200
7320: 32688603759375000
7321: 32805000000000000
7322: 32942581135143840
7323: 32958984375000000
7324: 33059881728000000
7325: 33215062500000000
7326: 33354363399333138
7327: 33370971679687500
7328: 33473130249600000
7329: 33592320000000000
7330: 33630250781250000
7331: 33750000000000000
7332: 33891544377720000
7333: 34012224000000000
7334: 34050628916015625
7335: 34171875000000000
7336: 34315188682441500
7337: 34332275390625000
7338: 34437376800000000
7339: 34560000000000000
7340: 34599023437500000
7341: 34867844010000000
7342: 34992000000000000
7343: 35031511230468750
7344: 35156250000000000
7345: 35303692060125000
7346: 35429400000000000
7347: 35595703125000000
7348: 35762786865234375
7349: 35872267500000000
7350: 36000000000000000
7351: 36040649414062500
7352: 36150980669568000
7353: 36320670843750000
7354: 36450000000000000
7355: 36602867927937600
7356: 36621093750000000
7357: 36733201920000000
7358: 36774679229296875
7359: 36864000000000000
7360: 36905625000000000
7361: 37060403777036820
7362: 37078857421875000
7363: 37192366944000000
7364: 37324800000000000
7365: 37366945312500000
7366: 37500000000000000
7367: 37657271530800000
7368: 37791360000000000
7369: 37834032128906250
7370: 37968750000000000
7371: 38127987424935000
7372: 38146972656250000
7373: 38263752000000000
7374: 38400000000000000
7375: 38443359375000000
7376: 38623809814453125
7377: 38742048900000000
7378: 38880000000000000
7379: 38923901367187500
7380: 39062500000000000
7381: 39226324511250000
7382: 39366000000000000
7383: 39531097362172608
7384: 39550781250000000
7385: 39716653567640625
7386: 39858075000000000
7387: 40000000000000000
7388: 40045166015625000
7389: 40167756299520000
7390: 40356300937500000
7391: 40500000000000000
7392: 40669853253264000
7393: 40814668800000000
7394: 40860754699218750
7395: 40960000000000000
7396: 41006250000000000
7397: 41178226418929800
7398: 41198730468750000
7399: 41324852160000000
7400: 41472000000000000
7401: 41518828125000000
7402: 41713714599609375
7403: 41841412812000000
7404: 41990400000000000
7405: 42037813476562500
7406: 42187500000000000
7407: 42364430472150000
7408: 42515280000000000
7409: 42714843750000000
7410: 42893985853051875
7411: 42915344238281250
7412: 43046721000000000
7413: 43200000000000000
7414: 43248779296875000
7415: 43584805012500000
7416: 43740000000000000
7417: 43923441513525120
7418: 43945312500000000
7419: 44129615075156250
7420: 44286750000000000
7421: 44472484532444184
7422: 44494628906250000
7423: 44630840332800000
7424: 44840334375000000
7425: 45000000000000000
7426: 45050811767578125
7427: 45188725836960000
7428: 45349632000000000
7429: 45400838554687500
7430: 45562500000000000
7431: 45753584909922000
7432: 45776367187500000
7433: 45916502400000000
7434: 46080000000000000
7435: 46132031250000000
7436: 46325504721296025
7437: 46348571777343750
7438: 46490458680000000
7439: 46656000000000000
7440: 46708681640625000
7441: 46875000000000000
7442: 47071589413500000
7443: 47239200000000000
7444: 47460937500000000
7445: 47659984281168750
7446: 47683715820312500
7447: 47829690000000000
7448: 48000000000000000
7449: 48054199218750000
7450: 48427561125000000
7451: 48600000000000000
7452: 48654876708984375
7453: 48803823903916800
7454: 48828125000000000
7455: 49032905639062500
7456: 49207500000000000
7457: 49413871702715760
7458: 49438476562500000
7459: 49589822592000000
7460: 49822593750000000
7461: 50000000000000000
7462: 50031545098999707
7463: 50056457519531250
7464: 50209695374400000
7465: 50388480000000000
7466: 50445376171875000
7467: 50625000000000000
7468: 50837316566580000
7469: 51018336000000000
7470: 51200000000000000
7471: 51257812500000000
7472: 51472783023662250
7473: 51498413085937500
7474: 51656065200000000
7475: 51840000000000000
7476: 51898535156250000
7477: 52301766015000000
7478: 52488000000000000
7479: 52547266845703125
7480: 52734375000000000
7481: 52955538090187500
7482: 53144100000000000
7483: 53393554687500000
7484: 53808401250000000
7485: 54000000000000000
7486: 54060974121093750
7487: 54226471004352000
7488: 54481006265625000
7489: 54675000000000000
7490: 54904301891906400
7491: 54931640625000000
7492: 55099802880000000
7493: 55358437500000000
7494: 55590605665555230
7495: 55618286132812500
7496: 55788550416000000
7497: 55987200000000000
7498: 56050417968750000
7499: 56250000000000000
7500: 56485907296200000
7501: 56687040000000000
7502: 56751048193359375
7503: 56953125000000000
7504: 57191981137402500
7505: 57220458984375000
7506: 57395628000000000
7507: 57600000000000000
7508: 57665039062500000
7509: 58113073350000000
7510: 58320000000000000
7511: 58385852050781250
7512: 58593750000000000
7513: 58839486766875000
7514: 59049000000000000
7515: 59296646043258912
7516: 59326171875000000
7517: 59604644775390625
7518: 59787112500000000
7519: 60000000000000000
7520: 60067749023437500
7521: 60251634449280000
7522: 60534451406250000
7523: 60750000000000000
7524: 61004779879896000
7525: 61035156250000000
7526: 61222003200000000
7527: 61291132048828125
7528: 61440000000000000
7529: 61509375000000000
7530: 61767339628394700
7531: 61798095703125000
7532: 61987278240000000
7533: 62208000000000000
7534: 62278242187500000
7535: 62500000000000000
7536: 62762119218000000
7537: 62985600000000000
7538: 63056720214843750
7539: 63281250000000000
7540: 63546645708225000
7541: 63772920000000000
7542: 64000000000000000
7543: 64072265625000000
7544: 64373016357421875
7545: 64570081500000000
7546: 64800000000000000
7547: 64873168945312500
7548: 65377207518750000
7549: 65610000000000000
7550: 65885162270287680
7551: 65917968750000000
7552: 66194422612734375
7553: 66430125000000000
7554: 66708726798666276
7555: 66741943359375000
7556: 66946260499200000
7557: 67260501562500000
7558: 67500000000000000
7559: 67783088755440000
7560: 68024448000000000
7561: 68101257832031250
7562: 68343750000000000
7563: 68630377364883000
7564: 68664550781250000
7565: 68874753600000000
7566: 69120000000000000
7567: 69198046875000000
7568: 69522857666015625
7569: 69735688020000000
7570: 69984000000000000
7571: 70063022460937500
7572: 70312500000000000
7573: 70607384120250000
7574: 70858800000000000
7575: 71191406250000000
7576: 71489976421753125
7577: 71525573730468750
7578: 71744535000000000
7579: 72000000000000000
7580: 72081298828125000
7581: 72641341687500000
7582: 72900000000000000
7583: 73205735855875200
7584: 73242187500000000
7585: 73549358458593750
7586: 73811250000000000
7587: 74120807554073640
7588: 74157714843750000
7589: 74384733888000000
7590: 74733890625000000
7591: 75000000000000000
7592: 75084686279296875
7593: 75314543061600000
7594: 75582720000000000
7595: 75668064257812500
7596: 75937500000000000
7597: 76255974849870000
7598: 76293945312500000
7599: 76527504000000000
7600: 76800000000000000
7601: 76886718750000000
7602: 77209174535493375
7603: 77247619628906250
7604: 77484097800000000
7605: 77760000000000000
7606: 77847802734375000
7607: 78125000000000000
7608: 78452649022500000
7609: 78732000000000000
7610: 79101562500000000
7611: 79433307135281250
7612: 79716150000000000
7613: 80000000000000000
7614: 80090332031250000
7615: 80712601875000000
7616: 81000000000000000
7617: 81091461181640625
7618: 81339706506528000
7619: 81721509398437500
7620: 82012500000000000
7621: 82356452837859600
7622: 82397460937500000
7623: 82649704320000000
7624: 83037656250000000
7625: 83385908498332845
7626: 83427429199218750
7627: 83682825624000000
7628: 83980800000000000
7629: 84075626953125000
7630: 84375000000000000
7631: 84728860944300000
7632: 85030560000000000
7633: 85429687500000000
7634: 85787971706103750
7635: 85830688476562500
7636: 86093442000000000
7637: 86400000000000000
7638: 86497558593750000
7639: 87169610025000000
7640: 87480000000000000
7641: 87578778076171875
7642: 87890625000000000
7643: 88259230150312500
7644: 88573500000000000
7645: 88944969064888368
7646: 88989257812500000
7647: 89680668750000000
7648: 90000000000000000
7649: 90101623535156250
7650: 90377451673920000
7651: 90801677109375000
7652: 91125000000000000
7653: 91507169819844000
7654: 91552734375000000
7655: 91833004800000000
7656: 92264062500000000
7657: 92651009442592050
7658: 92697143554687500
7659: 92980917360000000
7660: 93312000000000000
7661: 93417363281250000
7662: 93750000000000000
7663: 94143178827000000
7664: 94478400000000000
7665: 94585080322265625
7666: 94921875000000000
7667: 95319968562337500
7668: 95367431640625000
7669: 95659380000000000
7670: 96000000000000000
7671: 96108398437500000
7672: 96855122250000000
7673: 97200000000000000
7674: 97309753417968750
7675: 97656250000000000
7676: 98065811278125000
7677: 98415000000000000
7678: 98827743405431520
7679: 98876953125000000
7680: 99645187500000000
7681: 100000000000000000
7682: 100063090197999414
7683: 100112915039062500
7684: 100419390748800000
7685: 100890752343750000
7686: 101250000000000000
7687: 101674633133160000
7688: 102036672000000000
7689: 102151886748046875
7690: 102400000000000000
7691: 102515625000000000
7692: 102945566047324500
7693: 102996826171875000
7694: 103312130400000000
7695: 103680000000000000
7696: 103797070312500000
7697: 104603532030000000
7698: 104976000000000000
7699: 105094533691406250
7700: 105468750000000000
7701: 105911076180375000
7702: 106288200000000000
7703: 106787109375000000
7704: 107288360595703125
7705: 107616802500000000
7706: 108000000000000000
7707: 108121948242187500
7708: 108962012531250000
7709: 109350000000000000
7710: 109808603783812800
7711: 109863281250000000
7712: 110324037687890625
7713: 110716875000000000
7714: 111181211331110460
7715: 111236572265625000
7716: 111577100832000000
7717: 112100835937500000
7718: 112500000000000000
7719: 112971814592400000
7720: 113374080000000000
7721: 113502096386718750
7722: 113906250000000000
7723: 114383962274805000
7724: 114440917968750000
7725: 114791256000000000
7726: 115200000000000000
7727: 115330078125000000
7728: 115871429443359375
7729: 116226146700000000
7730: 116640000000000000
7731: 116771704101562500
7732: 117187500000000000
7733: 117678973533750000
7734: 118098000000000000
7735: 118652343750000000
7736: 119149960702921875
7737: 119209289550781250
7738: 119574225000000000
7739: 120000000000000000
7740: 120135498046875000
7741: 121068902812500000
7742: 121500000000000000
7743: 122009559759792000
7744: 122070312500000000
7745: 122582264097656250
7746: 123018750000000000
7747: 123534679256789400
7748: 123596191406250000
7749: 123974556480000000
7750: 124556484375000000
7751: 125000000000000000
7752: 125141143798828125
7753: 125524238436000000
7754: 125971200000000000
7755: 126113440429687500
7756: 126562500000000000
7757: 127093291416450000
7758: 127545840000000000
7759: 128000000000000000
7760: 128144531250000000
7761: 128681957559155625
7762: 128746032714843750
7763: 129140163000000000
7764: 129600000000000000
7765: 129746337890625000
7766: 130754415037500000
7767: 131220000000000000
7768: 131835937500000000
7769: 132388845225468750
7770: 132860250000000000
7771: 133417453597332552
7772: 133483886718750000
7773: 134521003125000000
7774: 135000000000000000
7775: 135152435302734375
7776: 135566177510880000
7777: 136202515664062500
7778: 136687500000000000
7779: 137260754729766000
7780: 137329101562500000
7781: 137749507200000000
7782: 138396093750000000
7783: 138976514163888075
7784: 139045715332031250
7785: 139471376040000000
7786: 139968000000000000
7787: 140126044921875000
7788: 140625000000000000
7789: 141214768240500000
7790: 141717600000000000
7791: 142382812500000000
7792: 142979952843506250
7793: 143051147460937500
7794: 143489070000000000
7795: 144000000000000000
7796: 144162597656250000
7797: 145282683375000000
7798: 145800000000000000
7799: 145964630126953125
7800: 146484375000000000
7801: 147098716917187500
7802: 147622500000000000
7803: 148241615108147280
7804: 148315429687500000
7805: 149467781250000000
7806: 150000000000000000
7807: 150094635296999121
7808: 150169372558593750
7809: 150629086123200000
7810: 151336128515625000
7811: 151875000000000000
7812: 152511949699740000
7813: 152587890625000000
7814: 153055008000000000
7815: 153773437500000000
7816: 154418349070986750
7817: 154495239257812500
7818: 154968195600000000
7819: 155520000000000000
7820: 155695605468750000
7821: 156250000000000000
7822: 156905298045000000
7823: 157464000000000000
7824: 157641800537109375
7825: 158203125000000000
7826: 158866614270562500
7827: 159432300000000000
7828: 160000000000000000
7829: 160180664062500000
7830: 161425203750000000
7831: 162000000000000000
7832: 162182922363281250
7833: 163443018796875000
7834: 164025000000000000
7835: 164712905675719200
7836: 164794921875000000
7837: 166075312500000000
7838: 166771816996665690
7839: 166854858398437500
7840: 167365651248000000
7841: 168151253906250000
7842: 168750000000000000
7843: 169457721888600000
7844: 170061120000000000
7845: 170253144580078125
7846: 170859375000000000
7847: 171575943412207500
7848: 171661376953125000
7849: 172186884000000000
7850: 172800000000000000
7851: 172995117187500000
7852: 174339220050000000
7853: 174960000000000000
7854: 175157556152343750
7855: 175781250000000000
7856: 176518460300625000
7857: 177147000000000000
7858: 177978515625000000
7859: 178813934326171875
7860: 179361337500000000
7861: 180000000000000000
7862: 180203247070312500
7863: 181603354218750000
7864: 182250000000000000
7865: 183014339639688000
7866: 183105468750000000
7867: 183873396146484375
7868: 184528125000000000
7869: 185302018885184100
7870: 185394287109375000
7871: 185961834720000000
7872: 186834726562500000
7873: 187500000000000000
7874: 188286357654000000
7875: 188956800000000000
7876: 189170160644531250
7877: 189843750000000000
7878: 190639937124675000
7879: 190734863281250000
7880: 191318760000000000
7881: 192000000000000000
7882: 192216796875000000
7883: 193119049072265625
7884: 193710244500000000
7885: 194400000000000000
7886: 194619506835937500
7887: 195312500000000000
7888: 196131622556250000
7889: 196830000000000000
7890: 197753906250000000
7891: 198583267838203125
7892: 199290375000000000
7893: 200000000000000000
7894: 200126180395998828
7895: 200225830078125000
7896: 201781504687500000
7897: 202500000000000000
7898: 203349266266320000
7899: 204303773496093750
7900: 205031250000000000
7901: 205891132094649000
7902: 205993652343750000
7903: 206624260800000000
7904: 207594140625000000
7905: 208568572998046875
7906: 209207064060000000
7907: 209952000000000000
7908: 210189067382812500
7909: 210937500000000000
7910: 211822152360750000
7911: 212576400000000000
7912: 213574218750000000
7913: 214469929265259375
7914: 214576721191406250
7915: 215233605000000000
7916: 216000000000000000
7917: 216243896484375000
7918: 217924025062500000
7919: 218700000000000000
7920: 219726562500000000
7921: 220648075375781250
7922: 221433750000000000
7923: 222362422662220920
7924: 222473144531250000
7925: 224201671875000000
7926: 225000000000000000
7927: 225254058837890625
7928: 225943629184800000
7929: 227004192773437500
7930: 227812500000000000
7931: 228767924549610000
7932: 228881835937500000
7933: 229582512000000000
7934: 230660156250000000
7935: 231627523606480125
7936: 231742858886718750
7937: 232452293400000000
7938: 233280000000000000
7939: 233543408203125000
7940: 234375000000000000
7941: 235357947067500000
7942: 236196000000000000
7943: 237304687500000000
7944: 238299921405843750
7945: 238418579101562500
7946: 239148450000000000
7947: 240000000000000000
7948: 240270996093750000
7949: 242137805625000000
7950: 243000000000000000
7951: 243274383544921875
7952: 244140625000000000
7953: 245164528195312500
7954: 246037500000000000
7955: 247069358513578800
7956: 247192382812500000
7957: 249112968750000000
7958: 250000000000000000
7959: 250157725494998535
7960: 250282287597656250
7961: 251048476872000000
7962: 252226880859375000
7963: 253125000000000000
7964: 254186582832900000
7965: 255091680000000000
7966: 256289062500000000
7967: 257363915118311250
7968: 257492065429687500
7969: 258280326000000000
7970: 259200000000000000
7971: 259492675781250000
7972: 261508830075000000
7973: 262440000000000000
7974: 262736334228515625
7975: 263671875000000000
7976: 264777690450937500
7977: 265720500000000000
7978: 266967773437500000
7979: 269042006250000000
7980: 270000000000000000
7981: 270304870605468750
7982: 272405031328125000
7983: 273375000000000000
7984: 274521509459532000
7985: 274658203125000000
7986: 276792187500000000
7987: 277953028327776150
7988: 278091430664062500
7989: 278942752080000000
7990: 280252089843750000
7991: 281250000000000000
7992: 282429536481000000
7993: 283435200000000000
7994: 283755240966796875
7995: 284765625000000000
7996: 285959905687012500
7997: 286102294921875000
7998: 286978140000000000
7999: 288000000000000000
8000: 288325195312500000
8001: 290565366750000000
8002: 291600000000000000
8003: 291929260253906250
8004: 292968750000000000
8005: 294197433834375000
8006: 295245000000000000
8007: 296630859375000000
8008: 298023223876953125
8009: 298935562500000000
8010: 300000000000000000
8011: 300189270593998242
8012: 300338745117187500
8013: 302672257031250000
8014: 303750000000000000
8015: 305023899399480000
8016: 305175781250000000
8017: 306455660244140625
8018: 307546875000000000
8019: 308836698141973500
8020: 308990478515625000
8021: 309936391200000000
8022: 311391210937500000
8023: 312500000000000000
8024: 313810596090000000
8025: 314928000000000000
8026: 315283601074218750
8027: 316406250000000000
8028: 317733228541125000
8029: 318864600000000000
8030: 320000000000000000
8031: 320361328125000000
8032: 321865081787109375
8033: 322850407500000000
8034: 324000000000000000
8035: 324365844726562500
8036: 326886037593750000
8037: 328050000000000000
8038: 329589843750000000
8039: 330972113063671875
8040: 332150625000000000
8041: 333543633993331380
8042: 333709716796875000
8043: 336302507812500000
8044: 337500000000000000
8045: 338915443777200000
8046: 340506289160156250
8047: 341718750000000000
8048: 343151886824415000
8049: 343322753906250000
8050: 344373768000000000
8051: 345990234375000000
8052: 347614288330078125
8053: 348678440100000000
8054: 349920000000000000
8055: 350315112304687500
8056: 351562500000000000
8057: 353036920601250000
8058: 354294000000000000
8059: 355957031250000000
8060: 357449882108765625
8061: 357627868652343750
8062: 358722675000000000
8063: 360000000000000000
8064: 360406494140625000
8065: 363206708437500000
8066: 364500000000000000
8067: 366210937500000000
8068: 367746792292968750
8069: 369056250000000000
8070: 370604037770368200
8071: 370788574218750000
8072: 373669453125000000
8073: 375000000000000000
8074: 375423431396484375
8075: 376572715308000000
8076: 378340321289062500
8077: 379687500000000000
8078: 381279874249350000
8079: 381469726562500000
8080: 382637520000000000
8081: 384433593750000000
8082: 386045872677466875
8083: 386238098144531250
8084: 387420489000000000
8085: 388800000000000000
8086: 389239013671875000
8087: 390625000000000000
8088: 392263245112500000
8089: 393660000000000000
8090: 395507812500000000
8091: 397166535676406250
8092: 398580750000000000
8093: 400000000000000000
8094: 400451660156250000
8095: 403563009375000000
8096: 405000000000000000
8097: 405457305908203125
8098: 408607546992187500
8099: 410062500000000000
8100: 411782264189298000
8101: 411987304687500000
8102: 415188281250000000
8103: 416929542491664225
8104: 417137145996093750
8105: 418414128120000000
8106: 420378134765625000
8107: 421875000000000000
8108: 423644304721500000
8109: 425152800000000000
8110: 427148437500000000
8111: 428939858530518750
8112: 429153442382812500
8113: 430467210000000000
8114: 432000000000000000
8115: 432487792968750000
8116: 435848050125000000
8117: 437400000000000000
8118: 437893890380859375
8119: 439453125000000000
8120: 441296150751562500
8121: 442867500000000000
8122: 444946289062500000
8123: 448403343750000000
8124: 450000000000000000
8125: 450283905890997363
8126: 450508117675781250
8127: 454008385546875000
8128: 455625000000000000
8129: 457535849099220000
8130: 457763671875000000
8131: 461320312500000000
8132: 463255047212960250
8133: 463485717773437500
8134: 464904586800000000
8135: 467086816406250000
8136: 468750000000000000
8137: 470715894135000000
8138: 472392000000000000
8139: 472925401611328125
8140: 474609375000000000
8141: 476599842811687500
8142: 476837158203125000
8143: 478296900000000000
8144: 480000000000000000
8145: 480541992187500000
8146: 484275611250000000
8147: 486000000000000000
8148: 486548767089843750
8149: 488281250000000000
8150: 490329056390625000
8151: 492075000000000000
8152: 494384765625000000
8153: 498225937500000000
8154: 500000000000000000
8155: 500315450989997070
8156: 500564575195312500
8157: 504453761718750000
8158: 506250000000000000
8159: 508373165665800000
8160: 510759433740234375
8161: 512578125000000000
8162: 514727830236622500
8163: 514984130859375000
8164: 516560652000000000
8165: 518985351562500000
8166: 523017660150000000
8167: 524880000000000000
8168: 525472668457031250
8169: 527343750000000000
8170: 529555380901875000
8171: 531441000000000000
8172: 533935546875000000
8173: 536441802978515625
8174: 538084012500000000
8175: 540000000000000000
8176: 540609741210937500
8177: 544810062656250000
8178: 546750000000000000
8179: 549316406250000000
8180: 551620188439453125
8181: 553584375000000000
8182: 555906056655552300
8183: 556182861328125000
8184: 560504179687500000
8185: 562500000000000000
8186: 564859072962000000
8187: 567510481933593750
8188: 569531250000000000
8189: 571919811374025000
8190: 572204589843750000
8191: 573956280000000000
8192: 576650390625000000
8193: 579357147216796875
8194: 581130733500000000
8195: 583200000000000000
8196: 583858520507812500
8197: 585937500000000000
8198: 588394867668750000
8199: 590490000000000000
8200: 593261718750000000
8201: 595749803514609375
8202: 596046447753906250
8203: 597871125000000000
8204: 600000000000000000
8205: 600677490234375000
8206: 605344514062500000
8207: 607500000000000000
8208: 610351562500000000
8209: 612911320488281250
8210: 615093750000000000
8211: 617673396283947000
8212: 617980957031250000
8213: 622782421875000000
8214: 625000000000000000
8215: 625705718994140625
8216: 627621192180000000
8217: 630567202148437500
8218: 632812500000000000
8219: 635466457082250000
8220: 637729200000000000
8221: 640722656250000000
8222: 643409787795778125
8223: 643730163574218750
8224: 645700815000000000
8225: 648000000000000000
8226: 648731689453125000
8227: 653772075187500000
8228: 656100000000000000
8229: 659179687500000000
8230: 661944226127343750
8231: 664301250000000000
8232: 667419433593750000
8233: 672605015625000000
8234: 675000000000000000
8235: 675762176513671875
8236: 681012578320312500
8237: 683437500000000000
8238: 686303773648830000
8239: 686645507812500000
8240: 691980468750000000
8241: 694882570819440375
8242: 695228576660156250
8243: 697356880200000000
8244: 700630224609375000
8245: 703125000000000000
8246: 706073841202500000
8247: 708588000000000000
8248: 711914062500000000
8249: 714899764217531250
8250: 715255737304687500
8251: 717445350000000000
8252: 720000000000000000
8253: 720812988281250000
8254: 726413416875000000
8255: 729000000000000000
8256: 729823150634765625
8257: 732421875000000000
8258: 735493584585937500
8259: 738112500000000000
8260: 741577148437500000
8261: 747338906250000000
8262: 750000000000000000
8263: 750473176484995605
8264: 750846862792968750
8265: 756680642578125000
8266: 759375000000000000
8267: 762559748498700000
8268: 762939453125000000
8269: 768867187500000000
8270: 772091745354933750
8271: 772476196289062500
8272: 774840978000000000
8273: 778478027343750000
8274: 781250000000000000
8275: 784526490225000000
8276: 787320000000000000
8277: 788209002685546875
8278: 791015625000000000
8279: 794333071352812500
8280: 797161500000000000
8281: 800000000000000000
8282: 800903320312500000
8283: 807126018750000000
8284: 810000000000000000
8285: 810914611816406250
8286: 817215093984375000
8287: 820125000000000000
8288: 823974609375000000
8289: 830376562500000000
8290: 833859084983328450
8291: 834274291992187500
8292: 840756269531250000
8293: 843750000000000000
8294: 847288609443000000
8295: 851265722900390625
8296: 854296875000000000
8297: 857879717061037500
8298: 858306884765625000
8299: 860934420000000000
8300: 864975585937500000
8301: 871696100250000000
8302: 874800000000000000
8303: 875787780761718750
8304: 878906250000000000
8305: 882592301503125000
8306: 885735000000000000
8307: 889892578125000000
8308: 894069671630859375
8309: 896806687500000000
8310: 900000000000000000
8311: 901016235351562500
8312: 908016771093750000
8313: 911250000000000000
8314: 915527343750000000
8315: 919366980732421875
8316: 922640625000000000
8317: 926510094425920500
8318: 926971435546875000
8319: 934173632812500000
8320: 937500000000000000
8321: 941431788270000000
8322: 945850803222656250
8323: 949218750000000000
8324: 953199685623375000
8325: 953674316406250000
8326: 956593800000000000
8327: 961083984375000000
8328: 965595245361328125
8329: 968551222500000000
8330: 972000000000000000
8331: 973097534179687500
8332: 976562500000000000
8333: 980658112781250000
8334: 984150000000000000
8335: 988769531250000000
8336: 992916339191015625
8337: 996451875000000000
8338: 1000000000000000000
8339: 1001129150390625000
8340: 1008907523437500000
8341: 1012500000000000000
8342: 1021518867480468750
8343: 1025156250000000000
8344: 1029455660473245000
8345: 1029968261718750000
8346: 1037970703125000000
8347: 1042842864990234375
8348: 1046035320300000000
8349: 1050945336914062500
8350: 1054687500000000000
8351: 1059110761803750000
8352: 1062882000000000000
8353: 1067871093750000000
8354: 1072349646326296875
8355: 1072883605957031250
8356: 1076168025000000000
8357: 1080000000000000000
8358: 1081219482421875000
8359: 1089620125312500000
8360: 1093500000000000000
8361: 1098632812500000000
8362: 1103240376878906250
8363: 1107168750000000000
8364: 1112365722656250000
8365: 1121008359375000000
8366: 1125000000000000000
8367: 1126270294189453125
8368: 1135020963867187500
8369: 1139062500000000000
8370: 1143839622748050000
8371: 1144409179687500000
8372: 1153300781250000000
8373: 1158137618032400625
8374: 1158714294433593750
8375: 1162261467000000000
8376: 1167717041015625000
8377: 1171875000000000000
8378: 1176789735337500000
8379: 1180980000000000000
8380: 1186523437500000000
8381: 1191499607029218750
8382: 1192092895507812500
8383: 1195742250000000000
8384: 1200000000000000000
8385: 1201354980468750000
8386: 1210689028125000000
8387: 1215000000000000000
8388: 1216371917724609375
8389: 1220703125000000000
8390: 1225822640976562500
8391: 1230187500000000000
8392: 1235961914062500000
8393: 1245564843750000000
8394: 1250000000000000000
8395: 1250788627474992675
8396: 1251411437988281250
8397: 1261134404296875000
8398: 1265625000000000000
8399: 1270932914164500000
8400: 1281445312500000000
8401: 1286819575591556250
8402: 1287460327148437500
8403: 1291401630000000000
8404: 1297463378906250000
8405: 1307544150375000000
8406: 1312200000000000000
8407: 1313681671142578125
8408: 1318359375000000000
8409: 1323888452254687500
8410: 1328602500000000000
8411: 1334838867187500000
8412: 1345210031250000000
8413: 1350000000000000000
8414: 1351524353027343750
8415: 1362025156640625000
8416: 1366875000000000000
8417: 1373291015625000000
8418: 1383960937500000000
8419: 1389765141638880750
8420: 1390457153320312500
8421: 1401260449218750000
8422: 1406250000000000000
8423: 1412147682405000000
8424: 1418776204833984375
8425: 1423828125000000000
8426: 1429799528435062500
8427: 1430511474609375000
8428: 1434890700000000000
8429: 1441625976562500000
8430: 1452826833750000000
8431: 1458000000000000000
8432: 1459646301269531250
8433: 1464843750000000000
8434: 1470987169171875000
8435: 1476225000000000000
8436: 1483154296875000000
8437: 1490116119384765625
8438: 1494677812500000000
8439: 1500000000000000000
8440: 1501693725585937500
8441: 1513361285156250000
8442: 1518750000000000000
8443: 1525878906250000000
8444: 1532278301220703125
8445: 1537734375000000000
8446: 1544183490709867500
8447: 1544952392578125000
8448: 1556956054687500000
8449: 1562500000000000000
8450: 1569052980450000000
8451: 1576418005371093750
8452: 1582031250000000000
8453: 1588666142705625000
8454: 1594323000000000000
8455: 1601806640625000000
8456: 1609325408935546875
8457: 1614252037500000000
8458: 1620000000000000000
8459: 1621829223632812500
8460: 1634430187968750000
8461: 1640250000000000000
8462: 1647949218750000000
8463: 1654860565318359375
8464: 1660753125000000000
8465: 1668548583984375000
8466: 1681512539062500000
8467: 1687500000000000000
8468: 1702531445800781250
8469: 1708593750000000000
8470: 1715759434122075000
8471: 1716613769531250000
8472: 1729951171875000000
8473: 1738071441650390625
8474: 1743392200500000000
8475: 1751575561523437500
8476: 1757812500000000000
8477: 1765184603006250000
8478: 1771470000000000000
8479: 1779785156250000000
8480: 1787249410543828125
8481: 1788139343261718750
8482: 1793613375000000000
8483: 1800000000000000000
8484: 1802032470703125000
8485: 1816033542187500000
8486: 1822500000000000000
8487: 1831054687500000000
8488: 1838733961464843750
8489: 1845281250000000000
8490: 1853942871093750000
8491: 1868347265625000000
8492: 1875000000000000000
8493: 1877117156982421875
8494: 1891701606445312500
8495: 1898437500000000000
8496: 1906399371246750000
8497: 1907348632812500000
8498: 1922167968750000000
8499: 1930229363387334375
8500: 1931190490722656250
8501: 1937102445000000000
8502: 1946195068359375000
8503: 1953125000000000000
8504: 1961316225562500000
8505: 1968300000000000000
8506: 1977539062500000000
8507: 1985832678382031250
8508: 1992903750000000000
8509: 2000000000000000000
8510: 2002258300781250000
8511: 2017815046875000000
8512: 2025000000000000000
8513: 2027286529541015625
8514: 2043037734960937500
8515: 2050312500000000000
8516: 2059936523437500000
8517: 2075941406250000000
8518: 2084647712458321125
8519: 2085685729980468750
8520: 2101890673828125000
8521: 2109375000000000000
8522: 2118221523607500000
8523: 2135742187500000000
8524: 2144699292652593750
8525: 2145767211914062500
8526: 2152336050000000000
8527: 2162438964843750000
8528: 2179240250625000000
8529: 2187000000000000000
8530: 2189469451904296875
8531: 2197265625000000000
8532: 2206480753757812500
8533: 2214337500000000000
8534: 2224731445312500000
8535: 2242016718750000000
8536: 2250000000000000000
8537: 2252540588378906250
8538: 2270041927734375000
8539: 2278125000000000000
8540: 2288818359375000000
8541: 2306601562500000000
8542: 2316275236064801250
8543: 2317428588867187500
8544: 2335434082031250000
8545: 2343750000000000000
8546: 2353579470675000000
8547: 2364627008056640625
8548: 2373046875000000000
8549: 2382999214058437500
8550: 2384185791015625000
8551: 2391484500000000000
8552: 2402709960937500000
8553: 2421378056250000000
8554: 2430000000000000000
8555: 2432743835449218750
8556: 2441406250000000000
8557: 2451645281953125000
8558: 2460375000000000000
8559: 2471923828125000000
8560: 2491129687500000000
8561: 2500000000000000000
8562: 2502822875976562500
8563: 2522268808593750000
8564: 2531250000000000000
8565: 2553797168701171875
8566: 2562890625000000000
8567: 2573639151183112500
8568: 2574920654296875000
8569: 2594926757812500000
8570: 2615088300750000000
8571: 2627363342285156250
8572: 2636718750000000000
8573: 2647776904509375000
8574: 2657205000000000000
8575: 2669677734375000000
8576: 2682209014892578125
8577: 2690420062500000000
8578: 2700000000000000000
8579: 2703048706054687500
8580: 2724050313281250000
8581: 2733750000000000000
8582: 2746582031250000000
8583: 2758100942197265625
8584: 2767921875000000000
8585: 2780914306640625000
8586: 2802520898437500000
8587: 2812500000000000000
8588: 2837552409667968750
8589: 2847656250000000000
8590: 2859599056870125000
8591: 2861022949218750000
8592: 2883251953125000000
8593: 2896785736083984375
8594: 2905653667500000000
8595: 2919292602539062500
8596: 2929687500000000000
8597: 2941974338343750000
8598: 2952450000000000000
8599: 2966308593750000000
8600: 2978749017573046875
8601: 2980232238769531250
8602: 2989355625000000000
8603: 3000000000000000000
8604: 3003387451171875000
8605: 3026722570312500000
8606: 3037500000000000000
8607: 3051757812500000000
8608: 3064556602441406250
8609: 3075468750000000000
8610: 3089904785156250000
8611: 3113912109375000000
8612: 3125000000000000000
8613: 3128528594970703125
8614: 3152836010742187500
8615: 3164062500000000000
8616: 3177332285411250000
8617: 3203613281250000000
8618: 3217048938978890625
8619: 3218650817871093750
8620: 3228504075000000000
8621: 3243658447265625000
8622: 3268860375937500000
8623: 3280500000000000000
8624: 3295898437500000000
8625: 3309721130636718750
8626: 3321506250000000000
8627: 3337097167968750000
8628: 3363025078125000000
8629: 3375000000000000000
8630: 3378810882568359375
8631: 3405062891601562500
8632: 3417187500000000000
8633: 3433227539062500000
8634: 3459902343750000000
8635: 3474412854097201875
8636: 3476142883300781250
8637: 3503151123046875000
8638: 3515625000000000000
8639: 3530369206012500000
8640: 3559570312500000000
8641: 3574498821087656250
8642: 3576278686523437500
8643: 3587226750000000000
8644: 3604064941406250000
8645: 3632067084375000000
8646: 3645000000000000000
8647: 3649115753173828125
8648: 3662109375000000000
8649: 3677467922929687500
8650: 3690562500000000000
8651: 3707885742187500000
8652: 3736694531250000000
8653: 3750000000000000000
8654: 3754234313964843750
8655: 3783403212890625000
8656: 3796875000000000000
8657: 3814697265625000000
8658: 3844335937500000000
8659: 3860458726774668750
8660: 3862380981445312500
8661: 3892390136718750000
8662: 3906250000000000000
8663: 3922632451125000000
8664: 3941045013427734375
8665: 3955078125000000000
8666: 3971665356764062500
8667: 3985807500000000000
8668: 4004516601562500000
8669: 4035630093750000000
8670: 4050000000000000000
8671: 4054573059082031250
8672: 4086075469921875000
8673: 4100625000000000000
8674: 4119873046875000000
8675: 4151882812500000000
8676: 4171371459960937500
8677: 4203781347656250000
8678: 4218750000000000000
8679: 4256328614501953125
8680: 4271484375000000000
8681: 4289398585305187500
8682: 4291534423828125000
8683: 4324877929687500000
8684: 4358480501250000000
8685: 4378938903808593750
8686: 4394531250000000000
8687: 4412961507515625000
8688: 4428675000000000000
8689: 4449462890625000000
8690: 4470348358154296875
8691: 4484033437500000000
8692: 4500000000000000000
8693: 4505081176757812500
8694: 4540083855468750000
8695: 4556250000000000000
8696: 4577636718750000000
8697: 4596834903662109375
8698: 4613203125000000000
8699: 4634857177734375000
8700: 4670868164062500000
8701: 4687500000000000000
8702: 4729254016113281250
8703: 4746093750000000000
8704: 4765998428116875000
8705: 4768371582031250000
8706: 4805419921875000000
8707: 4827976226806640625
8708: 4842756112500000000
8709: 4865487670898437500
8710: 4882812500000000000
8711: 4903290563906250000
8712: 4920750000000000000
8713: 4943847656250000000
8714: 4964581695955078125
8715: 4982259375000000000
8716: 5000000000000000000
8717: 5005645751953125000
8718: 5044537617187500000
8719: 5062500000000000000
8720: 5107594337402343750
8721: 5125781250000000000
8722: 5149841308593750000
8723: 5189853515625000000
8724: 5214214324951171875
8725: 5254726684570312500
8726: 5273437500000000000
8727: 5295553809018750000
8728: 5339355468750000000
8729: 5361748231631484375
8730: 5364418029785156250
8731: 5380840125000000000
8732: 5406097412109375000
8733: 5448100626562500000
8734: 5467500000000000000
8735: 5493164062500000000
8736: 5516201884394531250
8737: 5535843750000000000
8738: 5561828613281250000
8739: 5605041796875000000
8740: 5625000000000000000
8741: 5631351470947265625
8742: 5675104819335937500
8743: 5695312500000000000
8744: 5722045898437500000
8745: 5766503906250000000
8746: 5790688090162003125
8747: 5793571472167968750
8748: 5838585205078125000
8749: 5859375000000000000
8750: 5883948676687500000
8751: 5932617187500000000
8752: 5957498035146093750
8753: 5960464477539062500
8754: 5978711250000000000
8755: 6006774902343750000
8756: 6053445140625000000
8757: 6075000000000000000
8758: 6081859588623046875
8759: 6103515625000000000
8760: 6129113204882812500
8761: 6150937500000000000
8762: 6179809570312500000
8763: 6227824218750000000
8764: 6250000000000000000
8765: 6257057189941406250
8766: 6305672021484375000
8767: 6328125000000000000
8768: 6407226562500000000
8769: 6434097877957781250
8770: 6437301635742187500
8771: 6487316894531250000
8772: 6537720751875000000
8773: 6568408355712890625
8774: 6591796875000000000
8775: 6619442261273437500
8776: 6643012500000000000
8777: 6674194335937500000
8778: 6726050156250000000
8779: 6750000000000000000
8780: 6757621765136718750
8781: 6810125783203125000
8782: 6834375000000000000
8783: 6866455078125000000
8784: 6919804687500000000
8785: 6952285766601562500
8786: 7006302246093750000
8787: 7031250000000000000
8788: 7093881024169921875
8789: 7119140625000000000
8790: 7148997642175312500
8791: 7152557373046875000
8792: 7208129882812500000
8793: 7264134168750000000
8794: 7298231506347656250
8795: 7324218750000000000
8796: 7354935845859375000
8797: 7381125000000000000
8798: 7415771484375000000
8799: 7450580596923828125
8800: 7473389062500000000
8801: 7500000000000000000
8802: 7508468627929687500
8803: 7566806425781250000
8804: 7593750000000000000
8805: 7629394531250000000
8806: 7661391506103515625
8807: 7688671875000000000
8808: 7724761962890625000
8809: 7784780273437500000
8810: 7812500000000000000
8811: 7882090026855468750
8812: 7910156250000000000
8813: 7943330713528125000
8814: 8009033203125000000
8815: 8046627044677734375
8816: 8071260187500000000
8817: 8109146118164062500
8818: 8172150939843750000
8819: 8201250000000000000
8820: 8239746093750000000
8821: 8274302826591796875
8822: 8303765625000000000
8823: 8342742919921875000
8824: 8407562695312500000
8825: 8437500000000000000
8826: 8512657229003906250
8827: 8542968750000000000
8828: 8583068847656250000
8829: 8649755859375000000
8830: 8690357208251953125
8831: 8757877807617187500
8832: 8789062500000000000
8833: 8825923015031250000
8834: 8898925781250000000
8835: 8936247052719140625
8836: 8940696716308593750
8837: 8968066875000000000
8838: 9010162353515625000
8839: 9080167710937500000
8840: 9112500000000000000
8841: 9155273437500000000
8842: 9193669807324218750
8843: 9226406250000000000
8844: 9269714355468750000
8845: 9341736328125000000
8846: 9375000000000000000
8847: 9385585784912109375
8848: 9458508032226562500
8849: 9492187500000000000
8850: 9536743164062500000
8851: 9610839843750000000
8852: 9651146816936671875
8853: 9655952453613281250
8854: 9730975341796875000
8855: 9765625000000000000
8856: 9806581127812500000
8857: 9887695312500000000
8858: 9929163391910156250
8859: 9964518750000000000
8860: 10011291503906250000
8861: 10089075234375000000
8862: 10125000000000000000
8863: 10136432647705078125
8864: 10215188674804687500
8865: 10251562500000000000
8866: 10299682617187500000
8867: 10379707031250000000
8868: 10428428649902343750
8869: 10509453369140625000
8870: 10546875000000000000
8871: 10678710937500000000
8872: 10723496463262968750
8873: 10728836059570312500
8874: 10812194824218750000
8875: 10896201253125000000
8876: 10947347259521484375
8877: 10986328125000000000
8878: 11032403768789062500
8879: 11071687500000000000
8880: 11123657226562500000
8881: 11210083593750000000
8882: 11250000000000000000
8883: 11262702941894531250
8884: 11350209638671875000
8885: 11390625000000000000
8886: 11444091796875000000
8887: 11533007812500000000
8888: 11587142944335937500
8889: 11677170410156250000
8890: 11718750000000000000
8891: 11823135040283203125
8892: 11865234375000000000
8893: 11914996070292187500
8894: 11920928955078125000
8895: 12013549804687500000
8896: 12106890281250000000
8897: 12163719177246093750
8898: 12207031250000000000
8899: 12258226409765625000
8900: 12301875000000000000
8901: 12359619140625000000
8902: 12455648437500000000
8903: 12500000000000000000
8904: 12514114379882812500
8905: 12611344042968750000
8906: 12656250000000000000
8907: 12768985843505859375
8908: 12814453125000000000
8909: 12874603271484375000
8910: 12974633789062500000
8911: 13136816711425781250
8912: 13183593750000000000
8913: 13238884522546875000
8914: 13348388671875000000
8915: 13411045074462890625
8916: 13452100312500000000
8917: 13515243530273437500
8918: 13620251566406250000
8919: 13668750000000000000
8920: 13732910156250000000
8921: 13790504710986328125
8922: 13839609375000000000
8923: 13904571533203125000
8924: 14012604492187500000
8925: 14062500000000000000
8926: 14187762048339843750
8927: 14238281250000000000
8928: 14305114746093750000
8929: 14416259765625000000
8930: 14483928680419921875
8931: 14596463012695312500
8932: 14648437500000000000
8933: 14709871691718750000
8934: 14831542968750000000
8935: 14893745087865234375
8936: 14901161193847656250
8937: 14946778125000000000
8938: 15016937255859375000
8939: 15133612851562500000
8940: 15187500000000000000
8941: 15258789062500000000
8942: 15322783012207031250
8943: 15377343750000000000
8944: 15449523925781250000
8945: 15569560546875000000
8946: 15625000000000000000
8947: 15642642974853515625
8948: 15764180053710937500
8949: 15820312500000000000
8950: 16018066406250000000
8951: 16085244694894453125
8952: 16093254089355468750
8953: 16218292236328125000
8954: 16344301879687500000
8955: 16479492187500000000
8956: 16548605653183593750
8957: 16607531250000000000
8958: 16685485839843750000
8959: 16815125390625000000
8960: 16875000000000000000
8961: 16894054412841796875
8962: 17025314458007812500
8963: 17085937500000000000
8964: 17166137695312500000
8965: 17299511718750000000
8966: 17380714416503906250
8967: 17515755615234375000
8968: 17578125000000000000
8969: 17797851562500000000
8970: 17872494105438281250
8971: 17881393432617187500
8972: 18020324707031250000
8973: 18160335421875000000
8974: 18245578765869140625
8975: 18310546875000000000
8976: 18387339614648437500
8977: 18452812500000000000
8978: 18539428710937500000
8979: 18683472656250000000
8980: 18750000000000000000
8981: 18771171569824218750
8982: 18917016064453125000
8983: 18984375000000000000
8984: 19073486328125000000
8985: 19221679687500000000
8986: 19311904907226562500
8987: 19461950683593750000
8988: 19531250000000000000
8989: 19705225067138671875
8990: 19775390625000000000
8991: 19858326783820312500
8992: 20022583007812500000
8993: 20178150468750000000
8994: 20272865295410156250
8995: 20430377349609375000
8996: 20503125000000000000
8997: 20599365234375000000
8998: 20759414062500000000
8999: 20856857299804687500
9000: 21018906738281250000
9001: 21093750000000000000
9002: 21281643072509765625
9003: 21357421875000000000
9004: 21457672119140625000
9005: 21624389648437500000
9006: 21894694519042968750
9007: 21972656250000000000
9008: 22064807537578125000
9009: 22247314453125000000
9010: 22351741790771484375
9011: 22420167187500000000
9012: 22525405883789062500
9013: 22700419277343750000
9014: 22781250000000000000
9015: 22888183593750000000
9016: 22984174518310546875
9017: 23066015625000000000
9018: 23174285888671875000
9019: 23354340820312500000
9020: 23437500000000000000
9021: 23646270080566406250
9022: 23730468750000000000
9023: 23841857910156250000
9024: 24027099609375000000
9025: 24139881134033203125
9026: 24327438354492187500
9027: 24414062500000000000
9028: 24516452819531250000
9029: 24719238281250000000
9030: 24822908479775390625
9031: 24911296875000000000
9032: 25028228759765625000
9033: 25222688085937500000
9034: 25312500000000000000
9035: 25537971687011718750
9036: 25628906250000000000
9037: 25749206542968750000
9038: 25949267578125000000
9039: 26071071624755859375
9040: 26273633422851562500
9041: 26367187500000000000
9042: 26696777343750000000
9043: 26808741158157421875
9044: 26822090148925781250
9045: 27030487060546875000
9046: 27240503132812500000
9047: 27465820312500000000
9048: 27581009421972656250
9049: 27679218750000000000
9050: 27809143066406250000
9051: 28025208984375000000
9052: 28125000000000000000
9053: 28156757354736328125
9054: 28375524096679687500
9055: 28476562500000000000
9056: 28610229492187500000
9057: 28832519531250000000
9058: 28967857360839843750
9059: 29192926025390625000
9060: 29296875000000000000
9061: 29663085937500000000
9062: 29787490175730468750
9063: 29802322387695312500
9064: 30033874511718750000
9065: 30267225703125000000
9066: 30409297943115234375
9067: 30517578125000000000
9068: 30645566024414062500
9069: 30754687500000000000
9070: 30899047851562500000
9071: 31139121093750000000
9072: 31250000000000000000
9073: 31285285949707031250
9074: 31528360107421875000
9075: 31640625000000000000
9076: 32036132812500000000
9077: 32186508178710937500
9078: 32436584472656250000
9079: 32842041778564453125
9080: 32958984375000000000
9081: 33097211306367187500
9082: 33370971679687500000
9083: 33630250781250000000
9084: 33788108825683593750
9085: 34050628916015625000
9086: 34171875000000000000
9087: 34332275390625000000
9088: 34599023437500000000
9089: 34761428833007812500
9090: 35031511230468750000
9091: 35156250000000000000
9092: 35469405120849609375
9093: 35595703125000000000
9094: 35762786865234375000
9095: 36040649414062500000
9096: 36491157531738281250
9097: 36621093750000000000
9098: 36774679229296875000
9099: 37078857421875000000
9100: 37252902984619140625
9101: 37366945312500000000
9102: 37542343139648437500
9103: 37834032128906250000
9104: 37968750000000000000
9105: 38146972656250000000
9106: 38306957530517578125
9107: 38443359375000000000
9108: 38623809814453125000
9109: 38923901367187500000
9110: 39062500000000000000
9111: 39410450134277343750
9112: 39550781250000000000
9113: 40045166015625000000
9114: 40233135223388671875
9115: 40545730590820312500
9116: 40860754699218750000
9117: 41198730468750000000
9118: 41371514132958984375
9119: 41518828125000000000
9120: 41713714599609375000
9121: 42037813476562500000
9122: 42187500000000000000
9123: 42563286145019531250
9124: 42714843750000000000
9125: 42915344238281250000
9126: 43248779296875000000
9127: 43451786041259765625
9128: 43789389038085937500
9129: 43945312500000000000
9130: 44494628906250000000
9131: 44681235263595703125
9132: 44703483581542968750
9133: 45050811767578125000
9134: 45400838554687500000
9135: 45776367187500000000
9136: 45968349036621093750
9137: 46132031250000000000
9138: 46348571777343750000
9139: 46708681640625000000
9140: 46875000000000000000
9141: 46927928924560546875
9142: 47292540161132812500
9143: 47460937500000000000
9144: 47683715820312500000
9145: 48054199218750000000
9146: 48279762268066406250
9147: 48654876708984375000
9148: 48828125000000000000
9149: 49438476562500000000
9150: 49645816959550781250
9151: 50056457519531250000
9152: 50445376171875000000
9153: 50682163238525390625
9154: 51075943374023437500
9155: 51257812500000000000
9156: 51498413085937500000
9157: 51898535156250000000
9158: 52142143249511718750
9159: 52547266845703125000
9160: 52734375000000000000
9161: 53393554687500000000
9162: 53644180297851562500
9163: 54060974121093750000
9164: 54736736297607421875
9165: 54931640625000000000
9166: 55162018843945312500
9167: 55618286132812500000
9168: 56050417968750000000
9169: 56313514709472656250
9170: 56751048193359375000
9171: 56953125000000000000
9172: 57220458984375000000
9173: 57665039062500000000
9174: 57935714721679687500
9175: 58385852050781250000
9176: 58593750000000000000
9177: 59115675201416015625
9178: 59326171875000000000
9179: 59604644775390625000
9180: 60067749023437500000
9181: 60818595886230468750
9182: 61035156250000000000
9183: 61291132048828125000
9184: 61798095703125000000
9185: 62278242187500000000
9186: 62570571899414062500
9187: 63056720214843750000
9188: 63281250000000000000
9189: 63844929217529296875
9190: 64072265625000000000
9191: 64373016357421875000
9192: 64873168945312500000
9193: 65684083557128906250
9194: 65917968750000000000
9195: 66741943359375000000
9196: 67055225372314453125
9197: 67576217651367187500
9198: 68101257832031250000
9199: 68664550781250000000
9200: 68952523554931640625
9201: 69198046875000000000
9202: 69522857666015625000
9203: 70063022460937500000
9204: 70312500000000000000
9205: 70938810241699218750
9206: 71191406250000000000
9207: 71525573730468750000
9208: 72081298828125000000
9209: 72419643402099609375
9210: 72982315063476562500
9211: 73242187500000000000
9212: 74157714843750000000
9213: 74468725439326171875
9214: 74505805969238281250
9215: 75084686279296875000
9216: 75668064257812500000
9217: 76293945312500000000
9218: 76613915061035156250
9219: 76886718750000000000
9220: 77247619628906250000
9221: 77847802734375000000
9222: 78125000000000000000
9223: 78213214874267578125
9224: 78820900268554687500
9225: 79101562500000000000
9226: 80090332031250000000
9227: 80466270446777343750
9228: 81091461181640625000
9229: 82397460937500000000
9230: 82743028265917968750
9231: 83427429199218750000
9232: 84075626953125000000
9233: 84470272064208984375
9234: 85126572290039062500
9235: 85429687500000000000
9236: 85830688476562500000
9237: 86497558593750000000
9238: 86903572082519531250
9239: 87578778076171875000
9240: 87890625000000000000
9241: 88989257812500000000
9242: 89406967163085937500
9243: 90101623535156250000
9244: 91227893829345703125
9245: 91552734375000000000
9246: 91936698073242187500
9247: 92697143554687500000
9248: 93417363281250000000
9249: 93855857849121093750
9250: 94585080322265625000
9251: 94921875000000000000
9252: 95367431640625000000
9253: 96108398437500000000
9254: 96559524536132812500
9255: 97309753417968750000
9256: 97656250000000000000
9257: 98526125335693359375
9258: 98876953125000000000
9259: 100112915039062500000
9260: 101364326477050781250
9261: 102151886748046875000
9262: 102996826171875000000
9263: 103797070312500000000
9264: 104284286499023437500
9265: 105094533691406250000
9266: 105468750000000000000
9267: 106408215362548828125
9268: 106787109375000000000
9269: 107288360595703125000
9270: 108121948242187500000
9271: 109473472595214843750
9272: 109863281250000000000
9273: 111236572265625000000
9274: 111758708953857421875
9275: 112627029418945312500
9276: 113502096386718750000
9277: 114440917968750000000
9278: 114920872591552734375
9279: 115330078125000000000
9280: 115871429443359375000
9281: 116771704101562500000
9282: 117187500000000000000
9283: 118231350402832031250
9284: 118652343750000000000
9285: 119209289550781250000
9286: 120135498046875000000
9287: 120699405670166015625
9288: 121637191772460937500
9289: 122070312500000000000
9290: 123596191406250000000
9291: 124114542398876953125
9292: 125141143798828125000
9293: 126113440429687500000
9294: 127689858435058593750
9295: 128144531250000000000
9296: 128746032714843750000
9297: 129746337890625000000
9298: 130355358123779296875
9299: 131368167114257812500
9300: 131835937500000000000
9301: 133483886718750000000
9302: 134110450744628906250
9303: 135152435302734375000
9304: 137329101562500000000
9305: 137905047109863281250
9306: 139045715332031250000
9307: 140126044921875000000
9308: 140783786773681640625
9309: 141877620483398437500
9310: 142382812500000000000
9311: 143051147460937500000
9312: 144162597656250000000
9313: 144839286804199218750
9314: 145964630126953125000
9315: 146484375000000000000
9316: 148315429687500000000
9317: 149011611938476562500
9318: 150169372558593750000
9319: 152046489715576171875
9320: 152587890625000000000
9321: 153227830122070312500
9322: 154495239257812500000
9323: 155695605468750000000
9324: 156426429748535156250
9325: 157641800537109375000
9326: 158203125000000000000
9327: 160180664062500000000
9328: 160932540893554687500
9329: 162182922363281250000
9330: 164210208892822265625
9331: 164794921875000000000
9332: 166854858398437500000
9333: 168940544128417968750
9334: 170253144580078125000
9335: 171661376953125000000
9336: 172995117187500000000
9337: 173807144165039062500
9338: 175157556152343750000
9339: 175781250000000000000
9340: 177347025604248046875
9341: 177978515625000000000
9342: 178813934326171875000
9343: 180203247070312500000
9344: 182455787658691406250
9345: 183105468750000000000
9346: 185394287109375000000
9347: 186264514923095703125
9348: 187711715698242187500
9349: 189170160644531250000
9350: 190734863281250000000
9351: 191534787652587890625
9352: 192216796875000000000
9353: 193119049072265625000
9354: 194619506835937500000
9355: 195312500000000000000
9356: 197052250671386718750
9357: 197753906250000000000
9358: 200225830078125000000
9359: 201165676116943359375
9360: 202728652954101562500
9361: 205993652343750000000
9362: 206857570664794921875
9363: 208568572998046875000
9364: 210189067382812500000
9365: 212816430725097656250
9366: 213574218750000000000
9367: 214576721191406250000
9368: 216243896484375000000
9369: 217258930206298828125
9370: 218946945190429687500
9371: 219726562500000000000
9372: 222473144531250000000
9373: 223517417907714843750
9374: 225254058837890625000
9375: 228881835937500000000
9376: 229841745183105468750
9377: 231742858886718750000
9378: 233543408203125000000
9379: 234639644622802734375
9380: 236462700805664062500
9381: 237304687500000000000
9382: 238418579101562500000
9383: 240270996093750000000
9384: 241398811340332031250
9385: 243274383544921875000
9386: 244140625000000000000
9387: 247192382812500000000
9388: 250282287597656250000
9389: 253410816192626953125
9390: 255379716870117187500
9391: 257492065429687500000
9392: 259492675781250000000
9393: 260710716247558593750
9394: 262736334228515625000
9395: 263671875000000000000
9396: 266967773437500000000
9397: 268220901489257812500
9398: 270304870605468750000
9399: 273683681488037109375
9400: 274658203125000000000
9401: 278091430664062500000
9402: 281567573547363281250
9403: 283755240966796875000
9404: 286102294921875000000
9405: 288325195312500000000
9406: 289678573608398437500
9407: 291929260253906250000
9408: 292968750000000000000
9409: 295578376007080078125
9410: 296630859375000000000
9411: 298023223876953125000
9412: 300338745117187500000
9413: 304092979431152343750
9414: 305175781250000000000
9415: 308990478515625000000
9416: 312852859497070312500
9417: 315283601074218750000
9418: 319224646087646484375
9419: 320361328125000000000
9420: 321865081787109375000
9421: 324365844726562500000
9422: 328420417785644531250
9423: 329589843750000000000
9424: 333709716796875000000
9425: 335276126861572265625
9426: 337881088256835937500
9427: 343322753906250000000
9428: 344762617774658203125
9429: 347614288330078125000
9430: 350315112304687500000
9431: 354694051208496093750
9432: 355957031250000000000
9433: 357627868652343750000
9434: 360406494140625000000
9435: 362098217010498046875
9436: 364911575317382812500
9437: 366210937500000000000
9438: 370788574218750000000
9439: 372529029846191406250
9440: 375423431396484375000
9441: 381469726562500000000
9442: 383069575305175781250
9443: 386238098144531250000
9444: 389239013671875000000
9445: 391066074371337890625
9446: 394104501342773437500
9447: 395507812500000000000
9448: 400451660156250000000
9449: 402331352233886718750
9450: 405457305908203125000
9451: 411987304687500000000
9452: 417137145996093750000
9453: 422351360321044921875
9454: 425632861450195312500
9455: 429153442382812500000
9456: 432487792968750000000
9457: 434517860412597656250
9458: 437893890380859375000
9459: 439453125000000000000
9460: 444946289062500000000
9461: 447034835815429687500
9462: 450508117675781250000
9463: 456139469146728515625
9464: 457763671875000000000
9465: 463485717773437500000
9466: 469279289245605468750
9467: 472925401611328125000
9468: 476837158203125000000
9469: 480541992187500000000
9470: 482797622680664062500
9471: 486548767089843750000
9472: 488281250000000000000
9473: 492630626678466796875
9474: 494384765625000000000
9475: 500564575195312500000
9476: 506821632385253906250
9477: 514984130859375000000
9478: 521421432495117187500
9479: 525472668457031250000
9480: 532041076812744140625
9481: 533935546875000000000
9482: 536441802978515625000
9483: 540609741210937500000
9484: 547367362976074218750
9485: 549316406250000000000
9486: 556182861328125000000
9487: 558793544769287109375
9488: 563135147094726562500
9489: 572204589843750000000
9490: 574604362957763671875
9491: 579357147216796875000
9492: 583858520507812500000
9493: 591156752014160156250
9494: 593261718750000000000
9495: 596046447753906250000
9496: 600677490234375000000
9497: 603497028350830078125
9498: 608185958862304687500
9499: 610351562500000000000
9500: 617980957031250000000
9501: 625705718994140625000
9502: 638449292175292968750
9503: 643730163574218750000
9504: 648731689453125000000
9505: 651776790618896484375
9506: 656840835571289062500
9507: 659179687500000000000
9508: 667419433593750000000
9509: 670552253723144531250
9510: 675762176513671875000
9511: 686645507812500000000
9512: 695228576660156250000
9513: 703918933868408203125
9514: 709388102416992187500
9515: 715255737304687500000
9516: 720812988281250000000
9517: 724196434020996093750
9518: 729823150634765625000
9519: 732421875000000000000
9520: 741577148437500000000
9521: 745058059692382812500
9522: 750846862792968750000
9523: 760232448577880859375
9524: 762939453125000000000
9525: 772476196289062500000
9526: 782132148742675781250
9527: 788209002685546875000
9528: 800903320312500000000
9529: 804662704467773437500
9530: 810914611816406250000
9531: 821051044464111328125
9532: 823974609375000000000
9533: 834274291992187500000
9534: 844702720642089843750
9535: 858306884765625000000
9536: 869035720825195312500
9537: 875787780761718750000
9538: 886735128021240234375
9539: 889892578125000000000
9540: 894069671630859375000
9541: 901016235351562500000
9542: 912278938293457031250
9543: 915527343750000000000
9544: 926971435546875000000
9545: 931322574615478515625
9546: 938558578491210937500
9547: 953674316406250000000
9548: 957673938262939453125
9549: 965595245361328125000
9550: 973097534179687500000
9551: 985261253356933593750
9552: 988769531250000000000
9553: 1001129150390625000000
9554: 1005828380584716796875
9555: 1013643264770507812500
9556: 1029968261718750000000
9557: 1042842864990234375000
9558: 1064082153625488281250
9559: 1072883605957031250000
9560: 1081219482421875000000
9561: 1086294651031494140625
9562: 1094734725952148437500
9563: 1098632812500000000000
9564: 1112365722656250000000
9565: 1117587089538574218750
9566: 1126270294189453125000
9567: 1144409179687500000000
9568: 1158714294433593750000
9569: 1173198223114013671875
9570: 1182313504028320312500
9571: 1192092895507812500000
9572: 1201354980468750000000
9573: 1206994056701660156250
9574: 1216371917724609375000
9575: 1220703125000000000000
9576: 1235961914062500000000
9577: 1251411437988281250000
9578: 1267054080963134765625
9579: 1287460327148437500000
9580: 1303553581237792968750
9581: 1313681671142578125000
9582: 1334838867187500000000
9583: 1341104507446289062500
9584: 1351524353027343750000
9585: 1368418407440185546875
9586: 1373291015625000000000
9587: 1390457153320312500000
9588: 1407837867736816406250
9589: 1430511474609375000000
9590: 1448392868041992187500
9591: 1459646301269531250000
9592: 1477891880035400390625
9593: 1483154296875000000000
9594: 1490116119384765625000
9595: 1501693725585937500000
9596: 1520464897155761718750
9597: 1525878906250000000000
9598: 1544952392578125000000
9599: 1564264297485351562500
9600: 1596123230438232421875
9601: 1609325408935546875000
9602: 1621829223632812500000
9603: 1642102088928222656250
9604: 1647949218750000000000
9605: 1668548583984375000000
9606: 1676380634307861328125
9607: 1689405441284179687500
9608: 1716613769531250000000
9609: 1738071441650390625000
9610: 1773470256042480468750
9611: 1788139343261718750000
9612: 1802032470703125000000
9613: 1810491085052490234375
9614: 1824557876586914062500
9615: 1831054687500000000000
9616: 1853942871093750000000
9617: 1862645149230957031250
9618: 1877117156982421875000
9619: 1907348632812500000000
9620: 1931190490722656250000
9621: 1955330371856689453125
9622: 1970522506713867187500
9623: 2002258300781250000000
9624: 2011656761169433593750
9625: 2027286529541015625000
9626: 2059936523437500000000
9627: 2085685729980468750000
9628: 2111756801605224609375
9629: 2145767211914062500000
9630: 2172589302062988281250
9631: 2189469451904296875000
9632: 2224731445312500000000
9633: 2235174179077148437500
9634: 2252540588378906250000
9635: 2280697345733642578125
9636: 2288818359375000000000
9637: 2317428588867187500000
9638: 2346396446228027343750
9639: 2384185791015625000000
9640: 2413988113403320312500
9641: 2432743835449218750000
9642: 2463153133392333984375
9643: 2471923828125000000000
9644: 2502822875976562500000
9645: 2534108161926269531250
9646: 2574920654296875000000
9647: 2607107162475585937500
9648: 2660205384063720703125
9649: 2682209014892578125000
9650: 2703048706054687500000
9651: 2736836814880371093750
9652: 2746582031250000000000
9653: 2780914306640625000000
9654: 2793967723846435546875
9655: 2815675735473632812500
9656: 2861022949218750000000
9657: 2896785736083984375000
9658: 2955783760070800781250
9659: 2980232238769531250000
9660: 3003387451171875000000
9661: 3017485141754150390625
9662: 3040929794311523437500
9663: 3051757812500000000000
9664: 3089904785156250000000
9665: 3128528594970703125000
9666: 3218650817871093750000
9667: 3258883953094482421875
9668: 3284204177856445312500
9669: 3337097167968750000000
9670: 3352761268615722656250
9671: 3378810882568359375000
9672: 3433227539062500000000
9673: 3476142883300781250000
9674: 3519594669342041015625
9675: 3576278686523437500000
9676: 3620982170104980468750
9677: 3649115753173828125000
9678: 3707885742187500000000
9679: 3725290298461914062500
9680: 3754234313964843750000
9681: 3801162242889404296875
9682: 3814697265625000000000
9683: 3862380981445312500000
9684: 3910660743713378906250
9685: 4023313522338867187500
9686: 4054573059082031250000
9687: 4105255222320556640625
9688: 4119873046875000000000
9689: 4171371459960937500000
9690: 4223513603210449218750
9691: 4291534423828125000000
9692: 4345178604125976562500
9693: 4433675640106201171875
9694: 4470348358154296875000
9695: 4505081176757812500000
9696: 4561394691467285156250
9697: 4577636718750000000000
9698: 4634857177734375000000
9699: 4656612873077392578125
9700: 4692792892456054687500
9701: 4768371582031250000000
9702: 4827976226806640625000
9703: 4926306266784667968750
9704: 5005645751953125000000
9705: 5029141902923583984375
9706: 5068216323852539062500
9707: 5149841308593750000000
9708: 5214214324951171875000
9709: 5364418029785156250000
9710: 5431473255157470703125
9711: 5473673629760742187500
9712: 5561828613281250000000
9713: 5587935447692871093750
9714: 5631351470947265625000
9715: 5722045898437500000000
9716: 5793571472167968750000
9717: 5865991115570068359375
9718: 5960464477539062500000
9719: 6034970283508300781250
9720: 6081859588623046875000
9721: 6179809570312500000000
9722: 6257057189941406250000
9723: 6335270404815673828125
9724: 6437301635742187500000
9725: 6517767906188964843750
9726: 6705522537231445312500
9727: 6757621765136718750000
9728: 6842092037200927734375
9729: 6866455078125000000000
9730: 6952285766601562500000
9731: 7039189338684082031250
9732: 7152557373046875000000
9733: 7241964340209960937500
9734: 7389459400177001953125
9735: 7450580596923828125000
9736: 7508468627929687500000
9737: 7602324485778808593750
9738: 7629394531250000000000
9739: 7724761962890625000000
9740: 7821321487426757812500
9741: 8046627044677734375000
9742: 8210510444641113281250
9743: 8342742919921875000000
9744: 8381903171539306640625
9745: 8447027206420898437500
9746: 8583068847656250000000
9747: 8690357208251953125000
9748: 8940696716308593750000
9749: 9052455425262451171875
9750: 9122789382934570312500
9751: 9269714355468750000000
9752: 9313225746154785156250
9753: 9385585784912109375000
9754: 9536743164062500000000
9755: 9655952453613281250000
9756: 9776651859283447265625
9757: 10058283805847167968750
9758: 10136432647705078125000
9759: 10299682617187500000000
9760: 10428428649902343750000
9761: 10558784008026123046875
9762: 10728836059570312500000
9763: 10862946510314941406250
9764: 11175870895385742187500
9765: 11262702941894531250000
9766: 11403486728668212890625
9767: 11444091796875000000000
9768: 11587142944335937500000
9769: 11731982231140136718750
9770: 11920928955078125000000
9771: 12069940567016601562500
9772: 12315765666961669921875
9773: 12514114379882812500000
9774: 12670540809631347656250
9775: 12874603271484375000000
9776: 13035535812377929687500
9777: 13411045074462890625000
9778: 13684184074401855468750
9779: 13904571533203125000000
9780: 13969838619232177734375
9781: 14078378677368164062500
9782: 14305114746093750000000
9783: 14483928680419921875000
9784: 14901161193847656250000
9785: 15087425708770751953125
9786: 15204648971557617187500
9787: 15449523925781250000000
9788: 15642642974853515625000
9789: 16093254089355468750000
9790: 16294419765472412109375
9791: 16763806343078613281250
9792: 16894054412841796875000
9793: 17166137695312500000000
9794: 17380714416503906250000
9795: 17597973346710205078125
9796: 17881393432617187500000
9797: 18104910850524902343750
9798: 18626451492309570312500
9799: 18771171569824218750000
9800: 19005811214447021484375
9801: 19073486328125000000000
9802: 19311904907226562500000
9803: 19553303718566894531250
9804: 20116567611694335937500
9805: 20526276111602783203125
9806: 20856857299804687500000
9807: 21117568016052246093750
9808: 21457672119140625000000
9809: 21725893020629882812500
9810: 22351741790771484375000
9811: 22806973457336425781250
9812: 23174285888671875000000
9813: 23283064365386962890625
9814: 23463964462280273437500
9815: 23841857910156250000000
9816: 24139881134033203125000
9817: 25145709514617919921875
9818: 25341081619262695312500
9819: 25749206542968750000000
9820: 26071071624755859375000
9821: 26822090148925781250000
9822: 27157366275787353515625
9823: 27939677238464355468750
9824: 28156757354736328125000
9825: 28610229492187500000000
9826: 28967857360839843750000
9827: 29329955577850341796875
9828: 29802322387695312500000
9829: 30174851417541503906250
9830: 31285285949707031250000
9831: 31676352024078369140625
9832: 32186508178710937500000
9833: 32588839530944824218750
9834: 33527612686157226562500
9835: 34210460186004638671875
9836: 34761428833007812500000
9837: 35195946693420410156250
9838: 35762786865234375000000
9839: 36209821701049804687500
9840: 37252902984619140625000
9841: 38011622428894042968750
9842: 38623809814453125000000
9843: 39106607437133789062500
9844: 40233135223388671875000
9845: 41909515857696533203125
9846: 42235136032104492187500
9847: 42915344238281250000000
9848: 43451786041259765625000
9849: 44703483581542968750000
9850: 45262277126312255859375
9851: 46566128730773925781250
9852: 46927928924560546875000
9853: 47683715820312500000000
9854: 48279762268066406250000
9855: 48883259296417236328125
9856: 50291419029235839843750
9857: 52142143249511718750000
9858: 52793920040130615234375
9859: 53644180297851562500000
9860: 54314732551574707031250
9861: 55879354476928710937500
9862: 57017433643341064453125
9863: 57935714721679687500000
9864: 58659911155700683593750
9865: 59604644775390625000000
9866: 60349702835083007812500
9867: 63352704048156738281250
9868: 64373016357421875000000
9869: 65177679061889648437500
9870: 67055225372314453125000
9871: 69849193096160888671875
9872: 70391893386840820312500
9873: 71525573730468750000000
9874: 72419643402099609375000
9875: 74505805969238281250000
9876: 75437128543853759765625
9877: 78213214874267578125000
9878: 80466270446777343750000
9879: 81472098827362060546875
9880: 83819031715393066406250
9881: 86903572082519531250000
9882: 87989866733551025390625
9883: 89406967163085937500000
9884: 90524554252624511718750
9885: 93132257461547851562500
9886: 95029056072235107421875
9887: 96559524536132812500000
9888: 97766518592834472656250
9889: 100582838058471679687500
9890: 105587840080261230468750
9891: 107288360595703125000000
9892: 108629465103149414062500
9893: 111758708953857421875000
9894: 116415321826934814453125
9895: 117319822311401367187500
9896: 119209289550781250000000
9897: 120699405670166015625000
9898: 125728547573089599609375
9899: 130355358123779296875000
9900: 134110450744628906250000
9901: 135786831378936767578125
9902: 139698386192321777343750
9903: 144839286804199218750000
9904: 146649777889251708984375
9905: 149011611938476562500000
9906: 150874257087707519531250
9907: 158381760120391845703125
9908: 160932540893554687500000
9909: 162944197654724121093750
9910: 167638063430786132812500
9911: 175979733467102050781250
9912: 178813934326171875000000
9913: 181049108505249023437500
9914: 186264514923095703125000
9915: 195533037185668945312500
9916: 201165676116943359375000
9917: 209547579288482666015625
9918: 217258930206298828125000
9919: 223517417907714843750000
9920: 226311385631561279296875
9921: 232830643653869628906250
9922: 241398811340332031250000
9923: 244416296482086181640625
9924: 251457095146179199218750
9925: 263969600200653076171875
9926: 268220901489257812500000
9927: 271573662757873535156250
9928: 279396772384643554687500
9929: 293299555778503417968750
9930: 298023223876953125000000
9931: 301748514175415039062500
9932: 325888395309448242187500
9933: 335276126861572265625000
9934: 349245965480804443359375
9935: 362098217010498046875000
9936: 372529029846191406250000
9937: 377185642719268798828125
9938: 402331352233886718750000
9939: 407360494136810302734375
9940: 419095158576965332031250
9941: 439949333667755126953125
9942: 447034835815429687500000
9943: 452622771263122558593750
9944: 465661287307739257812500
9945: 488832592964172363281250
9946: 502914190292358398437500
9947: 543147325515747070312500
9948: 558793544769287109375000
9949: 582076609134674072265625
9950: 603497028350830078125000
9951: 628642737865447998046875
9952: 670552253723144531250000
9953: 678934156894683837890625
9954: 698491930961608886718750
9955: 733248889446258544921875
9956: 745058059692382812500000
9957: 754371285438537597656250
9958: 814720988273620605468750
9959: 838190317153930664062500
9960: 905245542526245117187500
9961: 931322574615478515625000
9962: 1005828380584716796875000
9963: 1047737896442413330078125
9964: 1117587089538574218750000
9965: 1131556928157806396484375
9966: 1164153218269348144531250
9967: 1222081482410430908203125
9968: 1257285475730895996093750
9969: 1357868313789367675781250
9970: 1396983861923217773437500
9971: 1508742570877075195312500
9972: 1676380634307861328125000
9973: 1746229827404022216796875
9974: 1862645149230957031250000
9975: 1885928213596343994140625
9976: 2036802470684051513671875
9977: 2095475792884826660156250
9978: 2263113856315612792968750
9979: 2328306436538696289062500
9980: 2514570951461791992187500
9981: 2793967723846435546875000
9982: 2910383045673370361328125
9983: 3143213689327239990234375
9984: 3394670784473419189453125
9985: 3492459654808044433593750
9986: 3771856427192687988281250
9987: 4190951585769653320312500
9988: 4656612873077392578125000
9989: 5238689482212066650390625
9990: 5657784640789031982421875
9991: 5820766091346740722656250
9992: 6286427378654479980468750
9993: 6984919309616088867187500
9994: 8731149137020111083984375
9995: 9429641067981719970703125
9996: 10477378964424133300781250
9997: 11641532182693481445312500
9998: 14551915228366851806640625
9999: 15716068446636199951171875
10000: 17462298274040222167968750
...
10000: 17462298274040222167968750
----------------------------------------------------------------
]]></system-out>
  <system-err><![CDATA[]]></system-err>
</testsuite>
